2025-08-28 16:26:37.963 [info] [main] Log level: Info
2025-08-28 16:26:37.963 [info] [main] Validating found git in: "git"
2025-08-28 16:26:38.013 [info] [main] Using git "2.43.0" from "git"
2025-08-28 16:26:38.014 [info] [Model][doInitialScan] Initial repository scan started
2025-08-28 16:26:41.433 [info] > git rev-parse --show-toplevel [3407ms]
2025-08-28 16:26:41.528 [info] > git rev-parse --git-dir --git-common-dir [7ms]
2025-08-28 16:26:41.543 [info] [Model][openRepository] Opened repository (path): /home/tolubada1
2025-08-28 16:26:41.543 [info] [Model][openRepository] Opened repository (real path): /home/tolubada1
2025-08-28 16:26:44.259 [info] > git config --get commit.template [2699ms]
2025-08-28 16:26:44.792 [info] > git rev-parse --show-toplevel [305ms]
2025-08-28 16:26:44.831 [info] > git for-each-ref --format=%(refname)%00%(upstream:short)%00%(objectname)%00%(upstream:track)%00%(upstream:remotename)%00%(upstream:remoteref) refs/heads/main refs/remotes/main [356ms]
2025-08-28 16:26:44.840 [info] > git check-ignore -v -z --stdin [40ms]
2025-08-28 16:26:44.841 [info] > git rev-parse --show-toplevel [30ms]
2025-08-28 16:26:44.925 [info] > git rev-parse --show-toplevel [56ms]
2025-08-28 16:26:44.930 [info] > git for-each-ref --sort -committerdate --format %(refname)%00%(objectname)%00%(*objectname) [32ms]
2025-08-28 16:26:44.950 [info] > git rev-parse --show-toplevel [7ms]
2025-08-28 16:26:44.968 [info] > git rev-parse --show-toplevel [5ms]
2025-08-28 16:26:44.981 [info] > git rev-parse --show-toplevel [2ms]
2025-08-28 16:26:45.004 [info] > git rev-parse --show-toplevel [8ms]
2025-08-28 16:26:45.019 [info] > git rev-parse --show-toplevel [5ms]
2025-08-28 16:26:45.021 [info] [Model][doInitialScan] Initial repository scan completed - repositories (1), closed repositories (0), parent repositories (0), unsafe repositories (0)
2025-08-28 16:26:45.121 [info] > git show --textconv :index.js [87ms]
2025-08-28 16:26:45.123 [info] > git ls-files --stage -- index.js [67ms]
2025-08-28 16:26:45.143 [info] > git cat-file -s 030aa2265b2e74b06a1a7de65dbc7be061b3301c [11ms]
2025-08-28 16:26:45.249 [info] > git status -z -uall [360ms]
2025-08-28 16:26:46.802 [info] > git for-each-ref --format=%(refname)%00%(upstream:short)%00%(objectname)%00%(upstream:track)%00%(upstream:remotename)%00%(upstream:remoteref) refs/heads/main refs/remotes/main [1394ms]
2025-08-28 16:26:46.837 [info] > git config --get --local branch.main.vscode-merge-base [28ms]
2025-08-28 16:26:46.838 [warning] [Git][config] git config failed: Failed to execute git
2025-08-28 16:26:46.849 [info] > git config --get commit.template [101ms]
2025-08-28 16:26:46.872 [info] > git reflog main --grep-reflog=branch: Created from *. [24ms]
2025-08-28 16:26:46.886 [info] > git blame --root --incremental 9b96c38749095e30a632976cf64150cc0eafec5a -- index.js [15ms]
2025-08-28 16:26:46.891 [info] > git for-each-ref --format=%(refname)%00%(upstream:short)%00%(objectname)%00%(upstream:track)%00%(upstream:remotename)%00%(upstream:remoteref) refs/heads/main refs/remotes/main [33ms]
2025-08-28 16:26:46.893 [info] > git symbolic-ref --short refs/remotes/origin/HEAD [13ms]
2025-08-28 16:26:46.893 [info] fatal: ref refs/remotes/origin/HEAD is not a symbolic ref
2025-08-28 16:26:46.893 [warning] [Repository][getDefaultBranch] Failed to get default branch details: Failed to execute git.
2025-08-28 16:26:46.920 [info] > git merge-base refs/heads/main refs/remotes/origin/main [19ms]
2025-08-28 16:26:46.929 [info] > git for-each-ref --sort -committerdate --format %(refname)%00%(objectname)%00%(*objectname) [10ms]
2025-08-28 16:26:46.932 [info] > git diff --name-status -z --diff-filter=ADMR 9b96c38749095e30a632976cf64150cc0eafec5a...refs/remotes/origin/main [4ms]
2025-08-28 16:26:47.006 [info] > git status -z -uall [96ms]
2025-08-28 16:26:49.721 [info] > git config --get commit.template [23ms]
2025-08-28 16:26:49.752 [info] > git for-each-ref --format=%(refname)%00%(upstream:short)%00%(objectname)%00%(upstream:track)%00%(upstream:remotename)%00%(upstream:remoteref) refs/heads/main refs/remotes/main [14ms]
2025-08-28 16:26:49.800 [info] > git for-each-ref --sort -committerdate --format %(refname)%00%(objectname)%00%(*objectname) [9ms]
2025-08-28 16:26:49.872 [info] > git status -z -uall [90ms]
2025-08-28 16:35:19.094 [info] > git config --get commit.template [2ms]
2025-08-28 16:35:19.103 [info] > git for-each-ref --format=%(refname)%00%(upstream:short)%00%(objectname)%00%(upstream:track)%00%(upstream:remotename)%00%(upstream:remoteref) refs/heads/main refs/remotes/main [2ms]
2025-08-28 16:35:19.125 [info] > git for-each-ref --sort -committerdate --format %(refname)%00%(objectname)%00%(*objectname) [3ms]
2025-08-28 16:35:19.195 [info] > git status -z -uall [84ms]
2025-08-28 16:35:22.489 [info] > git check-ignore -v -z --stdin [2ms]
2025-08-28 16:35:24.099 [info] > git log --format=%H%n%aN%n%aE%n%at%n%ct%n%P%n%D%n%B -z --shortstat --diff-merges=first-parent -n50 --skip=0 --topo-order --decorate=full --stdin [2143ms]
2025-08-28 16:35:24.357 [info] > git config --get commit.template [8ms]
2025-08-28 16:35:24.358 [info] > git for-each-ref --format=%(refname)%00%(upstream:short)%00%(objectname)%00%(upstream:track)%00%(upstream:remotename)%00%(upstream:remoteref) refs/heads/main refs/remotes/main [2ms]
2025-08-28 16:35:24.374 [info] > git for-each-ref --sort -committerdate --format %(refname)%00%(objectname)%00%(*objectname) [2ms]
2025-08-28 16:35:24.432 [info] > git status -z -uall [67ms]
2025-08-28 16:44:51.728 [info] > git config --get commit.template [8ms]
2025-08-28 16:44:51.728 [info] > git for-each-ref --format=%(refname)%00%(upstream:short)%00%(objectname)%00%(upstream:track)%00%(upstream:remotename)%00%(upstream:remoteref) refs/heads/main refs/remotes/main [2ms]
2025-08-28 16:44:51.746 [info] > git for-each-ref --sort -committerdate --format %(refname)%00%(objectname)%00%(*objectname) [3ms]
2025-08-28 16:44:51.808 [info] > git status -z -uall [73ms]
2025-08-28 16:45:33.108 [info] > git config --get commit.template [8ms]
2025-08-28 16:45:33.108 [info] > git for-each-ref --format=%(refname)%00%(upstream:short)%00%(objectname)%00%(upstream:track)%00%(upstream:remotename)%00%(upstream:remoteref) refs/heads/main refs/remotes/main [2ms]
2025-08-28 16:45:33.128 [info] > git for-each-ref --sort -committerdate --format %(refname)%00%(objectname)%00%(*objectname) [2ms]
2025-08-28 16:45:33.193 [info] > git status -z -uall [76ms]
2025-08-28 16:45:49.884 [info] > git config --get commit.template [8ms]
2025-08-28 16:45:49.885 [info] > git for-each-ref --format=%(refname)%00%(upstream:short)%00%(objectname)%00%(upstream:track)%00%(upstream:remotename)%00%(upstream:remoteref) refs/heads/main refs/remotes/main [2ms]
2025-08-28 16:45:49.903 [info] > git for-each-ref --sort -committerdate --format %(refname)%00%(objectname)%00%(*objectname) [2ms]
2025-08-28 16:45:49.969 [info] > git status -z -uall [76ms]
2025-08-28 16:46:33.694 [info] > git config --get commit.template [9ms]
2025-08-28 16:46:33.695 [info] > git for-each-ref --format=%(refname)%00%(upstream:short)%00%(objectname)%00%(upstream:track)%00%(upstream:remotename)%00%(upstream:remoteref) refs/heads/main refs/remotes/main [2ms]
2025-08-28 16:46:33.712 [info] > git for-each-ref --sort -committerdate --format %(refname)%00%(objectname)%00%(*objectname) [2ms]
2025-08-28 16:46:33.774 [info] > git status -z -uall [72ms]
2025-08-28 16:46:38.912 [info] > git config --get commit.template [7ms]
2025-08-28 16:46:38.913 [info] > git for-each-ref --format=%(refname)%00%(upstream:short)%00%(objectname)%00%(upstream:track)%00%(upstream:remotename)%00%(upstream:remoteref) refs/heads/main refs/remotes/main [2ms]
2025-08-28 16:46:38.928 [info] > git for-each-ref --sort -committerdate --format %(refname)%00%(objectname)%00%(*objectname) [2ms]
2025-08-28 16:46:38.985 [info] > git status -z -uall [65ms]
2025-08-28 16:47:28.139 [info] > git config --get commit.template [8ms]
2025-08-28 16:47:28.140 [info] > git for-each-ref --format=%(refname)%00%(upstream:short)%00%(objectname)%00%(upstream:track)%00%(upstream:remotename)%00%(upstream:remoteref) refs/heads/main refs/remotes/main [2ms]
2025-08-28 16:47:28.160 [info] > git for-each-ref --sort -committerdate --format %(refname)%00%(objectname)%00%(*objectname) [3ms]
2025-08-28 16:47:28.223 [info] > git status -z -uall [75ms]
2025-08-28 16:47:33.352 [info] > git config --get commit.template [8ms]
2025-08-28 16:47:33.353 [info] > git for-each-ref --format=%(refname)%00%(upstream:short)%00%(objectname)%00%(upstream:track)%00%(upstream:remotename)%00%(upstream:remoteref) refs/heads/main refs/remotes/main [2ms]
2025-08-28 16:47:33.370 [info] > git for-each-ref --sort -committerdate --format %(refname)%00%(objectname)%00%(*objectname) [3ms]
2025-08-28 16:47:33.431 [info] > git status -z -uall [71ms]
2025-08-28 16:48:56.163 [info] > git config --get commit.template [8ms]
2025-08-28 16:48:56.164 [info] > git for-each-ref --format=%(refname)%00%(upstream:short)%00%(objectname)%00%(upstream:track)%00%(upstream:remotename)%00%(upstream:remoteref) refs/heads/main refs/remotes/main [2ms]
2025-08-28 16:48:56.180 [info] > git for-each-ref --sort -committerdate --format %(refname)%00%(objectname)%00%(*objectname) [2ms]
2025-08-28 16:48:56.246 [info] > git status -z -uall [75ms]
2025-08-28 17:03:09.559 [warning] [Git][getHEAD] Failed to parse HEAD file: ENOENT: no such file or directory, open '/home/tolubada1/.git/HEAD'
2025-08-28 17:03:09.566 [warning] [Git][getRemotes] Error: ENOENT: no such file or directory, open '/home/tolubada1/.git/config'
2025-08-28 17:03:09.574 [info] > git remote --verbose [9ms]
2025-08-28 17:03:09.574 [info] fatal: not a git repository (or any parent up to mount point /)
Stopping at filesystem boundary (GIT_DISCOVERY_ACROSS_FILESYSTEM not set).
2025-08-28 17:03:09.577 [info] > git symbolic-ref --short HEAD [18ms]
2025-08-28 17:03:09.577 [info] fatal: not a git repository (or any parent up to mount point /)
Stopping at filesystem boundary (GIT_DISCOVERY_ACROSS_FILESYSTEM not set).
2025-08-28 17:03:09.591 [warning] [Git][getHEAD] Failed to parse HEAD file: ENOENT: no such file or directory, open '/home/tolubada1/.git/HEAD'
2025-08-28 17:03:09.599 [warning] [Git][getRemotes] Error: ENOENT: no such file or directory, open '/home/tolubada1/.git/config'
2025-08-28 17:03:09.608 [warning] [GitFileSystemProvider][stat] Repository not found - git:/home/tolubada1/index.js.git?%7B%22path%22%3A%22%2Fhome%2Ftolubada1%2Findex.js%22%2C%22ref%22%3A%22%22%7D
2025-08-28 17:03:09.617 [info] > git config --get commit.template [44ms]
2025-08-28 17:03:09.618 [info] > git config --get commit.template [11ms]
2025-08-28 17:03:09.618 [info] > git remote --verbose [19ms]
2025-08-28 17:03:09.618 [info] fatal: not a git repository (or any parent up to mount point /)
Stopping at filesystem boundary (GIT_DISCOVERY_ACROSS_FILESYSTEM not set).
2025-08-28 17:03:09.626 [info] > git symbolic-ref --short HEAD [35ms]
2025-08-28 17:03:09.626 [info] fatal: not a git repository (or any parent up to mount point /)
Stopping at filesystem boundary (GIT_DISCOVERY_ACROSS_FILESYSTEM not set).
2025-08-28 17:03:09.632 [info] > git rev-parse HEAD [48ms]
2025-08-28 17:03:09.632 [info] fatal: not a git repository (or any parent up to mount point /)
Stopping at filesystem boundary (GIT_DISCOVERY_ACROSS_FILESYSTEM not set).
2025-08-28 17:03:09.636 [info] > git rev-parse HEAD [4ms]
2025-08-28 17:03:09.636 [info] fatal: not a git repository (or any parent up to mount point /)
Stopping at filesystem boundary (GIT_DISCOVERY_ACROSS_FILESYSTEM not set).
2025-08-28 17:11:58.716 [info] > git rev-parse --show-toplevel [3ms]
2025-08-28 17:11:58.716 [info] fatal: not a git repository (or any parent up to mount point /)
Stopping at filesystem boundary (GIT_DISCOVERY_ACROSS_FILESYSTEM not set).
2025-08-28 17:12:13.657 [info] > git rev-parse --show-toplevel [3ms]
2025-08-28 17:12:13.657 [info] fatal: not a git repository (or any parent up to mount point /)
Stopping at filesystem boundary (GIT_DISCOVERY_ACROSS_FILESYSTEM not set).
2025-08-28 17:12:14.331 [info] > git rev-parse --show-toplevel [2ms]
2025-08-28 17:12:14.331 [info] fatal: not a git repository (or any parent up to mount point /)
Stopping at filesystem boundary (GIT_DISCOVERY_ACROSS_FILESYSTEM not set).
2025-08-28 17:12:18.834 [info] > git rev-parse --show-toplevel [12ms]
2025-08-28 17:12:18.848 [info] > git rev-parse --git-dir --git-common-dir [2ms]
2025-08-28 17:12:18.860 [info] [Model][openRepository] Opened repository (path): /home/tolubada1/Drive-Health-ETL
2025-08-28 17:12:18.860 [info] [Model][openRepository] Opened repository (real path): /home/tolubada1/Drive-Health-ETL
2025-08-28 17:12:18.879 [info] > git config --get commit.template [10ms]
2025-08-28 17:12:18.880 [info] > git for-each-ref --format=%(refname)%00%(upstream:short)%00%(objectname)%00%(upstream:track)%00%(upstream:remotename)%00%(upstream:remoteref) refs/heads/main refs/remotes/main [2ms]
2025-08-28 17:12:18.902 [info] > git status -z -uall [13ms]
2025-08-28 17:12:18.902 [info] > git for-each-ref --sort -committerdate --format %(refname)%00%(objectname)%00%(*objectname) [5ms]
2025-08-28 17:12:18.922 [info] > git for-each-ref --format=%(refname)%00%(upstream:short)%00%(objectname)%00%(upstream:track)%00%(upstream:remotename)%00%(upstream:remoteref) refs/heads/main refs/remotes/main [11ms]
2025-08-28 17:12:18.931 [info] > git config --get commit.template [10ms]
2025-08-28 17:12:18.933 [info] > git config --get --local branch.main.vscode-merge-base [3ms]
2025-08-28 17:12:18.933 [warning] [Git][config] git config failed: Failed to execute git
2025-08-28 17:12:18.949 [info] > git reflog main --grep-reflog=branch: Created from *. [9ms]
2025-08-28 17:12:18.960 [info] > git for-each-ref --format=%(refname)%00%(upstream:short)%00%(objectname)%00%(upstream:track)%00%(upstream:remotename)%00%(upstream:remoteref) refs/heads/main refs/remotes/main [12ms]
2025-08-28 17:12:18.975 [info] > git status -z -uall [8ms]
2025-08-28 17:12:18.976 [info] > git symbolic-ref --short refs/remotes/origin/HEAD [18ms]
2025-08-28 17:12:18.976 [info] fatal: ref refs/remotes/origin/HEAD is not a symbolic ref
2025-08-28 17:12:18.976 [warning] [Repository][getDefaultBranch] Failed to get default branch details: Failed to execute git.
2025-08-28 17:12:18.977 [info] > git for-each-ref --sort -committerdate --format %(refname)%00%(objectname)%00%(*objectname) [3ms]
2025-08-28 17:12:19.243 [info] > git show --textconv :index.js [8ms]
2025-08-28 17:12:19.244 [info] > git ls-files --stage -- index.js [2ms]
2025-08-28 17:12:19.253 [info] > git cat-file -s 07dbb7dbb181cfc333f8f3acc256b51bbcf4290f [2ms]
2025-08-28 17:12:19.506 [info] > git check-ignore -v -z --stdin [2ms]
2025-08-28 17:12:19.791 [info] > git show --textconv :Dockerfile [7ms]
2025-08-28 17:12:19.792 [info] > git ls-files --stage -- Dockerfile [1ms]
2025-08-28 17:12:19.801 [info] > git cat-file -s 949d590b6edf5529c321904378e642c0cb046045 [2ms]
2025-08-28 17:12:22.488 [info] > git rev-parse --show-toplevel [5ms]
2025-08-28 17:12:22.488 [info] fatal: not a git repository (or any parent up to mount point /)
Stopping at filesystem boundary (GIT_DISCOVERY_ACROSS_FILESYSTEM not set).
2025-08-28 17:12:24.335 [info] > git rev-parse --show-toplevel [7ms]
2025-08-28 17:12:24.335 [info] fatal: not a git repository (or any parent up to mount point /)
Stopping at filesystem boundary (GIT_DISCOVERY_ACROSS_FILESYSTEM not set).
2025-08-28 17:12:25.849 [info] > git show --textconv :package.json [9ms]
2025-08-28 17:12:25.850 [info] > git ls-files --stage -- package.json [3ms]
2025-08-28 17:12:25.859 [info] > git cat-file -s ab0661f37d3d290951e2ca78a8ce7c6638ba95e6 [3ms]
2025-08-28 17:12:28.276 [info] > git rev-parse --show-toplevel [4ms]
2025-08-28 17:12:28.276 [info] fatal: not a git repository (or any parent up to mount point /)
Stopping at filesystem boundary (GIT_DISCOVERY_ACROSS_FILESYSTEM not set).
2025-08-28 17:12:53.360 [info] > git show --textconv :Dockerfile [7ms]
2025-08-28 17:12:53.362 [info] > git ls-files --stage -- Dockerfile [2ms]
2025-08-28 17:12:53.370 [info] > git cat-file -s 949d590b6edf5529c321904378e642c0cb046045 [2ms]
2025-08-28 17:12:53.942 [info] > git blame --root --incremental 3893cbed93e963662ba1d2c6bba48c98979d4c59 -- Dockerfile [4ms]
2025-08-28 17:16:37.693 [info] > git check-ignore -v -z --stdin [2ms]
2025-08-28 17:16:39.903 [info] > git config --get commit.template [7ms]
2025-08-28 17:16:39.904 [info] > git for-each-ref --format=%(refname)%00%(upstream:short)%00%(objectname)%00%(upstream:track)%00%(upstream:remotename)%00%(upstream:remoteref) refs/heads/main refs/remotes/main [2ms]
2025-08-28 17:16:39.919 [info] > git status -z -uall [7ms]
2025-08-28 17:16:39.922 [info] > git for-each-ref --sort -committerdate --format %(refname)%00%(objectname)%00%(*objectname) [4ms]
2025-08-28 17:20:12.947 [info] > git show --textconv :index.js [9ms]
2025-08-28 17:20:12.948 [info] > git ls-files --stage -- index.js [2ms]
2025-08-28 17:20:12.958 [info] > git cat-file -s 07dbb7dbb181cfc333f8f3acc256b51bbcf4290f [2ms]
2025-08-28 17:20:21.339 [info] > git blame --root --incremental 3893cbed93e963662ba1d2c6bba48c98979d4c59 -- index.js [4ms]
2025-08-28 17:20:25.617 [info] > git config --get commit.template [3ms]
2025-08-28 17:20:25.626 [info] > git for-each-ref --format=%(refname)%00%(upstream:short)%00%(objectname)%00%(upstream:track)%00%(upstream:remotename)%00%(upstream:remoteref) refs/heads/main refs/remotes/main [2ms]
2025-08-28 17:20:25.641 [info] > git status -z -uall [7ms]
2025-08-28 17:20:25.643 [info] > git for-each-ref --sort -committerdate --format %(refname)%00%(objectname)%00%(*objectname) [3ms]
2025-08-28 17:20:36.113 [info] > git config --get commit.template [8ms]
2025-08-28 17:20:36.114 [info] > git for-each-ref --format=%(refname)%00%(upstream:short)%00%(objectname)%00%(upstream:track)%00%(upstream:remotename)%00%(upstream:remoteref) refs/heads/main refs/remotes/main [2ms]
2025-08-28 17:20:36.129 [info] > git status -z -uall [9ms]
2025-08-28 17:20:36.130 [info] > git for-each-ref --sort -committerdate --format %(refname)%00%(objectname)%00%(*objectname) [4ms]
2025-08-28 17:20:54.766 [info] > git config --get commit.template [8ms]
2025-08-28 17:20:54.768 [info] > git for-each-ref --format=%(refname)%00%(upstream:short)%00%(objectname)%00%(upstream:track)%00%(upstream:remotename)%00%(upstream:remoteref) refs/heads/main refs/remotes/main [2ms]
2025-08-28 17:20:54.782 [info] > git status -z -uall [8ms]
2025-08-28 17:20:54.784 [info] > git for-each-ref --sort -committerdate --format %(refname)%00%(objectname)%00%(*objectname) [3ms]
2025-08-28 17:22:45.745 [info] > git config --get commit.template [7ms]
2025-08-28 17:22:45.746 [info] > git for-each-ref --format=%(refname)%00%(upstream:short)%00%(objectname)%00%(upstream:track)%00%(upstream:remotename)%00%(upstream:remoteref) refs/heads/main refs/remotes/main [2ms]
2025-08-28 17:22:45.760 [info] > git status -z -uall [7ms]
2025-08-28 17:22:45.762 [info] > git for-each-ref --sort -committerdate --format %(refname)%00%(objectname)%00%(*objectname) [3ms]
2025-08-28 17:25:56.109 [info] > git config --get commit.template [7ms]
2025-08-28 17:25:56.110 [info] > git for-each-ref --format=%(refname)%00%(upstream:short)%00%(objectname)%00%(upstream:track)%00%(upstream:remotename)%00%(upstream:remoteref) refs/heads/main refs/remotes/main [2ms]
2025-08-28 17:25:56.124 [info] > git status -z -uall [7ms]
2025-08-28 17:25:56.126 [info] > git for-each-ref --sort -committerdate --format %(refname)%00%(objectname)%00%(*objectname) [3ms]
2025-08-28 17:29:32.115 [info] > git show --textconv :package.json [14ms]
2025-08-28 17:29:32.115 [info] > git ls-files --stage -- package.json [4ms]
2025-08-28 17:29:32.136 [info] > git cat-file -s ab0661f37d3d290951e2ca78a8ce7c6638ba95e6 [7ms]
2025-08-28 17:29:37.526 [info] > git blame --root --incremental 3893cbed93e963662ba1d2c6bba48c98979d4c59 -- package.json [5ms]
2025-08-28 17:29:41.661 [info] > git config --get commit.template [12ms]
2025-08-28 17:29:41.662 [info] > git for-each-ref --format=%(refname)%00%(upstream:short)%00%(objectname)%00%(upstream:track)%00%(upstream:remotename)%00%(upstream:remoteref) refs/heads/main refs/remotes/main [2ms]
2025-08-28 17:29:41.685 [info] > git status -z -uall [12ms]
2025-08-28 17:29:41.686 [info] > git for-each-ref --sort -committerdate --format %(refname)%00%(objectname)%00%(*objectname) [2ms]
2025-08-28 17:29:46.712 [info] > git config --get commit.template [13ms]
2025-08-28 17:29:46.713 [info] > git for-each-ref --format=%(refname)%00%(upstream:short)%00%(objectname)%00%(upstream:track)%00%(upstream:remotename)%00%(upstream:remoteref) refs/heads/main refs/remotes/main [3ms]
2025-08-28 17:29:46.735 [info] > git status -z -uall [12ms]
2025-08-28 17:29:46.736 [info] > git for-each-ref --sort -committerdate --format %(refname)%00%(objectname)%00%(*objectname) [3ms]
2025-08-28 17:29:51.760 [info] > git config --get commit.template [12ms]
2025-08-28 17:29:51.762 [info] > git for-each-ref --format=%(refname)%00%(upstream:short)%00%(objectname)%00%(upstream:track)%00%(upstream:remotename)%00%(upstream:remoteref) refs/heads/main refs/remotes/main [3ms]
2025-08-28 17:29:51.785 [info] > git status -z -uall [13ms]
2025-08-28 17:29:51.786 [info] > git for-each-ref --sort -committerdate --format %(refname)%00%(objectname)%00%(*objectname) [2ms]
2025-08-28 17:29:55.406 [info] > git show --textconv :index.js [13ms]
2025-08-28 17:29:55.407 [info] > git ls-files --stage -- index.js [3ms]
2025-08-28 17:29:55.420 [info] > git cat-file -s 07dbb7dbb181cfc333f8f3acc256b51bbcf4290f [3ms]
2025-08-28 17:29:56.811 [info] > git config --get commit.template [12ms]
2025-08-28 17:29:56.812 [info] > git for-each-ref --format=%(refname)%00%(upstream:short)%00%(objectname)%00%(upstream:track)%00%(upstream:remotename)%00%(upstream:remoteref) refs/heads/main refs/remotes/main [1ms]
2025-08-28 17:29:56.835 [info] > git status -z -uall [12ms]
2025-08-28 17:29:56.836 [info] > git for-each-ref --sort -committerdate --format %(refname)%00%(objectname)%00%(*objectname) [2ms]
2025-08-28 17:30:01.851 [info] > git config --get commit.template [2ms]
2025-08-28 17:30:01.864 [info] > git for-each-ref --format=%(refname)%00%(upstream:short)%00%(objectname)%00%(upstream:track)%00%(upstream:remotename)%00%(upstream:remoteref) refs/heads/main refs/remotes/main [2ms]
2025-08-28 17:30:01.887 [info] > git status -z -uall [12ms]
2025-08-28 17:30:01.888 [info] > git for-each-ref --sort -committerdate --format %(refname)%00%(objectname)%00%(*objectname) [2ms]
2025-08-28 17:30:06.915 [info] > git config --get commit.template [12ms]
2025-08-28 17:30:06.916 [info] > git for-each-ref --format=%(refname)%00%(upstream:short)%00%(objectname)%00%(upstream:track)%00%(upstream:remotename)%00%(upstream:remoteref) refs/heads/main refs/remotes/main [2ms]
2025-08-28 17:30:06.938 [info] > git status -z -uall [12ms]
2025-08-28 17:30:06.939 [info] > git for-each-ref --sort -committerdate --format %(refname)%00%(objectname)%00%(*objectname) [2ms]
2025-08-28 17:32:57.126 [info] > git config --get commit.template [16ms]
2025-08-28 17:32:57.126 [info] > git for-each-ref --format=%(refname)%00%(upstream:short)%00%(objectname)%00%(upstream:track)%00%(upstream:remotename)%00%(upstream:remoteref) refs/heads/main refs/remotes/main [2ms]
2025-08-28 17:32:57.151 [info] > git status -z -uall [14ms]
2025-08-28 17:32:57.151 [info] > git for-each-ref --sort -committerdate --format %(refname)%00%(objectname)%00%(*objectname) [3ms]
2025-08-28 17:34:12.717 [info] > git config --get commit.template [11ms]
2025-08-28 17:34:12.718 [info] > git for-each-ref --format=%(refname)%00%(upstream:short)%00%(objectname)%00%(upstream:track)%00%(upstream:remotename)%00%(upstream:remoteref) refs/heads/main refs/remotes/main [2ms]
2025-08-28 17:34:12.741 [info] > git status -z -uall [13ms]
2025-08-28 17:34:12.742 [info] > git for-each-ref --sort -committerdate --format %(refname)%00%(objectname)%00%(*objectname) [3ms]
2025-08-28 17:35:46.641 [info] > git config --get commit.template [12ms]
2025-08-28 17:35:46.642 [info] > git for-each-ref --format=%(refname)%00%(upstream:short)%00%(objectname)%00%(upstream:track)%00%(upstream:remotename)%00%(upstream:remoteref) refs/heads/main refs/remotes/main [2ms]
2025-08-28 17:35:46.667 [info] > git status -z -uall [15ms]
2025-08-28 17:35:46.668 [info] > git for-each-ref --sort -committerdate --format %(refname)%00%(objectname)%00%(*objectname) [3ms]
