Initializing document watcher...
Document watcher initialized
tolubada1/Drive-Health-ETL/index.js: {}
tolubada1/Drive-Health-ETL/index.js: Using EditorConfig core...
tolubada1/Drive-Health-ETL/index.js: Using EditorConfig core...
tolubada1/Drive-Health-ETL/index.js: {}
tolubada1/Drive-Health-ETL/index.js: {}
tolubada1/Drive-Health-ETL/index.js: {}
tolubada1/Drive-Health-ETL/package.json: {}
tolubada1/Drive-Health-ETL/package.json: Using EditorConfig core...
tolubada1/Drive-Health-ETL/package.json: {}
tolubada1/Drive-Health-ETL/package.json: Using EditorConfig core...
tolubada1/Drive-Health-ETL/package.json: Using EditorConfig core...
tolubada1/Drive-Health-ETL/package.json: {}
tolubada1/Drive-Health-ETL/package.json: {}
tolubada1/Drive-Health-ETL/package.json: Using EditorConfig core...
tolubada1/Drive-Health-ETL/package.json: Using EditorConfig core...
tolubada1/Drive-Health-ETL/package.json: Using EditorConfig core...
tolubada1/Drive-Health-ETL/package.json: {}
tolubada1/Drive-Health-ETL/package.json: {}
tolubada1/Drive-Health-ETL/index.js: {}
tolubada1/Drive-Health-ETL/index.js: Using EditorConfig core...
tolubada1/Drive-Health-ETL/index.js: Using EditorConfig core...
tolubada1/Drive-Health-ETL/index.js: {}
tolubada1/Drive-Health-ETL/index.js: {}
tolubada1/Drive-Health-ETL/package.json: {}
tolubada1/Drive-Health-ETL/package.json: {}
tolubada1/Drive-Health-ETL/package.json: {}
tolubada1/Drive-Health-ETL/package.json: {}
tolubada1/Drive-Health-ETL/package.json: {}
tolubada1/Drive-Health-ETL/package.json: {}
tolubada1/Drive-Health-ETL/index.js: {}
tolubada1/Drive-Health-ETL/index.js: Using EditorConfig core...
tolubada1/Drive-Health-ETL/index.js: Using EditorConfig core...
tolubada1/Drive-Health-ETL/index.js: {}
tolubada1/Drive-Health-ETL/index.js: {}
tolubada1/Drive-Health-ETL/index.js: {}
tolubada1/Drive-Health-ETL/index.js: {}
tolubada1/Drive-Health-ETL/index.js: {}
tolubada1/Drive-Health-ETL/index.js: {}
tolubada1/Drive-Health-ETL/index.js: {}
tolubada1/Drive-Health-ETL/index.js: {}
tolubada1/Drive-Health-ETL/index.js: {}
tolubada1/Drive-Health-ETL/index.js: {}
tolubada1/Drive-Health-ETL/index.js: {}
tolubada1/Drive-Health-ETL/index.js: {}
tolubada1/Drive-Health-ETL/index.js: {}
tolubada1/Drive-Health-ETL/index.js: {}
tolubada1/Drive-Health-ETL/index.js: {}
tolubada1/Drive-Health-ETL/index.js: {}
tolubada1/Drive-Health-ETL/index.js: {}
tolubada1/Drive-Health-ETL/index.js: {}
tolubada1/Drive-Health-ETL/index.js: {}
tolubada1/Drive-Health-ETL/index.js: {}
tolubada1/Drive-Health-ETL/index.js: {}
tolubada1/Drive-Health-ETL/index.js: {}
tolubada1/Drive-Health-ETL/index.js: {}
tolubada1/Drive-Health-ETL/index.js: {}
tolubada1/Drive-Health-ETL/index.js: {}
tolubada1/Drive-Health-Replay-Job/index.js: {}
tolubada1/Drive-Health-Replay-Job/index.js: {}
tolubada1/Drive-Health-Replay-Job/index.js: Using EditorConfig core...
tolubada1/Drive-Health-Replay-Job/index.js: Using EditorConfig core...
tolubada1/Drive-Health-Replay-Job/index.js: {}
tolubada1/Drive-Health-Replay-Job/index.js: Using EditorConfig core...
tolubada1/Drive-Health-Replay-Job/index.js: {}
tolubada1/Drive-Health-Replay-Job/index.js: Using EditorConfig core...
tolubada1/Drive-Health-Replay-Job/index.js: Using EditorConfig core...
tolubada1/Drive-Health-Replay-Job/index.js: Using EditorConfig core...
tolubada1/Drive-Health-Replay-Job/index.js: Using EditorConfig core...
tolubada1/Drive-Health-Replay-Job/index.js: {}
tolubada1/Drive-Health-Replay-Job/index.js: {}
