2025-09-02 19:25:27.804 [info] [main] Log level: Info
2025-09-02 19:25:27.804 [info] [main] Validating found git in: "git"
2025-09-02 19:25:27.804 [info] [main] Using git "2.43.0" from "git"
2025-09-02 19:25:27.804 [info] [Model][doInitialScan] Initial repository scan started
2025-09-02 19:25:27.804 [info] > git rev-parse --show-toplevel [15ms]
2025-09-02 19:25:27.804 [info] fatal: not a git repository (or any parent up to mount point /)
Stopping at filesystem boundary (GIT_DISCOVERY_ACROSS_FILESYSTEM not set).
2025-09-02 19:25:27.804 [info] > git rev-parse --show-toplevel [176ms]
2025-09-02 19:25:27.821 [info] > git rev-parse --git-dir --git-common-dir [6ms]
2025-09-02 19:25:27.844 [info] [Model][openRepository] Opened repository (path): /home/tolubada1/Drive-Health-ETL
2025-09-02 19:25:27.844 [info] [Model][openRepository] Opened repository (real path): /home/tolubada1/Drive-Health-ETL
2025-09-02 19:25:32.277 [info] > git rev-parse --show-toplevel [4406ms]
2025-09-02 19:25:32.277 [info] fatal: not a git repository (or any parent up to mount point /)
Stopping at filesystem boundary (GIT_DISCOVERY_ACROSS_FILESYSTEM not set).
2025-09-02 19:25:32.278 [info] > git config --get commit.template [4414ms]
2025-09-02 19:25:32.498 [info] > git rev-parse --show-toplevel [26ms]
2025-09-02 19:25:32.500 [info] fatal: not a git repository (or any parent up to mount point /)
Stopping at filesystem boundary (GIT_DISCOVERY_ACROSS_FILESYSTEM not set).
2025-09-02 19:25:35.338 [info] > git check-ignore -v -z --stdin [154ms]
2025-09-02 19:25:35.355 [info] > git rev-parse --show-toplevel [2831ms]
2025-09-02 19:25:35.355 [info] fatal: not a git repository (or any parent up to mount point /)
Stopping at filesystem boundary (GIT_DISCOVERY_ACROSS_FILESYSTEM not set).
2025-09-02 19:25:35.356 [info] > git for-each-ref --format=%(refname)%00%(upstream:short)%00%(objectname)%00%(upstream:track)%00%(upstream:remotename)%00%(upstream:remoteref) refs/heads/main refs/remotes/main [2875ms]
2025-09-02 19:25:35.530 [info] > git rev-parse --show-toplevel [124ms]
2025-09-02 19:25:35.530 [info] fatal: not a git repository (or any parent up to mount point /)
Stopping at filesystem boundary (GIT_DISCOVERY_ACROSS_FILESYSTEM not set).
2025-09-02 19:25:35.997 [info] > git status -z -uall [20ms]
2025-09-02 19:25:35.997 [info] > git rev-parse --show-toplevel [48ms]
2025-09-02 19:25:35.997 [info] fatal: not a git repository (or any parent up to mount point /)
Stopping at filesystem boundary (GIT_DISCOVERY_ACROSS_FILESYSTEM not set).
2025-09-02 19:25:36.028 [info] > git for-each-ref --sort -committerdate --format %(refname)%00%(objectname)%00%(*objectname) [39ms]
2025-09-02 19:25:36.077 [info] > git for-each-ref --format=%(refname)%00%(upstream:short)%00%(objectname)%00%(upstream:track)%00%(upstream:remotename)%00%(upstream:remoteref) refs/heads/main refs/remotes/main [26ms]
2025-09-02 19:25:36.097 [info] > git rev-parse --show-toplevel [81ms]
2025-09-02 19:25:36.097 [info] fatal: not a git repository (or any parent up to mount point /)
Stopping at filesystem boundary (GIT_DISCOVERY_ACROSS_FILESYSTEM not set).
2025-09-02 19:25:36.148 [info] > git config --get commit.template [72ms]
2025-09-02 19:25:36.243 [info] > git rev-parse --show-toplevel [108ms]
2025-09-02 19:25:36.243 [info] fatal: not a git repository (or any parent up to mount point /)
Stopping at filesystem boundary (GIT_DISCOVERY_ACROSS_FILESYSTEM not set).
2025-09-02 19:25:36.244 [info] > git config --get --local branch.main.vscode-merge-base [147ms]
2025-09-02 19:25:36.244 [warning] [Git][config] git config failed: Failed to execute git
2025-09-02 19:25:36.300 [info] > git rev-parse --show-toplevel [13ms]
2025-09-02 19:25:36.300 [info] fatal: not a git repository (or any parent up to mount point /)
Stopping at filesystem boundary (GIT_DISCOVERY_ACROSS_FILESYSTEM not set).
2025-09-02 19:25:36.302 [info] [Model][doInitialScan] Initial repository scan completed - repositories (1), closed repositories (0), parent repositories (0), unsafe repositories (0)
2025-09-02 19:25:36.338 [info] > git for-each-ref --format=%(refname)%00%(upstream:short)%00%(objectname)%00%(upstream:track)%00%(upstream:remotename)%00%(upstream:remoteref) refs/heads/main refs/remotes/main [66ms]
2025-09-02 19:25:36.357 [info] > git show --textconv :index.js [31ms]
2025-09-02 19:25:36.365 [info] > git rev-parse --show-toplevel [12ms]
2025-09-02 19:25:36.365 [info] fatal: not a git repository (or any parent up to mount point /)
Stopping at filesystem boundary (GIT_DISCOVERY_ACROSS_FILESYSTEM not set).
2025-09-02 19:25:36.365 [info] > git ls-files --stage -- index.js [27ms]
2025-09-02 19:25:36.405 [info] > git reflog main --grep-reflog=branch: Created from *. [149ms]
2025-09-02 19:25:36.446 [info] > git cat-file -s 6511704670b3bb9c5bf602628cf64ab25c5b4e38 [68ms]
2025-09-02 19:25:36.449 [info] > git status -z -uall [21ms]
2025-09-02 19:25:36.449 [info] > git for-each-ref --sort -committerdate --format %(refname)%00%(objectname)%00%(*objectname) [8ms]
2025-09-02 19:25:36.462 [info] > git symbolic-ref --short refs/remotes/origin/HEAD [45ms]
2025-09-02 19:25:36.462 [info] fatal: ref refs/remotes/origin/HEAD is not a symbolic ref
2025-09-02 19:25:36.462 [warning] [Repository][getDefaultBranch] Failed to get default branch details: Failed to execute git.
2025-09-02 19:25:36.481 [info] > git for-each-ref --format=%(refname)%00%(upstream:short)%00%(objectname)%00%(upstream:track)%00%(upstream:remotename)%00%(upstream:remoteref) refs/heads/main refs/remotes/main [22ms]
2025-09-02 19:25:36.500 [info] > git merge-base refs/heads/main refs/remotes/origin/main [30ms]
2025-09-02 19:25:36.518 [info] > git config --get --local branch.main.vscode-merge-base [25ms]
2025-09-02 19:25:36.518 [warning] [Git][config] git config failed: Failed to execute git
2025-09-02 19:25:36.540 [info] > git diff --name-status -z --diff-filter=ADMR 3ed51836bea0d2ea36b84fcad2790f5d0aa344b4...refs/remotes/origin/main [29ms]
2025-09-02 19:25:36.542 [info] > git reflog main --grep-reflog=branch: Created from *. [9ms]
2025-09-02 19:25:36.554 [info] > git symbolic-ref --short refs/remotes/origin/HEAD [4ms]
2025-09-02 19:25:36.554 [info] fatal: ref refs/remotes/origin/HEAD is not a symbolic ref
2025-09-02 19:25:36.554 [warning] [Repository][getDefaultBranch] Failed to get default branch details: Failed to execute git.
2025-09-02 19:25:36.688 [info] > git blame --root --incremental 3ed51836bea0d2ea36b84fcad2790f5d0aa344b4 -- index.js [93ms]
2025-09-02 19:26:12.898 [info] > git config --get commit.template [14ms]
2025-09-02 19:26:12.899 [info] > git for-each-ref --format=%(refname)%00%(upstream:short)%00%(objectname)%00%(upstream:track)%00%(upstream:remotename)%00%(upstream:remoteref) refs/heads/main refs/remotes/main [3ms]
2025-09-02 19:26:12.928 [info] > git status -z -uall [16ms]
2025-09-02 19:26:12.931 [info] > git for-each-ref --sort -committerdate --format %(refname)%00%(objectname)%00%(*objectname) [4ms]
2025-09-02 19:26:17.958 [info] > git config --get commit.template [2ms]
2025-09-02 19:26:17.972 [info] > git for-each-ref --format=%(refname)%00%(upstream:short)%00%(objectname)%00%(upstream:track)%00%(upstream:remotename)%00%(upstream:remoteref) refs/heads/main refs/remotes/main [2ms]
2025-09-02 19:26:18.000 [info] > git status -z -uall [15ms]
2025-09-02 19:26:18.002 [info] > git for-each-ref --sort -committerdate --format %(refname)%00%(objectname)%00%(*objectname) [4ms]
2025-09-02 19:40:25.973 [info] > git ls-files --stage -- package.json [8ms]
2025-09-02 19:40:26.004 [info] > git show --textconv :package.json [65ms]
2025-09-02 19:40:26.004 [info] > git cat-file -s c23708ef70f568ae8d6ae39e83cfd8e187fe1728 [20ms]
2025-09-02 19:40:26.271 [info] > git blame --root --incremental 3ed51836bea0d2ea36b84fcad2790f5d0aa344b4 -- package.json [152ms]
2025-09-02 19:40:34.149 [info] > git config --get commit.template [11ms]
2025-09-02 19:40:34.150 [info] > git for-each-ref --format=%(refname)%00%(upstream:short)%00%(objectname)%00%(upstream:track)%00%(upstream:remotename)%00%(upstream:remoteref) refs/heads/main refs/remotes/main [3ms]
2025-09-02 19:40:34.173 [info] > git status -z -uall [11ms]
2025-09-02 19:40:34.175 [info] > git for-each-ref --sort -committerdate --format %(refname)%00%(objectname)%00%(*objectname) [4ms]
2025-09-02 19:40:39.994 [info] > git config --get commit.template [8ms]
2025-09-02 19:40:39.995 [info] > git for-each-ref --format=%(refname)%00%(upstream:short)%00%(objectname)%00%(upstream:track)%00%(upstream:remotename)%00%(upstream:remoteref) refs/heads/main refs/remotes/main [2ms]
2025-09-02 19:40:40.010 [info] > git status -z -uall [8ms]
2025-09-02 19:40:40.012 [info] > git for-each-ref --sort -committerdate --format %(refname)%00%(objectname)%00%(*objectname) [3ms]
2025-09-02 19:41:29.328 [info] > git config --get commit.template [9ms]
2025-09-02 19:41:29.330 [info] > git for-each-ref --format=%(refname)%00%(upstream:short)%00%(objectname)%00%(upstream:track)%00%(upstream:remotename)%00%(upstream:remoteref) refs/heads/main refs/remotes/main [3ms]
2025-09-02 19:41:29.348 [info] > git status -z -uall [10ms]
2025-09-02 19:41:29.351 [info] > git for-each-ref --sort -committerdate --format %(refname)%00%(objectname)%00%(*objectname) [5ms]
2025-09-02 19:41:34.365 [info] > git config --get commit.template [3ms]
2025-09-02 19:41:34.375 [info] > git for-each-ref --format=%(refname)%00%(upstream:short)%00%(objectname)%00%(upstream:track)%00%(upstream:remotename)%00%(upstream:remoteref) refs/heads/main refs/remotes/main [3ms]
2025-09-02 19:41:34.392 [info] > git status -z -uall [9ms]
2025-09-02 19:41:34.395 [info] > git for-each-ref --sort -committerdate --format %(refname)%00%(objectname)%00%(*objectname) [3ms]
2025-09-02 19:41:53.697 [info] > git show --textconv :index.js [8ms]
2025-09-02 19:41:53.700 [info] > git ls-files --stage -- index.js [4ms]
2025-09-02 19:41:53.712 [info] > git cat-file -s 6511704670b3bb9c5bf602628cf64ab25c5b4e38 [3ms]
2025-09-02 19:41:58.890 [info] > git config --get commit.template [9ms]
2025-09-02 19:41:58.893 [info] > git for-each-ref --format=%(refname)%00%(upstream:short)%00%(objectname)%00%(upstream:track)%00%(upstream:remotename)%00%(upstream:remoteref) refs/heads/main refs/remotes/main [4ms]
2025-09-02 19:41:58.913 [info] > git status -z -uall [10ms]
2025-09-02 19:41:58.914 [info] > git for-each-ref --sort -committerdate --format %(refname)%00%(objectname)%00%(*objectname) [2ms]
2025-09-02 19:42:17.430 [info] > git config --get commit.template [10ms]
2025-09-02 19:42:17.431 [info] > git for-each-ref --format=%(refname)%00%(upstream:short)%00%(objectname)%00%(upstream:track)%00%(upstream:remotename)%00%(upstream:remoteref) refs/heads/main refs/remotes/main [3ms]
2025-09-02 19:42:17.451 [info] > git status -z -uall [11ms]
2025-09-02 19:42:17.455 [info] > git for-each-ref --sort -committerdate --format %(refname)%00%(objectname)%00%(*objectname) [6ms]
2025-09-02 19:42:23.896 [info] > git show --textconv :package.json [9ms]
2025-09-02 19:42:23.898 [info] > git ls-files --stage -- package.json [3ms]
2025-09-02 19:42:23.908 [info] > git cat-file -s c23708ef70f568ae8d6ae39e83cfd8e187fe1728 [4ms]
2025-09-02 19:47:04.385 [info] > git show --textconv :index.js [9ms]
2025-09-02 19:47:04.386 [info] > git ls-files --stage -- index.js [2ms]
2025-09-02 19:47:04.400 [info] > git cat-file -s 6511704670b3bb9c5bf602628cf64ab25c5b4e38 [6ms]
2025-09-02 19:47:10.396 [info] > git config --get commit.template [8ms]
2025-09-02 19:47:10.398 [info] > git for-each-ref --format=%(refname)%00%(upstream:short)%00%(objectname)%00%(upstream:track)%00%(upstream:remotename)%00%(upstream:remoteref) refs/heads/main refs/remotes/main [3ms]
2025-09-02 19:47:10.418 [info] > git status -z -uall [11ms]
2025-09-02 19:47:10.419 [info] > git for-each-ref --sort -committerdate --format %(refname)%00%(objectname)%00%(*objectname) [3ms]
2025-09-02 20:15:31.288 [info] > git rev-parse --show-toplevel [5ms]
2025-09-02 20:15:31.288 [info] fatal: not a git repository (or any parent up to mount point /)
Stopping at filesystem boundary (GIT_DISCOVERY_ACROSS_FILESYSTEM not set).
2025-09-02 20:15:31.305 [info] > git rev-parse --show-toplevel [3ms]
2025-09-02 20:15:31.305 [info] fatal: not a git repository (or any parent up to mount point /)
Stopping at filesystem boundary (GIT_DISCOVERY_ACROSS_FILESYSTEM not set).
2025-09-02 20:15:31.326 [info] > git rev-parse --show-toplevel [9ms]
2025-09-02 20:15:31.326 [info] fatal: not a git repository (or any parent up to mount point /)
Stopping at filesystem boundary (GIT_DISCOVERY_ACROSS_FILESYSTEM not set).
2025-09-02 20:15:31.344 [info] > git rev-parse --show-toplevel [5ms]
2025-09-02 20:15:31.344 [info] fatal: not a git repository (or any parent up to mount point /)
Stopping at filesystem boundary (GIT_DISCOVERY_ACROSS_FILESYSTEM not set).
2025-09-02 20:15:31.357 [info] > git rev-parse --show-toplevel [2ms]
2025-09-02 20:15:31.358 [info] fatal: not a git repository (or any parent up to mount point /)
Stopping at filesystem boundary (GIT_DISCOVERY_ACROSS_FILESYSTEM not set).
2025-09-02 20:15:31.369 [info] > git rev-parse --show-toplevel [2ms]
2025-09-02 20:15:31.369 [info] fatal: not a git repository (or any parent up to mount point /)
Stopping at filesystem boundary (GIT_DISCOVERY_ACROSS_FILESYSTEM not set).
2025-09-02 20:15:31.383 [info] > git rev-parse --show-toplevel [1ms]
2025-09-02 20:15:31.383 [info] fatal: not a git repository (or any parent up to mount point /)
Stopping at filesystem boundary (GIT_DISCOVERY_ACROSS_FILESYSTEM not set).
2025-09-02 20:15:31.395 [info] > git rev-parse --show-toplevel [3ms]
2025-09-02 20:15:31.395 [info] fatal: not a git repository (or any parent up to mount point /)
Stopping at filesystem boundary (GIT_DISCOVERY_ACROSS_FILESYSTEM not set).
2025-09-02 20:15:31.408 [info] > git rev-parse --show-toplevel [4ms]
2025-09-02 20:15:31.408 [info] fatal: not a git repository (or any parent up to mount point /)
Stopping at filesystem boundary (GIT_DISCOVERY_ACROSS_FILESYSTEM not set).
2025-09-02 20:15:31.420 [info] > git rev-parse --show-toplevel [2ms]
2025-09-02 20:15:31.420 [info] fatal: not a git repository (or any parent up to mount point /)
Stopping at filesystem boundary (GIT_DISCOVERY_ACROSS_FILESYSTEM not set).
2025-09-02 20:15:31.432 [info] > git rev-parse --show-toplevel [3ms]
2025-09-02 20:15:31.432 [info] fatal: not a git repository (or any parent up to mount point /)
Stopping at filesystem boundary (GIT_DISCOVERY_ACROSS_FILESYSTEM not set).
2025-09-02 20:15:31.443 [info] > git rev-parse --show-toplevel [2ms]
2025-09-02 20:15:31.443 [info] fatal: not a git repository (or any parent up to mount point /)
Stopping at filesystem boundary (GIT_DISCOVERY_ACROSS_FILESYSTEM not set).
2025-09-02 20:15:31.456 [info] > git rev-parse --show-toplevel [3ms]
2025-09-02 20:15:31.456 [info] fatal: not a git repository (or any parent up to mount point /)
Stopping at filesystem boundary (GIT_DISCOVERY_ACROSS_FILESYSTEM not set).
2025-09-02 20:15:31.469 [info] > git rev-parse --show-toplevel [1ms]
2025-09-02 20:15:31.469 [info] fatal: not a git repository (or any parent up to mount point /)
Stopping at filesystem boundary (GIT_DISCOVERY_ACROSS_FILESYSTEM not set).
2025-09-02 20:15:31.479 [info] > git rev-parse --show-toplevel [2ms]
2025-09-02 20:15:31.479 [info] fatal: not a git repository (or any parent up to mount point /)
Stopping at filesystem boundary (GIT_DISCOVERY_ACROSS_FILESYSTEM not set).
2025-09-02 21:12:04.859 [info] > git rev-parse --show-toplevel [5ms]
2025-09-02 21:12:04.859 [info] fatal: not a git repository (or any parent up to mount point /)
Stopping at filesystem boundary (GIT_DISCOVERY_ACROSS_FILESYSTEM not set).
