2025-09-02 17:04:47.570 [info] [main] Log level: Info
2025-09-02 17:04:47.570 [info] [main] Validating found git in: "git"
2025-09-02 17:04:47.570 [info] [main] Using git "2.43.0" from "git"
2025-09-02 17:04:47.570 [info] [Model][doInitialScan] Initial repository scan started
2025-09-02 17:04:47.573 [info] > git rev-parse --show-toplevel [8ms]
2025-09-02 17:04:47.573 [info] fatal: not a git repository (or any parent up to mount point /)
Stopping at filesystem boundary (GIT_DISCOVERY_ACROSS_FILESYSTEM not set).
2025-09-02 17:04:47.591 [info] > git rev-parse --show-toplevel [11ms]
2025-09-02 17:04:47.600 [info] > git rev-parse --git-dir --git-common-dir [1ms]
2025-09-02 17:04:47.621 [info] [Model][openRepository] Opened repository (path): /home/tolubada1/Drive-Health-ETL
2025-09-02 17:04:47.621 [info] [Model][openRepository] Opened repository (real path): /home/tolubada1/Drive-Health-ETL
2025-09-02 17:04:47.646 [info] > git config --get commit.template [8ms]
2025-09-02 17:04:47.654 [info] > git rev-parse --show-toplevel [11ms]
2025-09-02 17:04:47.654 [info] fatal: not a git repository (or any parent up to mount point /)
Stopping at filesystem boundary (GIT_DISCOVERY_ACROSS_FILESYSTEM not set).
2025-09-02 17:04:47.667 [info] > git rev-parse --show-toplevel [4ms]
2025-09-02 17:04:47.667 [info] fatal: not a git repository (or any parent up to mount point /)
Stopping at filesystem boundary (GIT_DISCOVERY_ACROSS_FILESYSTEM not set).
2025-09-02 17:04:47.715 [info] > git rev-parse --show-toplevel [42ms]
2025-09-02 17:04:47.715 [info] fatal: not a git repository (or any parent up to mount point /)
Stopping at filesystem boundary (GIT_DISCOVERY_ACROSS_FILESYSTEM not set).
2025-09-02 17:04:47.723 [info] > git for-each-ref --format=%(refname)%00%(upstream:short)%00%(objectname)%00%(upstream:track)%00%(upstream:remotename)%00%(upstream:remoteref) refs/heads/main refs/remotes/main [71ms]
2025-09-02 17:04:47.731 [info] > git rev-parse --show-toplevel [2ms]
2025-09-02 17:04:47.731 [info] fatal: not a git repository (or any parent up to mount point /)
Stopping at filesystem boundary (GIT_DISCOVERY_ACROSS_FILESYSTEM not set).
2025-09-02 17:04:47.753 [info] > git rev-parse --show-toplevel [15ms]
2025-09-02 17:04:47.753 [info] fatal: not a git repository (or any parent up to mount point /)
Stopping at filesystem boundary (GIT_DISCOVERY_ACROSS_FILESYSTEM not set).
2025-09-02 17:04:47.753 [info] > git for-each-ref --sort -committerdate --format %(refname)%00%(objectname)%00%(*objectname) [2ms]
2025-09-02 17:04:47.760 [info] > git rev-parse --show-toplevel [2ms]
2025-09-02 17:04:47.760 [info] fatal: not a git repository (or any parent up to mount point /)
Stopping at filesystem boundary (GIT_DISCOVERY_ACROSS_FILESYSTEM not set).
2025-09-02 17:04:47.768 [info] > git rev-parse --show-toplevel [3ms]
2025-09-02 17:04:47.768 [info] fatal: not a git repository (or any parent up to mount point /)
Stopping at filesystem boundary (GIT_DISCOVERY_ACROSS_FILESYSTEM not set).
2025-09-02 17:04:47.769 [info] [Model][doInitialScan] Initial repository scan completed - repositories (1), closed repositories (0), parent repositories (0), unsafe repositories (0)
2025-09-02 17:04:47.775 [info] > git status -z -uall [32ms]
2025-09-02 17:04:47.880 [info] > git for-each-ref --format=%(refname)%00%(upstream:short)%00%(objectname)%00%(upstream:track)%00%(upstream:remotename)%00%(upstream:remoteref) refs/heads/main refs/remotes/main [32ms]
2025-09-02 17:04:48.012 [info] > git config --get --local branch.main.vscode-merge-base [116ms]
2025-09-02 17:04:48.012 [warning] [Git][config] git config failed: Failed to execute git
2025-09-02 17:04:48.020 [info] > git config --get commit.template [141ms]
2025-09-02 17:04:48.048 [info] > git for-each-ref --format=%(refname)%00%(upstream:short)%00%(objectname)%00%(upstream:track)%00%(upstream:remotename)%00%(upstream:remoteref) refs/heads/main refs/remotes/main [9ms]
2025-09-02 17:04:48.153 [info] > git status -z -uall [89ms]
2025-09-02 17:04:48.153 [info] > git show --textconv :index.js [43ms]
2025-09-02 17:04:48.154 [info] > git reflog main --grep-reflog=branch: Created from *. [134ms]
2025-09-02 17:04:48.177 [info] > git ls-files --stage -- index.js [46ms]
2025-09-02 17:04:48.191 [info] > git for-each-ref --sort -committerdate --format %(refname)%00%(objectname)%00%(*objectname) [115ms]
2025-09-02 17:04:48.246 [info] > git check-ignore -v -z --stdin [19ms]
2025-09-02 17:04:48.252 [info] > git for-each-ref --format=%(refname)%00%(upstream:short)%00%(objectname)%00%(upstream:track)%00%(upstream:remotename)%00%(upstream:remoteref) refs/heads/main refs/remotes/main [48ms]
2025-09-02 17:04:48.276 [info] > git cat-file -s c09ead6273f930fa8cd9755657a7d7d4575b9342 [87ms]
2025-09-02 17:04:48.277 [info] > git symbolic-ref --short refs/remotes/origin/HEAD [106ms]
2025-09-02 17:04:48.277 [info] fatal: ref refs/remotes/origin/HEAD is not a symbolic ref
2025-09-02 17:04:48.277 [warning] [Repository][getDefaultBranch] Failed to get default branch details: Failed to execute git.
2025-09-02 17:04:48.320 [info] > git merge-base refs/heads/main refs/remotes/origin/main [26ms]
2025-09-02 17:04:48.335 [info] > git config --get --local branch.main.vscode-merge-base [59ms]
2025-09-02 17:04:48.335 [warning] [Git][config] git config failed: Failed to execute git
2025-09-02 17:04:48.344 [info] > git diff --name-status -z --diff-filter=ADMR 83b6606a8301c5020ac2d213d8a88617738ecbc9...refs/remotes/origin/main [9ms]
2025-09-02 17:04:48.348 [info] > git reflog main --grep-reflog=branch: Created from *. [7ms]
2025-09-02 17:04:48.356 [info] > git symbolic-ref --short refs/remotes/origin/HEAD [4ms]
2025-09-02 17:04:48.356 [info] fatal: ref refs/remotes/origin/HEAD is not a symbolic ref
2025-09-02 17:04:48.356 [warning] [Repository][getDefaultBranch] Failed to get default branch details: Failed to execute git.
2025-09-02 17:04:48.445 [info] > git blame --root --incremental 83b6606a8301c5020ac2d213d8a88617738ecbc9 -- index.js [43ms]
2025-09-02 17:09:11.464 [info] > git show --textconv :index.js [7ms]
2025-09-02 17:09:11.465 [info] > git ls-files --stage -- index.js [2ms]
2025-09-02 17:09:11.473 [info] > git cat-file -s c09ead6273f930fa8cd9755657a7d7d4575b9342 [2ms]
2025-09-02 17:09:40.371 [info] > git config --get commit.template [3ms]
2025-09-02 17:09:40.379 [info] > git for-each-ref --format=%(refname)%00%(upstream:short)%00%(objectname)%00%(upstream:track)%00%(upstream:remotename)%00%(upstream:remoteref) refs/heads/main refs/remotes/main [2ms]
2025-09-02 17:09:40.397 [info] > git status -z -uall [9ms]
2025-09-02 17:09:40.398 [info] > git for-each-ref --sort -committerdate --format %(refname)%00%(objectname)%00%(*objectname) [4ms]
2025-09-02 17:11:42.946 [info] > git check-ignore -v -z --stdin [2ms]
2025-09-02 17:11:43.258 [info] > git config --get commit.template [7ms]
2025-09-02 17:11:43.259 [info] > git for-each-ref --format=%(refname)%00%(upstream:short)%00%(objectname)%00%(upstream:track)%00%(upstream:remotename)%00%(upstream:remoteref) refs/heads/main refs/remotes/main [2ms]
2025-09-02 17:11:43.272 [info] > git status -z -uall [7ms]
2025-09-02 17:11:43.275 [info] > git for-each-ref --sort -committerdate --format %(refname)%00%(objectname)%00%(*objectname) [4ms]
2025-09-02 17:11:44.838 [info] > git ls-files --stage -- README.txt [3ms]
2025-09-02 17:11:44.895 [info] > git show --textconv :README.txt [66ms]
2025-09-02 17:11:44.895 [info] > git cat-file -s 9fa5a74e750d98eb725eca4ca09ba01af2f5cd24 [52ms]
2025-09-02 17:11:55.603 [info] > git config --get commit.template [7ms]
2025-09-02 17:11:55.604 [info] > git for-each-ref --format=%(refname)%00%(upstream:short)%00%(objectname)%00%(upstream:track)%00%(upstream:remotename)%00%(upstream:remoteref) refs/heads/main refs/remotes/main [2ms]
2025-09-02 17:11:55.619 [info] > git status -z -uall [9ms]
2025-09-02 17:11:55.619 [info] > git for-each-ref --sort -committerdate --format %(refname)%00%(objectname)%00%(*objectname) [3ms]
2025-09-02 17:15:22.306 [info] > git config --get commit.template [7ms]
2025-09-02 17:15:22.307 [info] > git for-each-ref --format=%(refname)%00%(upstream:short)%00%(objectname)%00%(upstream:track)%00%(upstream:remotename)%00%(upstream:remoteref) refs/heads/main refs/remotes/main [2ms]
2025-09-02 17:15:22.324 [info] > git status -z -uall [8ms]
2025-09-02 17:15:22.326 [info] > git for-each-ref --sort -committerdate --format %(refname)%00%(objectname)%00%(*objectname) [3ms]
2025-09-02 17:15:22.342 [info] > git merge-base refs/heads/main refs/remotes/origin/main [3ms]
2025-09-02 17:15:22.352 [info] > git diff --name-status -z --diff-filter=ADMR 3ed51836bea0d2ea36b84fcad2790f5d0aa344b4...refs/remotes/origin/main [3ms]
2025-09-02 17:15:22.714 [info] > git show --textconv :README.md [7ms]
2025-09-02 17:15:22.716 [info] > git ls-files --stage -- README.md [3ms]
2025-09-02 17:15:22.723 [info] > git cat-file -s 43e42adfdfad8340f2e98eed69fcec7e2e8779cc [2ms]
2025-09-02 17:15:22.762 [info] > git blame --root --incremental 3ed51836bea0d2ea36b84fcad2790f5d0aa344b4 -- README.md [3ms]
2025-09-02 17:15:24.215 [info] > git show --textconv :index.js [7ms]
2025-09-02 17:15:24.216 [info] > git ls-files --stage -- index.js [2ms]
2025-09-02 17:15:24.224 [info] > git cat-file -s 6511704670b3bb9c5bf602628cf64ab25c5b4e38 [2ms]
2025-09-02 17:15:24.265 [info] > git blame --root --incremental 3ed51836bea0d2ea36b84fcad2790f5d0aa344b4 -- index.js [4ms]
2025-09-02 17:27:52.937 [info] > git config --get commit.template [7ms]
2025-09-02 17:27:52.939 [info] > git for-each-ref --format=%(refname)%00%(upstream:short)%00%(objectname)%00%(upstream:track)%00%(upstream:remotename)%00%(upstream:remoteref) refs/heads/main refs/remotes/main [3ms]
2025-09-02 17:27:52.953 [info] > git status -z -uall [7ms]
2025-09-02 17:27:52.955 [info] > git for-each-ref --sort -committerdate --format %(refname)%00%(objectname)%00%(*objectname) [3ms]
2025-09-02 17:38:44.717 [info] > git config --get commit.template [7ms]
2025-09-02 17:38:44.718 [info] > git for-each-ref --format=%(refname)%00%(upstream:short)%00%(objectname)%00%(upstream:track)%00%(upstream:remotename)%00%(upstream:remoteref) refs/heads/main refs/remotes/main [2ms]
2025-09-02 17:38:44.731 [info] > git status -z -uall [7ms]
2025-09-02 17:38:44.733 [info] > git for-each-ref --sort -committerdate --format %(refname)%00%(objectname)%00%(*objectname) [2ms]
2025-09-02 17:39:17.226 [info] > git config --get commit.template [7ms]
2025-09-02 17:39:17.228 [info] > git for-each-ref --format=%(refname)%00%(upstream:short)%00%(objectname)%00%(upstream:track)%00%(upstream:remotename)%00%(upstream:remoteref) refs/heads/main refs/remotes/main [3ms]
2025-09-02 17:39:17.241 [info] > git status -z -uall [7ms]
2025-09-02 17:39:17.243 [info] > git for-each-ref --sort -committerdate --format %(refname)%00%(objectname)%00%(*objectname) [3ms]
2025-09-02 17:39:27.035 [info] > git config --get commit.template [7ms]
2025-09-02 17:39:27.037 [info] > git for-each-ref --format=%(refname)%00%(upstream:short)%00%(objectname)%00%(upstream:track)%00%(upstream:remotename)%00%(upstream:remoteref) refs/heads/main refs/remotes/main [2ms]
2025-09-02 17:39:27.050 [info] > git status -z -uall [6ms]
2025-09-02 17:39:27.052 [info] > git for-each-ref --sort -committerdate --format %(refname)%00%(objectname)%00%(*objectname) [3ms]
2025-09-02 17:39:32.070 [info] > git config --get commit.template [6ms]
2025-09-02 17:39:32.071 [info] > git for-each-ref --format=%(refname)%00%(upstream:short)%00%(objectname)%00%(upstream:track)%00%(upstream:remotename)%00%(upstream:remoteref) refs/heads/main refs/remotes/main [2ms]
2025-09-02 17:39:32.084 [info] > git status -z -uall [7ms]
2025-09-02 17:39:32.085 [info] > git for-each-ref --sort -committerdate --format %(refname)%00%(objectname)%00%(*objectname) [2ms]
2025-09-02 17:39:37.102 [info] > git config --get commit.template [7ms]
2025-09-02 17:39:37.103 [info] > git for-each-ref --format=%(refname)%00%(upstream:short)%00%(objectname)%00%(upstream:track)%00%(upstream:remotename)%00%(upstream:remoteref) refs/heads/main refs/remotes/main [2ms]
2025-09-02 17:39:37.116 [info] > git status -z -uall [7ms]
2025-09-02 17:39:37.118 [info] > git for-each-ref --sort -committerdate --format %(refname)%00%(objectname)%00%(*objectname) [3ms]
2025-09-02 17:39:59.580 [info] > git config --get commit.template [7ms]
2025-09-02 17:39:59.582 [info] > git for-each-ref --format=%(refname)%00%(upstream:short)%00%(objectname)%00%(upstream:track)%00%(upstream:remotename)%00%(upstream:remoteref) refs/heads/main refs/remotes/main [2ms]
2025-09-02 17:39:59.595 [info] > git status -z -uall [7ms]
2025-09-02 17:39:59.597 [info] > git for-each-ref --sort -committerdate --format %(refname)%00%(objectname)%00%(*objectname) [3ms]
2025-09-02 17:40:22.397 [info] > git config --get commit.template [6ms]
2025-09-02 17:40:22.399 [info] > git for-each-ref --format=%(refname)%00%(upstream:short)%00%(objectname)%00%(upstream:track)%00%(upstream:remotename)%00%(upstream:remoteref) refs/heads/main refs/remotes/main [3ms]
2025-09-02 17:40:22.412 [info] > git status -z -uall [7ms]
2025-09-02 17:40:22.413 [info] > git for-each-ref --sort -committerdate --format %(refname)%00%(objectname)%00%(*objectname) [2ms]
2025-09-02 17:40:27.434 [info] > git config --get commit.template [8ms]
2025-09-02 17:40:27.436 [info] > git for-each-ref --format=%(refname)%00%(upstream:short)%00%(objectname)%00%(upstream:track)%00%(upstream:remotename)%00%(upstream:remoteref) refs/heads/main refs/remotes/main [2ms]
2025-09-02 17:40:27.456 [info] > git status -z -uall [10ms]
2025-09-02 17:40:27.457 [info] > git for-each-ref --sort -committerdate --format %(refname)%00%(objectname)%00%(*objectname) [3ms]
2025-09-02 17:40:33.240 [info] > git config --get commit.template [8ms]
2025-09-02 17:40:33.242 [info] > git for-each-ref --format=%(refname)%00%(upstream:short)%00%(objectname)%00%(upstream:track)%00%(upstream:remotename)%00%(upstream:remoteref) refs/heads/main refs/remotes/main [3ms]
2025-09-02 17:40:33.258 [info] > git status -z -uall [9ms]
2025-09-02 17:40:33.259 [info] > git for-each-ref --sort -committerdate --format %(refname)%00%(objectname)%00%(*objectname) [2ms]
2025-09-02 17:40:39.380 [info] > git config --get commit.template [7ms]
2025-09-02 17:40:39.381 [info] > git for-each-ref --format=%(refname)%00%(upstream:short)%00%(objectname)%00%(upstream:track)%00%(upstream:remotename)%00%(upstream:remoteref) refs/heads/main refs/remotes/main [2ms]
2025-09-02 17:40:39.395 [info] > git status -z -uall [7ms]
2025-09-02 17:40:39.397 [info] > git for-each-ref --sort -committerdate --format %(refname)%00%(objectname)%00%(*objectname) [3ms]
2025-09-02 17:40:44.413 [info] > git config --get commit.template [7ms]
2025-09-02 17:40:44.415 [info] > git for-each-ref --format=%(refname)%00%(upstream:short)%00%(objectname)%00%(upstream:track)%00%(upstream:remotename)%00%(upstream:remoteref) refs/heads/main refs/remotes/main [3ms]
2025-09-02 17:40:44.429 [info] > git status -z -uall [8ms]
2025-09-02 17:40:44.430 [info] > git for-each-ref --sort -committerdate --format %(refname)%00%(objectname)%00%(*objectname) [2ms]
2025-09-02 17:41:13.612 [info] > git config --get commit.template [7ms]
2025-09-02 17:41:13.613 [info] > git for-each-ref --format=%(refname)%00%(upstream:short)%00%(objectname)%00%(upstream:track)%00%(upstream:remotename)%00%(upstream:remoteref) refs/heads/main refs/remotes/main [2ms]
2025-09-02 17:41:13.627 [info] > git status -z -uall [7ms]
2025-09-02 17:41:13.629 [info] > git for-each-ref --sort -committerdate --format %(refname)%00%(objectname)%00%(*objectname) [3ms]
2025-09-02 17:41:23.949 [info] > git config --get commit.template [7ms]
2025-09-02 17:41:23.950 [info] > git for-each-ref --format=%(refname)%00%(upstream:short)%00%(objectname)%00%(upstream:track)%00%(upstream:remotename)%00%(upstream:remoteref) refs/heads/main refs/remotes/main [2ms]
2025-09-02 17:41:23.964 [info] > git status -z -uall [6ms]
2025-09-02 17:41:23.965 [info] > git for-each-ref --sort -committerdate --format %(refname)%00%(objectname)%00%(*objectname) [2ms]
2025-09-02 17:41:45.240 [info] > git config --get commit.template [7ms]
2025-09-02 17:41:45.242 [info] > git for-each-ref --format=%(refname)%00%(upstream:short)%00%(objectname)%00%(upstream:track)%00%(upstream:remotename)%00%(upstream:remoteref) refs/heads/main refs/remotes/main [3ms]
2025-09-02 17:41:45.255 [info] > git status -z -uall [7ms]
2025-09-02 17:41:45.256 [info] > git for-each-ref --sort -committerdate --format %(refname)%00%(objectname)%00%(*objectname) [2ms]
2025-09-02 17:41:57.913 [info] > git config --get commit.template [6ms]
2025-09-02 17:41:57.915 [info] > git for-each-ref --format=%(refname)%00%(upstream:short)%00%(objectname)%00%(upstream:track)%00%(upstream:remotename)%00%(upstream:remoteref) refs/heads/main refs/remotes/main [2ms]
2025-09-02 17:41:57.929 [info] > git status -z -uall [8ms]
2025-09-02 17:41:57.930 [info] > git for-each-ref --sort -committerdate --format %(refname)%00%(objectname)%00%(*objectname) [3ms]
2025-09-02 17:42:02.946 [info] > git config --get commit.template [7ms]
2025-09-02 17:42:02.948 [info] > git for-each-ref --format=%(refname)%00%(upstream:short)%00%(objectname)%00%(upstream:track)%00%(upstream:remotename)%00%(upstream:remoteref) refs/heads/main refs/remotes/main [3ms]
2025-09-02 17:42:02.960 [info] > git status -z -uall [6ms]
2025-09-02 17:42:02.962 [info] > git for-each-ref --sort -committerdate --format %(refname)%00%(objectname)%00%(*objectname) [3ms]
2025-09-02 17:42:14.489 [info] > git config --get commit.template [10ms]
2025-09-02 17:42:14.491 [info] > git for-each-ref --format=%(refname)%00%(upstream:short)%00%(objectname)%00%(upstream:track)%00%(upstream:remotename)%00%(upstream:remoteref) refs/heads/main refs/remotes/main [4ms]
2025-09-02 17:42:14.506 [info] > git status -z -uall [8ms]
2025-09-02 17:42:14.507 [info] > git for-each-ref --sort -committerdate --format %(refname)%00%(objectname)%00%(*objectname) [3ms]
2025-09-02 17:42:19.524 [info] > git config --get commit.template [8ms]
2025-09-02 17:42:19.525 [info] > git for-each-ref --format=%(refname)%00%(upstream:short)%00%(objectname)%00%(upstream:track)%00%(upstream:remotename)%00%(upstream:remoteref) refs/heads/main refs/remotes/main [3ms]
2025-09-02 17:42:19.539 [info] > git status -z -uall [7ms]
2025-09-02 17:42:19.540 [info] > git for-each-ref --sort -committerdate --format %(refname)%00%(objectname)%00%(*objectname) [2ms]
2025-09-02 17:42:24.556 [info] > git config --get commit.template [7ms]
2025-09-02 17:42:24.557 [info] > git for-each-ref --format=%(refname)%00%(upstream:short)%00%(objectname)%00%(upstream:track)%00%(upstream:remotename)%00%(upstream:remoteref) refs/heads/main refs/remotes/main [2ms]
2025-09-02 17:42:24.571 [info] > git status -z -uall [7ms]
2025-09-02 17:42:24.573 [info] > git for-each-ref --sort -committerdate --format %(refname)%00%(objectname)%00%(*objectname) [3ms]
2025-09-02 17:56:19.454 [info] > git config --get commit.template [8ms]
2025-09-02 17:56:19.455 [info] > git for-each-ref --format=%(refname)%00%(upstream:short)%00%(objectname)%00%(upstream:track)%00%(upstream:remotename)%00%(upstream:remoteref) refs/heads/main refs/remotes/main [2ms]
2025-09-02 17:56:19.469 [info] > git status -z -uall [7ms]
2025-09-02 17:56:19.471 [info] > git for-each-ref --sort -committerdate --format %(refname)%00%(objectname)%00%(*objectname) [3ms]
2025-09-02 18:15:28.136 [info] > git config --get commit.template [7ms]
2025-09-02 18:15:28.137 [info] > git for-each-ref --format=%(refname)%00%(upstream:short)%00%(objectname)%00%(upstream:track)%00%(upstream:remotename)%00%(upstream:remoteref) refs/heads/main refs/remotes/main [2ms]
2025-09-02 18:15:28.150 [info] > git status -z -uall [7ms]
2025-09-02 18:15:28.152 [info] > git for-each-ref --sort -committerdate --format %(refname)%00%(objectname)%00%(*objectname) [3ms]
2025-09-02 18:15:33.168 [info] > git config --get commit.template [7ms]
2025-09-02 18:15:33.169 [info] > git for-each-ref --format=%(refname)%00%(upstream:short)%00%(objectname)%00%(upstream:track)%00%(upstream:remotename)%00%(upstream:remoteref) refs/heads/main refs/remotes/main [2ms]
2025-09-02 18:15:33.183 [info] > git status -z -uall [7ms]
2025-09-02 18:15:33.185 [info] > git for-each-ref --sort -committerdate --format %(refname)%00%(objectname)%00%(*objectname) [3ms]
2025-09-02 18:15:38.202 [info] > git config --get commit.template [7ms]
2025-09-02 18:15:38.204 [info] > git for-each-ref --format=%(refname)%00%(upstream:short)%00%(objectname)%00%(upstream:track)%00%(upstream:remotename)%00%(upstream:remoteref) refs/heads/main refs/remotes/main [3ms]
2025-09-02 18:15:38.218 [info] > git status -z -uall [7ms]
2025-09-02 18:15:38.220 [info] > git for-each-ref --sort -committerdate --format %(refname)%00%(objectname)%00%(*objectname) [3ms]
2025-09-02 18:15:43.233 [info] > git config --get commit.template [4ms]
2025-09-02 18:15:43.243 [info] > git for-each-ref --format=%(refname)%00%(upstream:short)%00%(objectname)%00%(upstream:track)%00%(upstream:remotename)%00%(upstream:remoteref) refs/heads/main refs/remotes/main [3ms]
2025-09-02 18:15:43.257 [info] > git status -z -uall [7ms]
2025-09-02 18:15:43.260 [info] > git for-each-ref --sort -committerdate --format %(refname)%00%(objectname)%00%(*objectname) [3ms]
2025-09-02 18:15:51.013 [info] > git config --get commit.template [7ms]
2025-09-02 18:15:51.014 [info] > git for-each-ref --format=%(refname)%00%(upstream:short)%00%(objectname)%00%(upstream:track)%00%(upstream:remotename)%00%(upstream:remoteref) refs/heads/main refs/remotes/main [2ms]
2025-09-02 18:15:51.027 [info] > git status -z -uall [7ms]
2025-09-02 18:15:51.028 [info] > git for-each-ref --sort -committerdate --format %(refname)%00%(objectname)%00%(*objectname) [2ms]
