2025-09-04 00:49:55.968 [info] [main] Log level: Info
2025-09-04 00:49:55.968 [info] [main] Validating found git in: "git"
2025-09-04 00:49:55.968 [info] [main] Using git "2.43.0" from "git"
2025-09-04 00:49:55.968 [info] [Model][doInitialScan] Initial repository scan started
2025-09-04 00:49:55.968 [info] > git rev-parse --show-toplevel [117ms]
2025-09-04 00:49:55.968 [info] > git rev-parse --git-dir --git-common-dir [30ms]
2025-09-04 00:49:55.968 [info] [Model][openRepository] Opened repository (path): /home/tolubada1
2025-09-04 00:49:55.968 [info] [Model][openRepository] Opened repository (real path): /home/tolubada1
2025-09-04 00:49:55.968 [info] > git rev-parse --show-toplevel [2699ms]
2025-09-04 00:49:55.968 [info] > git config --get commit.template [2706ms]
2025-09-04 00:49:56.236 [info] > git for-each-ref --format=%(refname)%00%(upstream:short)%00%(objectname)%00%(upstream:track)%00%(upstream:remotename)%00%(upstream:remoteref) refs/heads/main refs/remotes/main [196ms]
2025-09-04 00:49:56.689 [info] > git check-ignore -v -z --stdin [36ms]
2025-09-04 00:49:56.691 [info] > git rev-parse --show-toplevel [27ms]
2025-09-04 00:49:56.798 [info] > git rev-parse --show-toplevel [38ms]
2025-09-04 00:49:56.799 [info] > git for-each-ref --sort -committerdate --format %(refname)%00%(objectname)%00%(*objectname) [64ms]
2025-09-04 00:49:56.844 [info] > git status -z -uall [134ms]
2025-09-04 00:49:56.845 [info] > git rev-parse --show-toplevel [13ms]
2025-09-04 00:49:57.852 [info] > git for-each-ref --format=%(refname)%00%(upstream:short)%00%(objectname)%00%(upstream:track)%00%(upstream:remotename)%00%(upstream:remoteref) refs/heads/main refs/remotes/main [867ms]
2025-09-04 00:49:57.877 [info] > git config --get --local branch.main.vscode-merge-base [14ms]
2025-09-04 00:49:57.878 [warning] [Git][config] git config failed: Failed to execute git
2025-09-04 00:49:57.906 [info] > git config --get commit.template [128ms]
2025-09-04 00:49:57.906 [info] > git rev-parse --show-toplevel [138ms]
2025-09-04 00:49:57.919 [info] > git reflog main --grep-reflog=branch: Created from *. [15ms]
2025-09-04 00:49:57.944 [info] > git symbolic-ref --short refs/remotes/origin/HEAD [13ms]
2025-09-04 00:49:57.944 [info] fatal: ref refs/remotes/origin/HEAD is not a symbolic ref
2025-09-04 00:49:57.944 [warning] [Repository][getDefaultBranch] Failed to get default branch details: Failed to execute git.
2025-09-04 00:49:57.954 [info] > git rev-parse --show-toplevel [36ms]
2025-09-04 00:49:57.964 [info] > git for-each-ref --format=%(refname)%00%(upstream:short)%00%(objectname)%00%(upstream:track)%00%(upstream:remotename)%00%(upstream:remoteref) refs/heads/main refs/remotes/main [25ms]
2025-09-04 00:49:57.966 [info] > git rev-parse --show-toplevel [3ms]
2025-09-04 00:49:57.966 [info] > git merge-base refs/heads/main refs/remotes/origin/main [13ms]
2025-09-04 00:49:57.994 [info] > git diff --name-status -z --diff-filter=ADMR 46e0ceb3087b7074ed04f730b6914b241f84735d...refs/remotes/origin/main [15ms]
2025-09-04 00:49:57.998 [info] > git rev-parse --show-toplevel [6ms]
2025-09-04 00:49:58.050 [info] > git rev-parse --show-toplevel [5ms]
2025-09-04 00:49:58.051 [info] > git for-each-ref --sort -committerdate --format %(refname)%00%(objectname)%00%(*objectname) [22ms]
2025-09-04 00:49:58.070 [info] > git rev-parse --show-toplevel [3ms]
2025-09-04 00:49:58.084 [info] > git rev-parse --show-toplevel [3ms]
2025-09-04 00:49:58.085 [info] [Model][doInitialScan] Initial repository scan completed - repositories (1), closed repositories (0), parent repositories (0), unsafe repositories (0)
2025-09-04 00:49:58.116 [info] > git show --textconv :src/app.js [17ms]
2025-09-04 00:49:58.117 [info] > git ls-files --stage -- src/app.js [5ms]
2025-09-04 00:49:58.132 [info] > git cat-file -s d0a08d79027fa76f7c5689faed7cd0e2368fe4c2 [5ms]
2025-09-04 00:49:58.137 [info] > git status -z -uall [124ms]
2025-09-04 00:50:01.630 [info] > git config --get commit.template [6ms]
2025-09-04 00:50:01.646 [info] > git for-each-ref --format=%(refname)%00%(upstream:short)%00%(objectname)%00%(upstream:track)%00%(upstream:remotename)%00%(upstream:remoteref) refs/heads/main refs/remotes/main [4ms]
2025-09-04 00:50:01.676 [info] > git for-each-ref --sort -committerdate --format %(refname)%00%(objectname)%00%(*objectname) [4ms]
2025-09-04 00:50:01.736 [info] > git status -z -uall [77ms]
2025-09-04 00:50:04.423 [info] > git blame --root --incremental 46e0ceb3087b7074ed04f730b6914b241f84735d -- src/app.js [5ms]
2025-09-04 00:50:06.820 [info] > git config --get commit.template [5ms]
2025-09-04 00:50:06.842 [info] > git for-each-ref --format=%(refname)%00%(upstream:short)%00%(objectname)%00%(upstream:track)%00%(upstream:remotename)%00%(upstream:remoteref) refs/heads/main refs/remotes/main [3ms]
2025-09-04 00:50:06.932 [info] > git for-each-ref --sort -committerdate --format %(refname)%00%(objectname)%00%(*objectname) [10ms]
2025-09-04 00:50:07.018 [info] > git status -z -uall [132ms]
2025-09-04 00:51:24.644 [info] > git config --get commit.template [7ms]
2025-09-04 00:51:24.655 [info] > git for-each-ref --format=%(refname)%00%(upstream:short)%00%(objectname)%00%(upstream:track)%00%(upstream:remotename)%00%(upstream:remoteref) refs/heads/main refs/remotes/main [2ms]
2025-09-04 00:51:24.676 [info] > git for-each-ref --sort -committerdate --format %(refname)%00%(objectname)%00%(*objectname) [3ms]
2025-09-04 00:51:24.738 [info] > git status -z -uall [73ms]
2025-09-04 00:51:49.891 [info] > git config --get commit.template [10ms]
2025-09-04 00:51:49.892 [info] > git for-each-ref --format=%(refname)%00%(upstream:short)%00%(objectname)%00%(upstream:track)%00%(upstream:remotename)%00%(upstream:remoteref) refs/heads/main refs/remotes/main [2ms]
2025-09-04 00:51:49.911 [info] > git for-each-ref --sort -committerdate --format %(refname)%00%(objectname)%00%(*objectname) [2ms]
2025-09-04 00:51:49.975 [info] > git status -z -uall [74ms]
2025-09-04 00:51:55.046 [info] > git config --get commit.template [1ms]
2025-09-04 00:51:55.061 [info] > git for-each-ref --format=%(refname)%00%(upstream:short)%00%(objectname)%00%(upstream:track)%00%(upstream:remotename)%00%(upstream:remoteref) refs/heads/main refs/remotes/main [2ms]
2025-09-04 00:51:55.107 [info] > git for-each-ref --sort -committerdate --format %(refname)%00%(objectname)%00%(*objectname) [5ms]
2025-09-04 00:51:55.174 [info] > git status -z -uall [89ms]
2025-09-04 00:52:08.189 [info] > git config --get commit.template [8ms]
2025-09-04 00:52:08.190 [info] > git for-each-ref --format=%(refname)%00%(upstream:short)%00%(objectname)%00%(upstream:track)%00%(upstream:remotename)%00%(upstream:remoteref) refs/heads/main refs/remotes/main [2ms]
2025-09-04 00:52:08.208 [info] > git for-each-ref --sort -committerdate --format %(refname)%00%(objectname)%00%(*objectname) [2ms]
2025-09-04 00:52:08.270 [info] > git status -z -uall [72ms]
2025-09-04 00:53:00.649 [info] > git config --get commit.template [9ms]
2025-09-04 00:53:00.650 [info] > git for-each-ref --format=%(refname)%00%(upstream:short)%00%(objectname)%00%(upstream:track)%00%(upstream:remotename)%00%(upstream:remoteref) refs/heads/main refs/remotes/main [2ms]
2025-09-04 00:53:00.673 [info] > git for-each-ref --sort -committerdate --format %(refname)%00%(objectname)%00%(*objectname) [3ms]
2025-09-04 00:53:00.734 [info] > git status -z -uall [75ms]
2025-09-04 00:57:25.340 [info] > git config --get commit.template [9ms]
2025-09-04 00:57:25.341 [info] > git for-each-ref --format=%(refname)%00%(upstream:short)%00%(objectname)%00%(upstream:track)%00%(upstream:remotename)%00%(upstream:remoteref) refs/heads/main refs/remotes/main [3ms]
2025-09-04 00:57:25.363 [info] > git for-each-ref --sort -committerdate --format %(refname)%00%(objectname)%00%(*objectname) [2ms]
2025-09-04 00:57:25.431 [info] > git status -z -uall [81ms]
2025-09-04 01:01:18.872 [info] > git for-each-ref --format=%(refname)%00%(upstream:short)%00%(objectname)%00%(upstream:track)%00%(upstream:remotename)%00%(upstream:remoteref) refs/heads/main refs/remotes/main [3ms]
2025-09-04 01:01:18.872 [info] > git config --get commit.template [11ms]
2025-09-04 01:01:18.890 [info] > git for-each-ref --sort -committerdate --format %(refname)%00%(objectname)%00%(*objectname) [2ms]
2025-09-04 01:01:18.954 [info] > git status -z -uall [74ms]
2025-09-04 01:01:24.032 [info] > git config --get commit.template [10ms]
2025-09-04 01:01:24.033 [info] > git for-each-ref --format=%(refname)%00%(upstream:short)%00%(objectname)%00%(upstream:track)%00%(upstream:remotename)%00%(upstream:remoteref) refs/heads/main refs/remotes/main [2ms]
2025-09-04 01:01:24.053 [info] > git for-each-ref --sort -committerdate --format %(refname)%00%(objectname)%00%(*objectname) [3ms]
2025-09-04 01:01:24.111 [info] > git status -z -uall [70ms]
