2025-09-03 15:03:18.498 [info] [main] Log level: Info
2025-09-03 15:03:18.498 [info] [main] Validating found git in: "git"
2025-09-03 15:03:18.498 [info] [main] Using git "2.43.0" from "git"
2025-09-03 15:03:18.498 [info] [Model][doInitialScan] Initial repository scan started
2025-09-03 15:03:22.701 [info] > git rev-parse --show-toplevel [4204ms]
2025-09-03 15:03:22.701 [info] fatal: not a git repository (or any parent up to mount point /)
Stopping at filesystem boundary (GIT_DISCOVERY_ACROSS_FILESYSTEM not set).
2025-09-03 15:03:26.408 [info] > git rev-parse --show-toplevel [3559ms]
2025-09-03 15:03:26.932 [info] > git rev-parse --git-dir --git-common-dir [438ms]
2025-09-03 15:03:26.948 [info] [Model][openRepository] Opened repository (path): /home/tolubada1/Drive-Health-ETL
2025-09-03 15:03:26.948 [info] [Model][openRepository] Opened repository (real path): /home/tolubada1/Drive-Health-ETL
2025-09-03 15:03:26.992 [info] > git rev-parse --show-toplevel [24ms]
2025-09-03 15:03:26.992 [info] fatal: not a git repository (or any parent up to mount point /)
Stopping at filesystem boundary (GIT_DISCOVERY_ACROSS_FILESYSTEM not set).
2025-09-03 15:03:26.993 [info] > git config --get commit.template [33ms]
2025-09-03 15:03:27.054 [info] > git rev-parse --show-toplevel [37ms]
2025-09-03 15:03:27.054 [info] fatal: not a git repository (or any parent up to mount point /)
Stopping at filesystem boundary (GIT_DISCOVERY_ACROSS_FILESYSTEM not set).
2025-09-03 15:03:27.070 [info] > git rev-parse --show-toplevel [2ms]
2025-09-03 15:03:27.070 [info] fatal: not a git repository (or any parent up to mount point /)
Stopping at filesystem boundary (GIT_DISCOVERY_ACROSS_FILESYSTEM not set).
2025-09-03 15:03:27.081 [info] > git for-each-ref --format=%(refname)%00%(upstream:short)%00%(objectname)%00%(upstream:track)%00%(upstream:remotename)%00%(upstream:remoteref) refs/heads/main refs/remotes/main [29ms]
2025-09-03 15:03:27.114 [info] > git rev-parse --show-toplevel [34ms]
2025-09-03 15:03:27.114 [info] fatal: not a git repository (or any parent up to mount point /)
Stopping at filesystem boundary (GIT_DISCOVERY_ACROSS_FILESYSTEM not set).
2025-09-03 15:03:27.124 [info] > git rev-parse --show-toplevel [2ms]
2025-09-03 15:03:27.124 [info] fatal: not a git repository (or any parent up to mount point /)
Stopping at filesystem boundary (GIT_DISCOVERY_ACROSS_FILESYSTEM not set).
2025-09-03 15:03:27.139 [info] > git rev-parse --show-toplevel [7ms]
2025-09-03 15:03:27.140 [info] fatal: not a git repository (or any parent up to mount point /)
Stopping at filesystem boundary (GIT_DISCOVERY_ACROSS_FILESYSTEM not set).
2025-09-03 15:03:27.152 [info] > git rev-parse --show-toplevel [4ms]
2025-09-03 15:03:27.152 [info] fatal: not a git repository (or any parent up to mount point /)
Stopping at filesystem boundary (GIT_DISCOVERY_ACROSS_FILESYSTEM not set).
2025-09-03 15:03:27.152 [info] [Model][doInitialScan] Initial repository scan completed - repositories (1), closed repositories (0), parent repositories (0), unsafe repositories (0)
2025-09-03 15:03:27.187 [info] > git status -z -uall [95ms]
2025-09-03 15:03:27.188 [info] > git for-each-ref --sort -committerdate --format %(refname)%00%(objectname)%00%(*objectname) [77ms]
2025-09-03 15:03:27.235 [info] > git for-each-ref --format=%(refname)%00%(upstream:short)%00%(objectname)%00%(upstream:track)%00%(upstream:remotename)%00%(upstream:remoteref) refs/heads/main refs/remotes/main [26ms]
2025-09-03 15:03:27.301 [info] > git config --get commit.template [79ms]
2025-09-03 15:03:27.305 [info] > git config --get --local branch.main.vscode-merge-base [58ms]
2025-09-03 15:03:27.306 [warning] [Git][config] git config failed: Failed to execute git
2025-09-03 15:03:27.334 [info] > git reflog main --grep-reflog=branch: Created from *. [19ms]
2025-09-03 15:03:27.349 [info] > git for-each-ref --format=%(refname)%00%(upstream:short)%00%(objectname)%00%(upstream:track)%00%(upstream:remotename)%00%(upstream:remoteref) refs/heads/main refs/remotes/main [19ms]
2025-09-03 15:03:27.369 [info] > git status -z -uall [13ms]
2025-09-03 15:03:27.370 [info] > git symbolic-ref --short refs/remotes/origin/HEAD [28ms]
2025-09-03 15:03:27.370 [info] fatal: ref refs/remotes/origin/HEAD is not a symbolic ref
2025-09-03 15:03:27.370 [warning] [Repository][getDefaultBranch] Failed to get default branch details: Failed to execute git.
2025-09-03 15:03:27.373 [info] > git for-each-ref --sort -committerdate --format %(refname)%00%(objectname)%00%(*objectname) [6ms]
2025-09-03 15:03:27.440 [info] > git show --textconv :app.js [13ms]
2025-09-03 15:03:27.442 [info] > git ls-files --stage -- app.js [4ms]
2025-09-03 15:03:27.456 [info] > git cat-file -s d0a08d79027fa76f7c5689faed7cd0e2368fe4c2 [3ms]
2025-09-03 15:03:27.606 [info] > git blame --root --incremental 4fedfe743955917e2a6535c2536a1ca95b86baca -- app.js [6ms]
2025-09-03 15:03:27.739 [info] > git check-ignore -v -z --stdin [2ms]
2025-09-03 15:04:43.329 [info] > git rev-parse --show-toplevel [7ms]
2025-09-03 15:04:43.329 [info] fatal: not a git repository (or any parent up to mount point /)
Stopping at filesystem boundary (GIT_DISCOVERY_ACROSS_FILESYSTEM not set).
2025-09-03 15:04:45.623 [info] > git ls-files --stage -- README.md [2ms]
2025-09-03 15:04:45.685 [info] > git show --textconv :README.md [74ms]
2025-09-03 15:04:45.685 [info] > git cat-file -s 43e42adfdfad8340f2e98eed69fcec7e2e8779cc [52ms]
2025-09-03 15:04:45.849 [info] > git blame --root --incremental 4fedfe743955917e2a6535c2536a1ca95b86baca -- README.md [4ms]
2025-09-03 15:04:55.013 [info] > git show --textconv :app.js [10ms]
2025-09-03 15:04:55.014 [info] > git ls-files --stage -- app.js [3ms]
2025-09-03 15:04:55.025 [info] > git cat-file -s d0a08d79027fa76f7c5689faed7cd0e2368fe4c2 [3ms]
2025-09-03 15:05:54.204 [info] > git ls-files --stage -- sampling.js [3ms]
2025-09-03 15:05:54.246 [info] > git cat-file -s 9722011e5947ee3bd4e00a861b837aa40cfc7776 [36ms]
2025-09-03 15:05:54.247 [info] > git show --textconv :sampling.js [55ms]
2025-09-03 15:05:54.297 [info] > git blame --root --incremental 4fedfe743955917e2a6535c2536a1ca95b86baca -- sampling.js [3ms]
2025-09-03 15:06:05.858 [info] > git show --textconv :app.js [21ms]
2025-09-03 15:06:05.859 [info] > git ls-files --stage -- app.js [7ms]
2025-09-03 15:06:05.880 [info] > git cat-file -s d0a08d79027fa76f7c5689faed7cd0e2368fe4c2 [5ms]
