2025-09-04 00:26:38.971 [info] [main] Log level: Info
2025-09-04 00:26:38.971 [info] [main] Validating found git in: "git"
2025-09-04 00:26:38.971 [info] [main] Using git "2.43.0" from "git"
2025-09-04 00:26:38.971 [info] [Model][doInitialScan] Initial repository scan started
2025-09-04 00:26:38.979 [info] > git rev-parse --show-toplevel [33ms]
2025-09-04 00:26:38.986 [info] > git rev-parse --git-dir --git-common-dir [2ms]
2025-09-04 00:26:39.000 [info] [Model][openRepository] Opened repository (path): /home/tolubada1
2025-09-04 00:26:39.000 [info] [Model][openRepository] Opened repository (real path): /home/tolubada1
2025-09-04 00:26:39.015 [info] > git config --get commit.template [6ms]
2025-09-04 00:26:39.017 [info] > git rev-parse --show-toplevel [5ms]
2025-09-04 00:26:39.031 [info] > git rev-parse --show-toplevel [5ms]
2025-09-04 00:26:39.040 [info] > git rev-parse --show-toplevel [1ms]
2025-09-04 00:26:39.048 [info] > git rev-parse --show-toplevel [2ms]
2025-09-04 00:26:39.061 [info] > git rev-parse --show-toplevel [4ms]
2025-09-04 00:26:39.069 [info] > git rev-parse --show-toplevel [2ms]
2025-09-04 00:26:39.075 [info] > git rev-parse --show-toplevel [2ms]
2025-09-04 00:26:39.080 [info] > git for-each-ref --format=%(refname)%00%(upstream:short)%00%(objectname)%00%(upstream:track)%00%(upstream:remotename)%00%(upstream:remoteref) refs/heads/main refs/remotes/main [59ms]
2025-09-04 00:26:39.082 [info] > git rev-parse --show-toplevel [3ms]
2025-09-04 00:26:39.190 [info] > git rev-parse --show-toplevel [103ms]
2025-09-04 00:26:39.200 [info] > git for-each-ref --sort -committerdate --format %(refname)%00%(objectname)%00%(*objectname) [103ms]
2025-09-04 00:26:39.204 [info] > git rev-parse --show-toplevel [5ms]
2025-09-04 00:26:39.205 [info] [Model][doInitialScan] Initial repository scan completed - repositories (1), closed repositories (0), parent repositories (0), unsafe repositories (0)
2025-09-04 00:26:42.349 [info] > git check-ignore -v -z --stdin [82ms]
2025-09-04 00:26:42.922 [info] > git status -z -uall [3831ms]
2025-09-04 00:26:42.923 [info] > git show --textconv :load-test.js [518ms]
2025-09-04 00:26:42.924 [info] > git ls-files --stage -- load-test.js [490ms]
2025-09-04 00:26:43.056 [info] > git for-each-ref --format=%(refname)%00%(upstream:short)%00%(objectname)%00%(upstream:track)%00%(upstream:remotename)%00%(upstream:remoteref) refs/heads/main refs/remotes/main [16ms]
2025-09-04 00:26:43.063 [info] > git hash-object -t tree /dev/null [125ms]
2025-09-04 00:26:43.064 [warning] [GitFileSystemProvider][readFile] File not found - git:/home/tolubada1/load-test.js.git?%7B%22path%22%3A%22%2Fhome%2Ftolubada1%2Fload-test.js%22%2C%22ref%22%3A%22%22%7D
2025-09-04 00:26:43.073 [info] > git hash-object -t tree /dev/null [142ms]
2025-09-04 00:26:43.073 [warning] [GitFileSystemProvider][stat] File not found - git:/home/tolubada1/load-test.js.git?%7B%22path%22%3A%22%2Fhome%2Ftolubada1%2Fload-test.js%22%2C%22ref%22%3A%22%22%7D
2025-09-04 00:26:43.846 [info] > git config --get --local branch.main.vscode-merge-base [782ms]
2025-09-04 00:26:43.846 [warning] [Git][config] git config failed: Failed to execute git
2025-09-04 00:26:43.853 [info] > git config --get commit.template [800ms]
2025-09-04 00:26:43.881 [info] > git reflog main --grep-reflog=branch: Created from *. [28ms]
2025-09-04 00:26:43.911 [info] > git symbolic-ref --short refs/remotes/origin/HEAD [23ms]
2025-09-04 00:26:43.911 [info] fatal: ref refs/remotes/origin/HEAD is not a symbolic ref
2025-09-04 00:26:43.911 [warning] [Repository][getDefaultBranch] Failed to get default branch details: Failed to execute git.
2025-09-04 00:26:43.944 [info] > git merge-base refs/heads/main refs/remotes/origin/main [23ms]
2025-09-04 00:26:43.958 [info] > git for-each-ref --format=%(refname)%00%(upstream:short)%00%(objectname)%00%(upstream:track)%00%(upstream:remotename)%00%(upstream:remoteref) refs/heads/main refs/remotes/main [64ms]
2025-09-04 00:26:43.964 [info] > git diff --name-status -z --diff-filter=ADMR 46e0ceb3087b7074ed04f730b6914b241f84735d...refs/remotes/origin/main [6ms]
2025-09-04 00:26:44.001 [info] > git for-each-ref --sort -committerdate --format %(refname)%00%(objectname)%00%(*objectname) [18ms]
2025-09-04 00:26:44.083 [info] > git status -z -uall [110ms]
2025-09-04 00:26:45.199 [info] > git blame --root --incremental 46e0ceb3087b7074ed04f730b6914b241f84735d -- load-test.js [3ms]
2025-09-04 00:26:45.199 [info] fatal: no such path load-test.js in 46e0ceb3087b7074ed04f730b6914b241f84735d
2025-09-04 00:26:46.312 [info] > git config --get commit.template [48ms]
2025-09-04 00:26:46.341 [info] > git for-each-ref --format=%(refname)%00%(upstream:short)%00%(objectname)%00%(upstream:track)%00%(upstream:remotename)%00%(upstream:remoteref) refs/heads/main refs/remotes/main [15ms]
2025-09-04 00:26:46.398 [info] > git for-each-ref --sort -committerdate --format %(refname)%00%(objectname)%00%(*objectname) [16ms]
2025-09-04 00:26:46.481 [info] > git status -z -uall [114ms]
2025-09-04 00:26:56.181 [info] > git config --get commit.template [14ms]
2025-09-04 00:26:56.198 [info] > git for-each-ref --format=%(refname)%00%(upstream:short)%00%(objectname)%00%(upstream:track)%00%(upstream:remotename)%00%(upstream:remoteref) refs/heads/main refs/remotes/main [4ms]
2025-09-04 00:26:56.229 [info] > git for-each-ref --sort -committerdate --format %(refname)%00%(objectname)%00%(*objectname) [2ms]
2025-09-04 00:26:56.321 [info] > git status -z -uall [108ms]
2025-09-04 00:27:02.943 [info] > git config --get commit.template [10ms]
2025-09-04 00:27:02.944 [info] > git for-each-ref --format=%(refname)%00%(upstream:short)%00%(objectname)%00%(upstream:track)%00%(upstream:remotename)%00%(upstream:remoteref) refs/heads/main refs/remotes/main [2ms]
2025-09-04 00:27:02.991 [info] > git for-each-ref --sort -committerdate --format %(refname)%00%(objectname)%00%(*objectname) [10ms]
2025-09-04 00:27:03.055 [info] > git status -z -uall [98ms]
2025-09-04 00:27:08.131 [info] > git config --get commit.template [3ms]
2025-09-04 00:27:08.139 [info] > git for-each-ref --format=%(refname)%00%(upstream:short)%00%(objectname)%00%(upstream:track)%00%(upstream:remotename)%00%(upstream:remoteref) refs/heads/main refs/remotes/main [1ms]
2025-09-04 00:27:08.155 [info] > git for-each-ref --sort -committerdate --format %(refname)%00%(objectname)%00%(*objectname) [2ms]
2025-09-04 00:27:08.222 [info] > git status -z -uall [76ms]
2025-09-04 00:27:13.282 [info] > git config --get commit.template [8ms]
2025-09-04 00:27:13.283 [info] > git for-each-ref --format=%(refname)%00%(upstream:short)%00%(objectname)%00%(upstream:track)%00%(upstream:remotename)%00%(upstream:remoteref) refs/heads/main refs/remotes/main [2ms]
2025-09-04 00:27:13.300 [info] > git for-each-ref --sort -committerdate --format %(refname)%00%(objectname)%00%(*objectname) [2ms]
2025-09-04 00:27:13.367 [info] > git status -z -uall [77ms]
2025-09-04 00:27:18.425 [info] > git config --get commit.template [7ms]
2025-09-04 00:27:18.426 [info] > git for-each-ref --format=%(refname)%00%(upstream:short)%00%(objectname)%00%(upstream:track)%00%(upstream:remotename)%00%(upstream:remoteref) refs/heads/main refs/remotes/main [2ms]
2025-09-04 00:27:18.442 [info] > git for-each-ref --sort -committerdate --format %(refname)%00%(objectname)%00%(*objectname) [2ms]
2025-09-04 00:27:18.502 [info] > git status -z -uall [68ms]
2025-09-04 00:27:23.560 [info] > git config --get commit.template [8ms]
2025-09-04 00:27:23.561 [info] > git for-each-ref --format=%(refname)%00%(upstream:short)%00%(objectname)%00%(upstream:track)%00%(upstream:remotename)%00%(upstream:remoteref) refs/heads/main refs/remotes/main [2ms]
2025-09-04 00:27:23.576 [info] > git for-each-ref --sort -committerdate --format %(refname)%00%(objectname)%00%(*objectname) [2ms]
2025-09-04 00:27:23.635 [info] > git status -z -uall [67ms]
2025-09-04 00:27:28.696 [info] > git config --get commit.template [7ms]
2025-09-04 00:27:28.696 [info] > git for-each-ref --format=%(refname)%00%(upstream:short)%00%(objectname)%00%(upstream:track)%00%(upstream:remotename)%00%(upstream:remoteref) refs/heads/main refs/remotes/main [1ms]
2025-09-04 00:27:28.713 [info] > git for-each-ref --sort -committerdate --format %(refname)%00%(objectname)%00%(*objectname) [2ms]
2025-09-04 00:27:28.770 [info] > git status -z -uall [66ms]
2025-09-04 00:27:33.827 [info] > git config --get commit.template [8ms]
2025-09-04 00:27:33.829 [info] > git for-each-ref --format=%(refname)%00%(upstream:short)%00%(objectname)%00%(upstream:track)%00%(upstream:remotename)%00%(upstream:remoteref) refs/heads/main refs/remotes/main [3ms]
2025-09-04 00:27:33.845 [info] > git for-each-ref --sort -committerdate --format %(refname)%00%(objectname)%00%(*objectname) [2ms]
2025-09-04 00:27:33.904 [info] > git status -z -uall [68ms]
2025-09-04 00:27:38.963 [info] > git config --get commit.template [13ms]
2025-09-04 00:27:38.964 [info] > git for-each-ref --format=%(refname)%00%(upstream:short)%00%(objectname)%00%(upstream:track)%00%(upstream:remotename)%00%(upstream:remoteref) refs/heads/main refs/remotes/main [8ms]
2025-09-04 00:27:38.980 [info] > git for-each-ref --sort -committerdate --format %(refname)%00%(objectname)%00%(*objectname) [3ms]
2025-09-04 00:27:39.041 [info] > git status -z -uall [70ms]
2025-09-04 00:27:44.697 [info] > git config --get commit.template [3ms]
2025-09-04 00:27:44.712 [info] > git for-each-ref --format=%(refname)%00%(upstream:short)%00%(objectname)%00%(upstream:track)%00%(upstream:remotename)%00%(upstream:remoteref) refs/heads/main refs/remotes/main [8ms]
2025-09-04 00:27:44.729 [info] > git for-each-ref --sort -committerdate --format %(refname)%00%(objectname)%00%(*objectname) [3ms]
2025-09-04 00:27:44.788 [info] > git status -z -uall [69ms]
2025-09-04 00:27:49.842 [info] > git config --get commit.template [4ms]
2025-09-04 00:27:49.850 [info] > git for-each-ref --format=%(refname)%00%(upstream:short)%00%(objectname)%00%(upstream:track)%00%(upstream:remotename)%00%(upstream:remoteref) refs/heads/main refs/remotes/main [2ms]
2025-09-04 00:27:49.866 [info] > git for-each-ref --sort -committerdate --format %(refname)%00%(objectname)%00%(*objectname) [3ms]
2025-09-04 00:27:49.923 [info] > git status -z -uall [66ms]
2025-09-04 00:27:54.978 [info] > git config --get commit.template [8ms]
2025-09-04 00:27:54.979 [info] > git for-each-ref --format=%(refname)%00%(upstream:short)%00%(objectname)%00%(upstream:track)%00%(upstream:remotename)%00%(upstream:remoteref) refs/heads/main refs/remotes/main [2ms]
2025-09-04 00:27:54.996 [info] > git for-each-ref --sort -committerdate --format %(refname)%00%(objectname)%00%(*objectname) [3ms]
2025-09-04 00:27:55.055 [info] > git status -z -uall [69ms]
2025-09-04 00:28:21.843 [info] > git config --get commit.template [8ms]
2025-09-04 00:28:21.845 [info] > git for-each-ref --format=%(refname)%00%(upstream:short)%00%(objectname)%00%(upstream:track)%00%(upstream:remotename)%00%(upstream:remoteref) refs/heads/main refs/remotes/main [2ms]
2025-09-04 00:28:21.862 [info] > git for-each-ref --sort -committerdate --format %(refname)%00%(objectname)%00%(*objectname) [2ms]
2025-09-04 00:28:21.920 [info] > git status -z -uall [68ms]
2025-09-04 00:29:17.989 [info] > git check-ignore -v -z --stdin [1ms]
2025-09-04 00:29:18.952 [info] > git ls-files --stage -- src/app.js [2ms]
2025-09-04 00:29:18.976 [info] > git show --textconv :src/app.js [34ms]
2025-09-04 00:29:18.976 [info] > git cat-file -s d0a08d79027fa76f7c5689faed7cd0e2368fe4c2 [17ms]
2025-09-04 00:29:19.861 [info] > git show --textconv :src/Dockerfile [8ms]
2025-09-04 00:29:19.863 [info] > git ls-files --stage -- src/Dockerfile [3ms]
2025-09-04 00:29:19.875 [info] > git cat-file -s 949d590b6edf5529c321904378e642c0cb046045 [3ms]
2025-09-04 00:29:20.801 [info] > git ls-files --stage -- src/bq.js [3ms]
2025-09-04 00:29:20.815 [info] > git show --textconv :src/bq.js [25ms]
2025-09-04 00:29:20.815 [info] > git cat-file -s b27fe1ce79e6662126896b6b8e7a38e069331aa2 [7ms]
2025-09-04 00:29:22.980 [info] > git ls-files --stage -- src/handler.js [2ms]
2025-09-04 00:29:22.989 [info] > git show --textconv :src/handler.js [18ms]
2025-09-04 00:29:22.990 [info] > git cat-file -s 6e76f93d80d26329c63322301d24af67ca97bafd [3ms]
2025-09-04 00:29:25.570 [info] > git ls-files --stage -- src/index.js [1ms]
2025-09-04 00:29:25.597 [info] > git show --textconv :src/index.js [36ms]
2025-09-04 00:29:25.597 [info] > git cat-file -s 96de27882d8363c10a9ab3a1054e1a8db3ad486c [20ms]
2025-09-04 00:29:56.244 [info] > git blame --root --incremental 46e0ceb3087b7074ed04f730b6914b241f84735d -- src/index.js [53ms]
2025-09-04 00:30:10.399 [info] > git config --get commit.template [8ms]
2025-09-04 00:30:10.400 [info] > git for-each-ref --format=%(refname)%00%(upstream:short)%00%(objectname)%00%(upstream:track)%00%(upstream:remotename)%00%(upstream:remoteref) refs/heads/main refs/remotes/main [2ms]
2025-09-04 00:30:10.420 [info] > git for-each-ref --sort -committerdate --format %(refname)%00%(objectname)%00%(*objectname) [2ms]
2025-09-04 00:30:10.488 [info] > git status -z -uall [79ms]
2025-09-04 00:30:18.502 [info] > git ls-files --stage -- src/logger.js [2ms]
2025-09-04 00:30:18.527 [info] > git show --textconv :src/logger.js [35ms]
2025-09-04 00:30:18.527 [info] > git cat-file -s e4de4b8d4ad590165fe551e66fb461003e209585 [19ms]
2025-09-04 00:30:30.135 [info] > git ls-files --stage -- src/phone.js [4ms]
2025-09-04 00:30:30.150 [info] > git cat-file -s ca60fdb70a8b9aa98eedf421791078f1eab0c999 [5ms]
2025-09-04 00:30:30.151 [info] > git show --textconv :src/phone.js [33ms]
2025-09-04 00:30:49.951 [info] > git blame --root --incremental 46e0ceb3087b7074ed04f730b6914b241f84735d -- src/phone.js [9ms]
2025-09-04 00:31:29.051 [info] > git ls-files --stage -- src/sampling.js [2ms]
2025-09-04 00:31:29.108 [info] > git cat-file -s 9722011e5947ee3bd4e00a861b837aa40cfc7776 [50ms]
2025-09-04 00:31:29.110 [info] > git show --textconv :src/sampling.js [69ms]
2025-09-04 00:32:31.352 [info] > git blame --root --incremental 46e0ceb3087b7074ed04f730b6914b241f84735d -- src/sampling.js [10ms]
2025-09-04 00:34:22.180 [info] > git config --get commit.template [8ms]
2025-09-04 00:34:22.181 [info] > git for-each-ref --format=%(refname)%00%(upstream:short)%00%(objectname)%00%(upstream:track)%00%(upstream:remotename)%00%(upstream:remoteref) refs/heads/main refs/remotes/main [2ms]
2025-09-04 00:34:22.201 [info] > git for-each-ref --sort -committerdate --format %(refname)%00%(objectname)%00%(*objectname) [2ms]
2025-09-04 00:34:22.264 [info] > git status -z -uall [74ms]
2025-09-04 00:34:27.326 [info] > git config --get commit.template [2ms]
2025-09-04 00:34:27.335 [info] > git for-each-ref --format=%(refname)%00%(upstream:short)%00%(objectname)%00%(upstream:track)%00%(upstream:remotename)%00%(upstream:remoteref) refs/heads/main refs/remotes/main [2ms]
2025-09-04 00:34:27.351 [info] > git for-each-ref --sort -committerdate --format %(refname)%00%(objectname)%00%(*objectname) [2ms]
2025-09-04 00:34:27.411 [info] > git status -z -uall [69ms]
2025-09-04 00:37:05.351 [info] > git config --get commit.template [2ms]
2025-09-04 00:37:05.361 [info] > git for-each-ref --format=%(refname)%00%(upstream:short)%00%(objectname)%00%(upstream:track)%00%(upstream:remotename)%00%(upstream:remoteref) refs/heads/main refs/remotes/main [2ms]
2025-09-04 00:37:05.380 [info] > git for-each-ref --sort -committerdate --format %(refname)%00%(objectname)%00%(*objectname) [3ms]
2025-09-04 00:37:05.444 [info] > git status -z -uall [75ms]
2025-09-04 00:37:09.989 [info] > git show --textconv :src/app.js [8ms]
2025-09-04 00:37:09.990 [info] > git ls-files --stage -- src/app.js [2ms]
2025-09-04 00:37:09.999 [info] > git cat-file -s d0a08d79027fa76f7c5689faed7cd0e2368fe4c2 [2ms]
2025-09-04 00:37:10.518 [info] > git config --get commit.template [8ms]
2025-09-04 00:37:10.519 [info] > git for-each-ref --format=%(refname)%00%(upstream:short)%00%(objectname)%00%(upstream:track)%00%(upstream:remotename)%00%(upstream:remoteref) refs/heads/main refs/remotes/main [2ms]
2025-09-04 00:37:10.535 [info] > git for-each-ref --sort -committerdate --format %(refname)%00%(objectname)%00%(*objectname) [2ms]
2025-09-04 00:37:10.593 [info] > git status -z -uall [67ms]
2025-09-04 00:37:58.717 [info] > git blame --root --incremental 46e0ceb3087b7074ed04f730b6914b241f84735d -- src/app.js [3ms]
2025-09-04 00:40:38.678 [info] > git config --get commit.template [9ms]
2025-09-04 00:40:38.679 [info] > git for-each-ref --format=%(refname)%00%(upstream:short)%00%(objectname)%00%(upstream:track)%00%(upstream:remotename)%00%(upstream:remoteref) refs/heads/main refs/remotes/main [2ms]
2025-09-04 00:40:38.696 [info] > git for-each-ref --sort -committerdate --format %(refname)%00%(objectname)%00%(*objectname) [2ms]
2025-09-04 00:40:38.757 [info] > git status -z -uall [70ms]
2025-09-04 00:42:32.281 [info] > git config --get commit.template [8ms]
2025-09-04 00:42:32.283 [info] > git for-each-ref --format=%(refname)%00%(upstream:short)%00%(objectname)%00%(upstream:track)%00%(upstream:remotename)%00%(upstream:remoteref) refs/heads/main refs/remotes/main [2ms]
2025-09-04 00:42:32.299 [info] > git for-each-ref --sort -committerdate --format %(refname)%00%(objectname)%00%(*objectname) [2ms]
2025-09-04 00:42:32.361 [info] > git status -z -uall [71ms]
2025-09-04 00:45:18.057 [info] > git config --get commit.template [9ms]
2025-09-04 00:45:18.058 [info] > git for-each-ref --format=%(refname)%00%(upstream:short)%00%(objectname)%00%(upstream:track)%00%(upstream:remotename)%00%(upstream:remoteref) refs/heads/main refs/remotes/main [2ms]
2025-09-04 00:45:18.076 [info] > git for-each-ref --sort -committerdate --format %(refname)%00%(objectname)%00%(*objectname) [3ms]
2025-09-04 00:45:18.139 [info] > git status -z -uall [73ms]
2025-09-04 00:45:23.206 [info] > git config --get commit.template [8ms]
2025-09-04 00:45:23.208 [info] > git for-each-ref --format=%(refname)%00%(upstream:short)%00%(objectname)%00%(upstream:track)%00%(upstream:remotename)%00%(upstream:remoteref) refs/heads/main refs/remotes/main [2ms]
2025-09-04 00:45:23.226 [info] > git for-each-ref --sort -committerdate --format %(refname)%00%(objectname)%00%(*objectname) [3ms]
2025-09-04 00:45:23.285 [info] > git status -z -uall [69ms]
2025-09-04 00:46:20.689 [info] > git config --get commit.template [7ms]
2025-09-04 00:46:20.690 [info] > git for-each-ref --format=%(refname)%00%(upstream:short)%00%(objectname)%00%(upstream:track)%00%(upstream:remotename)%00%(upstream:remoteref) refs/heads/main refs/remotes/main [1ms]
2025-09-04 00:46:20.708 [info] > git for-each-ref --sort -committerdate --format %(refname)%00%(objectname)%00%(*objectname) [2ms]
2025-09-04 00:46:20.772 [info] > git status -z -uall [73ms]
2025-09-04 00:46:31.492 [info] > git config --get commit.template [8ms]
2025-09-04 00:46:31.493 [info] > git for-each-ref --format=%(refname)%00%(upstream:short)%00%(objectname)%00%(upstream:track)%00%(upstream:remotename)%00%(upstream:remoteref) refs/heads/main refs/remotes/main [1ms]
2025-09-04 00:46:31.510 [info] > git for-each-ref --sort -committerdate --format %(refname)%00%(objectname)%00%(*objectname) [2ms]
2025-09-04 00:46:31.568 [info] > git status -z -uall [67ms]
2025-09-04 00:47:31.925 [info] > git config --get commit.template [9ms]
2025-09-04 00:47:31.928 [info] > git for-each-ref --format=%(refname)%00%(upstream:short)%00%(objectname)%00%(upstream:track)%00%(upstream:remotename)%00%(upstream:remoteref) refs/heads/main refs/remotes/main [4ms]
2025-09-04 00:47:31.944 [info] > git for-each-ref --sort -committerdate --format %(refname)%00%(objectname)%00%(*objectname) [2ms]
2025-09-04 00:47:32.010 [info] > git status -z -uall [75ms]
2025-09-04 00:47:49.956 [info] > git config --get commit.template [7ms]
2025-09-04 00:47:49.957 [info] > git for-each-ref --format=%(refname)%00%(upstream:short)%00%(objectname)%00%(upstream:track)%00%(upstream:remotename)%00%(upstream:remoteref) refs/heads/main refs/remotes/main [2ms]
2025-09-04 00:47:49.975 [info] > git for-each-ref --sort -committerdate --format %(refname)%00%(objectname)%00%(*objectname) [2ms]
2025-09-04 00:47:50.038 [info] > git status -z -uall [72ms]
2025-09-04 00:47:55.108 [info] > git config --get commit.template [8ms]
2025-09-04 00:47:55.109 [info] > git for-each-ref --format=%(refname)%00%(upstream:short)%00%(objectname)%00%(upstream:track)%00%(upstream:remotename)%00%(upstream:remoteref) refs/heads/main refs/remotes/main [2ms]
2025-09-04 00:47:55.126 [info] > git for-each-ref --sort -committerdate --format %(refname)%00%(objectname)%00%(*objectname) [2ms]
2025-09-04 00:47:55.189 [info] > git status -z -uall [72ms]
2025-09-04 00:48:07.571 [info] > git config --get commit.template [4ms]
2025-09-04 00:48:07.590 [info] > git for-each-ref --format=%(refname)%00%(upstream:short)%00%(objectname)%00%(upstream:track)%00%(upstream:remotename)%00%(upstream:remoteref) refs/heads/main refs/remotes/main [2ms]
2025-09-04 00:48:07.622 [info] > git for-each-ref --sort -committerdate --format %(refname)%00%(objectname)%00%(*objectname) [5ms]
2025-09-04 00:48:07.701 [info] > git status -z -uall [100ms]
2025-09-04 00:49:18.251 [info] > git config --get commit.template [2ms]
2025-09-04 00:49:18.260 [info] > git for-each-ref --format=%(refname)%00%(upstream:short)%00%(objectname)%00%(upstream:track)%00%(upstream:remotename)%00%(upstream:remoteref) refs/heads/main refs/remotes/main [2ms]
2025-09-04 00:49:18.278 [info] > git for-each-ref --sort -committerdate --format %(refname)%00%(objectname)%00%(*objectname) [2ms]
2025-09-04 00:49:18.343 [info] > git status -z -uall [75ms]
2025-09-04 00:49:23.414 [info] > git config --get commit.template [9ms]
2025-09-04 00:49:23.415 [info] > git for-each-ref --format=%(refname)%00%(upstream:short)%00%(objectname)%00%(upstream:track)%00%(upstream:remotename)%00%(upstream:remoteref) refs/heads/main refs/remotes/main [2ms]
2025-09-04 00:49:23.433 [info] > git for-each-ref --sort -committerdate --format %(refname)%00%(objectname)%00%(*objectname) [2ms]
2025-09-04 00:49:23.496 [info] > git status -z -uall [73ms]
