Initializing document watcher...
Document watcher initialized
tolubada1/load-test.js: {}
tolubada1/load-test.js: {}
tolubada1/load-test.js: {}
tolubada1/src/app.js: {}
tolubada1/src/Dockerfile: {}
tolubada1/src/bq.js: {}
tolubada1/src/handler.js: {}
tolubada1/src/index.js: {}
tolubada1/src/logger.js: {}
tolubada1/src/phone.js: {}
tolubada1/src/phone.js: Using EditorConfig core...
tolubada1/src/phone.js: Using EditorConfig core...
tolubada1/src/phone.js: Using EditorConfig core...
tolubada1/src/sampling.js: {}
tolubada1/src/sampling.js: {}
tolubada1/src/sampling.js: {}
tolubada1/src/sampling.js: {}
tolubada1/src/sampling.js: {}
tolubada1/src/sampling.js: {}
tolubada1/src/app.js: {}
tolubada1/src/app.js: Using EditorConfig core...
tolubada1/src/app.js: Using EditorConfig core...
tolubada1/src/app.js: Using EditorConfig core...
tolubada1/src/app.js: Using EditorConfig core...
tolubada1/src/app.js: Using EditorConfig core...
tolubada1/src/app.js: Using EditorConfig core...
tolubada1/src/app.js: Using EditorConfig core...
tolubada1/src/app.js: Using EditorConfig core...
tolubada1/src/app.js: Using EditorConfig core...
tolubada1/src/app.js: Using EditorConfig core...
tolubada1/src/app.js: Using EditorConfig core...
tolubada1/src/app.js: Using EditorConfig core...
tolubada1/src/app.js: Using EditorConfig core...
tolubada1/src/app.js: Using EditorConfig core...
tolubada1/src/app.js: Using EditorConfig core...
tolubada1/src/app.js: Using EditorConfig core...
tolubada1/src/app.js: Using EditorConfig core...
tolubada1/src/app.js: Using EditorConfig core...
tolubada1/src/app.js: Using EditorConfig core...
tolubada1/src/app.js: Using EditorConfig core...
tolubada1/src/app.js: Using EditorConfig core...
tolubada1/src/app.js: Using EditorConfig core...
tolubada1/src/app.js: Using EditorConfig core...
tolubada1/src/app.js: Using EditorConfig core...
tolubada1/src/app.js: Using EditorConfig core...
tolubada1/src/app.js: Using EditorConfig core...
tolubada1/src/app.js: Using EditorConfig core...
tolubada1/src/app.js: Using EditorConfig core...
tolubada1/src/app.js: Using EditorConfig core...
tolubada1/src/app.js: Using EditorConfig core...
tolubada1/src/app.js: Using EditorConfig core...
tolubada1/src/app.js: Using EditorConfig core...
tolubada1/src/app.js: Using EditorConfig core...
tolubada1/src/app.js: Using EditorConfig core...
tolubada1/src/app.js: Using EditorConfig core...
tolubada1/src/app.js: Using EditorConfig core...
tolubada1/src/app.js: Using EditorConfig core...
tolubada1/src/app.js: Using EditorConfig core...
tolubada1/src/app.js: Using EditorConfig core...
tolubada1/src/app.js: Using EditorConfig core...
tolubada1/src/app.js: Using EditorConfig core...
tolubada1/src/app.js: Using EditorConfig core...
tolubada1/src/app.js: Using EditorConfig core...
tolubada1/src/app.js: Using EditorConfig core...
tolubada1/src/app.js: Using EditorConfig core...
tolubada1/src/app.js: Using EditorConfig core...
tolubada1/src/app.js: Using EditorConfig core...
tolubada1/src/app.js: {}
tolubada1/src/app.js: {}
tolubada1/src/app.js: {}
tolubada1/src/app.js: {}
tolubada1/src/app.js: {}
tolubada1/src/app.js: {}
tolubada1/src/app.js: {}
tolubada1/src/app.js: {}
tolubada1/src/app.js: {}
