Initializing document watcher...
Document watcher initialized
tolubada1/Drive-Health-Replay-Job/index.js: {}
tolubada1/Drive-Health-Replay-Job/index.js: Using EditorConfig core...
tolubada1/Drive-Health-ETL/package.json: {}
tolubada1/Drive-Health-ETL/package.json: Using EditorConfig core...
tolubada1/Drive-Health-ETL/Dockerfile: {}
tolubada1/Drive-Health-ETL/index.js: Using EditorConfig core...
tolubada1/Drive-Health-ETL/index.js: {}
tolubada1/Drive-Health-ETL/index.js: {}
tolubada1/Drive-Health-ETL/index.js: {}
tolubada1/Drive-Health-ETL/index.js: {}
tolubada1/Drive-Health-ETL/index.js: {}
tolubada1/Drive-Health-ETL/index.js: {}
tolubada1/Drive-Health-ETL/index.js: {}
tolubada1/Drive-Health-ETL/index.js: {}
tolubada1/Drive-Health-Replay-Job/index.js: {}
tolubada1/Drive-Health-Replay-Job/index.js: {}
tolubada1/Drive-Health-Replay-Job/index.js: {}
tolubada1/Drive-Health-Replay-Job/index.js: {}
tolubada1/Drive-Health-ETL/index.js: {}
tolubada1/Drive-Health-ETL/index.js: {}
tolubada1/Drive-Health-ETL/index.js: {}
tolubada1/Drive-Health-ETL/index.js: {}
tolubada1/Drive-Health-ETL/index.js: {}
tolubada1/Drive-Health-ETL/index.js: {}
tolubada1/Drive-Health-ETL/index.js: Using EditorConfig core...
tolubada1/Drive-Health-ETL/index.js: Using EditorConfig core...
tolubada1/Drive-Health-ETL/index.js: {}
tolubada1/Drive-Health-ETL/index.js: {}
tolubada1/Drive-Health-ETL/index.js: {}
tolubada1/Drive-Health-ETL/index.js: {}
tolubada1/Drive-Health-ETL/index.js: {}
tolubada1/Drive-Health-ETL/index.js: {}
tolubada1/Drive-Health-ETL/package.json: {}
tolubada1/Drive-Health-ETL/package.json: {}
tolubada1/Drive-Health-ETL/package.json: {}
tolubada1/Drive-Health-ETL/index.js: {}
tolubada1/Drive-Health-ETL/index.js: {}
tolubada1/Drive-Health-ETL/index.js: Using EditorConfig core...
tolubada1/Drive-Health-ETL/index.js: Using EditorConfig core...
tolubada1/Drive-Health-ETL/index.js: {}
tolubada1/Drive-Health-ETL/index.js: {}
tolubada1/Drive-Health-ETL/index.js: Using EditorConfig core...
tolubada1/Drive-Health-ETL/index.js: {}
tolubada1/Drive-Health-ETL/index.js: {}
tolubada1/Drive-Health-ETL/logger.js: {}
tolubada1/Drive-Health-ETL/logger.js: Using EditorConfig core...
tolubada1/Drive-Health-ETL/logger.js: {}
tolubada1/Drive-Health-ETL/validation.js: {}
tolubada1/Drive-Health-ETL/validation.js: Using EditorConfig core...
tolubada1/Drive-Health-ETL/validation.js: {}
tolubada1/Drive-Health-ETL/phone.js: {}
tolubada1/Drive-Health-ETL/phone.js: Using EditorConfig core...
tolubada1/Drive-Health-ETL/phone.js: {}
tolubada1/Drive-Health-ETL/sampling.js: {}
tolubada1/Drive-Health-ETL/sampling.js: Using EditorConfig core...
tolubada1/Drive-Health-ETL/sampling.js: {}
tolubada1/Drive-Health-ETL/bq.js: {}
tolubada1/Drive-Health-ETL/bq.js: Using EditorConfig core...
tolubada1/Drive-Health-ETL/bq.js: {}
tolubada1/Drive-Health-ETL/bq.js: Using EditorConfig core...
tolubada1/Drive-Health-ETL/bq.js: {}
tolubada1/Drive-Health-ETL/handler.js: {}
tolubada1/Drive-Health-ETL/handler.js: Using EditorConfig core...
tolubada1/Drive-Health-ETL/handler.js: {}
tolubada1/Drive-Health-ETL/handler.js: {}
tolubada1/Drive-Health-ETL/handler.js: Using EditorConfig core...
tolubada1/src/bq.js: Using EditorConfig core...
tolubada1/src/handler.js: {}
/User/settings.json: Using EditorConfig core...
tolubada1/src/handler.js: Using EditorConfig core...
tolubada1/Drive-Health-ETL/validation.js: Using EditorConfig core...
tolubada1/Drive-Health-ETL/phone.js: Using EditorConfig core...
tolubada1/Drive-Health-ETL/sampling.js: Using EditorConfig core...
tolubada1/src/handler.js: Using EditorConfig core...
tolubada1/src/bq.js: Using EditorConfig core...
tolubada1/src/handler.js: Using EditorConfig core...
tolubada1/src/phone.js: Using EditorConfig core...
tolubada1/src/handler.js: Using EditorConfig core...
tolubada1/src/sampling.js: Using EditorConfig core...
/User/settings.json: Using EditorConfig core...
tolubada1/src/handler.js: Using EditorConfig core...
tolubada1/src/validation.js: Using EditorConfig core...
tolubada1/Drive-Health-ETL/Drive-Health-Replay-Job/node_modules/@grpc/grpc-js/build/src/call-credentials.d.ts: Using EditorConfig core...
tolubada1/Drive-Health-ETL/Drive-Health-Replay-Job/node_modules/@grpc/grpc-js/build/src/channel-options.d.ts: Using EditorConfig core...
tolubada1/Drive-Health-ETL/Drive-Health-Replay-Job/node_modules/@grpc/grpc-js/build/src/channel-credentials.d.ts: Using EditorConfig core...
tolubada1/Drive-Health-ETL/Drive-Health-Replay-Job/node_modules/@grpc/proto-loader/build/src/index.d.ts: Using EditorConfig core...
tolubada1/Drive-Health-ETL/Drive-Health-Replay-Job/node_modules/@grpc/grpc-js/build/src/generated/grpc/channelz/v1/ChannelTraceEvent.d.ts: Using EditorConfig core...
tolubada1/Drive-Health-ETL/Drive-Health-Replay-Job/node_modules/@grpc/grpc-js/build/src/generated/grpc/channelz/v1/ChannelTrace.d.ts: Using EditorConfig core...
tolubada1/Drive-Health-ETL/Drive-Health-Replay-Job/node_modules/@grpc/grpc-js/build/src/generated/grpc/channelz/v1/ChannelData.d.ts: Using EditorConfig core...
tolubada1/Drive-Health-ETL/Drive-Health-Replay-Job/node_modules/@grpc/grpc-js/build/src/generated/grpc/channelz/v1/Channel.d.ts: Using EditorConfig core...
tolubada1/Drive-Health-ETL/Drive-Health-Replay-Job/node_modules/@grpc/grpc-js/build/src/generated/grpc/channelz/v1/GetChannelResponse.d.ts: Using EditorConfig core...
tolubada1/Drive-Health-ETL/Drive-Health-Replay-Job/node_modules/@grpc/grpc-js/build/src/generated/grpc/channelz/v1/ServerData.d.ts: Using EditorConfig core...
tolubada1/Drive-Health-ETL/Drive-Health-Replay-Job/node_modules/@grpc/grpc-js/build/src/generated/grpc/channelz/v1/Server.d.ts: Using EditorConfig core...
tolubada1/Drive-Health-ETL/Drive-Health-Replay-Job/node_modules/@grpc/grpc-js/build/src/generated/grpc/channelz/v1/GetServerResponse.d.ts: Using EditorConfig core...
tolubada1/Drive-Health-ETL/Drive-Health-Replay-Job/node_modules/@grpc/grpc-js/build/src/generated/grpc/channelz/v1/GetServerSocketsResponse.d.ts: Using EditorConfig core...
tolubada1/Drive-Health-ETL/Drive-Health-Replay-Job/node_modules/@grpc/grpc-js/build/src/generated/grpc/channelz/v1/GetServersResponse.d.ts: Using EditorConfig core...
tolubada1/Drive-Health-ETL/Drive-Health-Replay-Job/node_modules/@grpc/grpc-js/build/src/generated/grpc/channelz/v1/SocketOption.d.ts: Using EditorConfig core...
tolubada1/Drive-Health-ETL/Drive-Health-Replay-Job/node_modules/@grpc/grpc-js/build/src/generated/grpc/channelz/v1/SocketData.d.ts: Using EditorConfig core...
tolubada1/Drive-Health-ETL/Drive-Health-Replay-Job/node_modules/@grpc/grpc-js/build/src/generated/grpc/channelz/v1/Address.d.ts: Using EditorConfig core...
tolubada1/Drive-Health-ETL/Drive-Health-Replay-Job/node_modules/@grpc/grpc-js/build/src/generated/grpc/channelz/v1/Security.d.ts: Using EditorConfig core...
tolubada1/Drive-Health-ETL/Drive-Health-Replay-Job/node_modules/@grpc/grpc-js/build/src/generated/grpc/channelz/v1/Socket.d.ts: Using EditorConfig core...
tolubada1/Drive-Health-ETL/Drive-Health-Replay-Job/node_modules/@grpc/grpc-js/build/src/generated/grpc/channelz/v1/GetSocketResponse.d.ts: Using EditorConfig core...
tolubada1/Drive-Health-ETL/Drive-Health-Replay-Job/node_modules/@grpc/grpc-js/build/src/generated/grpc/channelz/v1/Subchannel.d.ts: Using EditorConfig core...
tolubada1/Drive-Health-ETL/Drive-Health-Replay-Job/node_modules/@grpc/grpc-js/build/src/generated/grpc/channelz/v1/GetSubchannelResponse.d.ts: Using EditorConfig core...
tolubada1/Drive-Health-ETL/Drive-Health-Replay-Job/node_modules/@grpc/grpc-js/build/src/generated/grpc/channelz/v1/GetTopChannelsResponse.d.ts: Using EditorConfig core...
tolubada1/Drive-Health-ETL/Drive-Health-Replay-Job/node_modules/@grpc/grpc-js/build/src/generated/grpc/channelz/v1/Channelz.d.ts: Using EditorConfig core...
tolubada1/Drive-Health-ETL/Drive-Health-Replay-Job/node_modules/@grpc/grpc-js/build/src/channelz.d.ts: Using EditorConfig core...
tolubada1/Drive-Health-ETL/Drive-Health-Replay-Job/node_modules/@grpc/grpc-js/build/src/channel.d.ts: Using EditorConfig core...
tolubada1/Drive-Health-ETL/Drive-Health-Replay-Job/node_modules/@grpc/grpc-js/build/src/client-interceptors.d.ts: Using EditorConfig core...
tolubada1/Drive-Health-ETL/Drive-Health-Replay-Job/node_modules/@grpc/grpc-js/build/src/client.d.ts: Using EditorConfig core...
tolubada1/Drive-Health-ETL/Drive-Health-Replay-Job/node_modules/@grpc/grpc-js/build/src/server-credentials.d.ts: Using EditorConfig core...
tolubada1/Drive-Health-ETL/Drive-Health-Replay-Job/node_modules/@grpc/grpc-js/build/src/subchannel-call.d.ts: Using EditorConfig core...
tolubada1/Drive-Health-ETL/Drive-Health-Replay-Job/node_modules/@grpc/grpc-js/build/src/transport.d.ts: Using EditorConfig core...
tolubada1/Drive-Health-ETL/Drive-Health-Replay-Job/node_modules/@grpc/grpc-js/build/src/server-interceptors.d.ts: Using EditorConfig core...
tolubada1/Drive-Health-ETL/Drive-Health-Replay-Job/node_modules/@grpc/grpc-js/build/src/server.d.ts: Using EditorConfig core...
tolubada1/Drive-Health-ETL/Drive-Health-Replay-Job/node_modules/@grpc/grpc-js/build/src/make-client.d.ts: Using EditorConfig core...
tolubada1/Drive-Health-ETL/Drive-Health-Replay-Job/node_modules/@grpc/grpc-js/build/src/object-stream.d.ts: Using EditorConfig core...
tolubada1/Drive-Health-ETL/Drive-Health-Replay-Job/node_modules/@grpc/grpc-js/build/src/server-call.d.ts: Using EditorConfig core...
tolubada1/Drive-Health-ETL/Drive-Health-Replay-Job/node_modules/@grpc/grpc-js/build/src/call-interface.d.ts: Using EditorConfig core...
tolubada1/Drive-Health-ETL/Drive-Health-Replay-Job/node_modules/@grpc/grpc-js/build/src/call.d.ts: Using EditorConfig core...
tolubada1/Drive-Health-ETL/Drive-Health-Replay-Job/node_modules/@grpc/grpc-js/build/src/status-builder.d.ts: Using EditorConfig core...
tolubada1/Drive-Health-ETL/Drive-Health-Replay-Job/node_modules/@grpc/grpc-js/build/src/admin.d.ts: Using EditorConfig core...
tolubada1/Drive-Health-ETL/Drive-Health-Replay-Job/node_modules/@grpc/grpc-js/build/src/service-config.d.ts: Using EditorConfig core...
tolubada1/Drive-Health-ETL/Drive-Health-Replay-Job/node_modules/@grpc/grpc-js/build/src/logging.d.ts: Using EditorConfig core...
tolubada1/Drive-Health-ETL/Drive-Health-Replay-Job/node_modules/@grpc/grpc-js/build/src/filter.d.ts: Using EditorConfig core...
tolubada1/Drive-Health-ETL/Drive-Health-Replay-Job/node_modules/@grpc/grpc-js/build/src/resolver.d.ts: Using EditorConfig core...
tolubada1/Drive-Health-ETL/Drive-Health-Replay-Job/node_modules/@grpc/grpc-js/build/src/subchannel.d.ts: Using EditorConfig core...
tolubada1/Drive-Health-ETL/Drive-Health-Replay-Job/node_modules/@grpc/grpc-js/build/src/subchannel-interface.d.ts: Using EditorConfig core...
tolubada1/Drive-Health-ETL/Drive-Health-Replay-Job/node_modules/@grpc/grpc-js/build/src/picker.d.ts: Using EditorConfig core...
tolubada1/Drive-Health-ETL/Drive-Health-Replay-Job/node_modules/@grpc/grpc-js/build/src/load-balancer.d.ts: Using EditorConfig core...
tolubada1/Drive-Health-ETL/Drive-Health-Replay-Job/node_modules/@grpc/grpc-js/build/src/load-balancer-pick-first.d.ts: Using EditorConfig core...
tolubada1/Drive-Health-ETL/Drive-Health-Replay-Job/node_modules/@grpc/grpc-js/build/src/load-balancer-child-handler.d.ts: Using EditorConfig core...
tolubada1/Drive-Health-ETL/Drive-Health-Replay-Job/node_modules/@grpc/grpc-js/build/src/filter-stack.d.ts: Using EditorConfig core...
tolubada1/Drive-Health-ETL/Drive-Health-Replay-Job/node_modules/@grpc/grpc-js/build/src/load-balancer-outlier-detection.d.ts: Using EditorConfig core...
tolubada1/Drive-Health-ETL/Drive-Health-Replay-Job/node_modules/@grpc/grpc-js/build/src/load-balancing-call.d.ts: Using EditorConfig core...
tolubada1/Drive-Health-ETL/Drive-Health-Replay-Job/node_modules/@grpc/grpc-js/build/src/resolving-call.d.ts: Using EditorConfig core...
tolubada1/Drive-Health-ETL/Drive-Health-Replay-Job/node_modules/@grpc/grpc-js/build/src/retrying-call.d.ts: Using EditorConfig core...
tolubada1/Drive-Health-ETL/Drive-Health-Replay-Job/node_modules/@grpc/grpc-js/build/src/internal-channel.d.ts: Using EditorConfig core...
tolubada1/Drive-Health-ETL/Drive-Health-Replay-Job/node_modules/@grpc/grpc-js/build/src/experimental.d.ts: Using EditorConfig core...
tolubada1/Drive-Health-ETL/Drive-Health-Replay-Job/node_modules/@grpc/grpc-js/build/src/index.d.ts: Using EditorConfig core...
tolubada1/Drive-Health-ETL/Drive-Health-Replay-Job/node_modules/google-auth-library/build/src/index.d.ts: Using EditorConfig core...
tolubada1/Drive-Health-ETL/Drive-Health-Replay-Job/node_modules/proto3-json-serializer/build/src/toproto3json.d.ts: Using EditorConfig core...
tolubada1/Drive-Health-ETL/Drive-Health-Replay-Job/node_modules/proto3-json-serializer/build/src/fromproto3json.d.ts: Using EditorConfig core...
tolubada1/Drive-Health-ETL/Drive-Health-Replay-Job/node_modules/proto3-json-serializer/build/src/index.d.ts: Using EditorConfig core...
tolubada1/Drive-Health-ETL/Drive-Health-Replay-Job/node_modules/google-gax/build/src/googleError.d.ts: Using EditorConfig core...
tolubada1/Drive-Health-ETL/Drive-Health-Replay-Job/node_modules/google-gax/build/src/call.d.ts: Using EditorConfig core...
tolubada1/Drive-Health-ETL/Drive-Health-Replay-Job/node_modules/google-gax/build/src/streamingCalls/streaming.d.ts: Using EditorConfig core...
tolubada1/Drive-Health-ETL/Drive-Health-Replay-Job/node_modules/google-gax/build/src/apiCaller.d.ts: Using EditorConfig core...
tolubada1/Drive-Health-ETL/Drive-Health-Replay-Job/node_modules/google-gax/build/src/paginationCalls/pageDescriptor.d.ts: Using EditorConfig core...
tolubada1/Drive-Health-ETL/Drive-Health-Replay-Job/node_modules/google-gax/build/src/streamingCalls/streamDescriptor.d.ts: Using EditorConfig core...
tolubada1/Drive-Health-ETL/Drive-Health-Replay-Job/node_modules/google-gax/build/src/normalCalls/normalApiCaller.d.ts: Using EditorConfig core...
tolubada1/Drive-Health-ETL/Drive-Health-Replay-Job/node_modules/google-gax/build/src/bundlingCalls/bundleApiCaller.d.ts: Using EditorConfig core...
tolubada1/Drive-Health-ETL/Drive-Health-Replay-Job/node_modules/google-gax/build/src/bundlingCalls/bundleDescriptor.d.ts: Using EditorConfig core...
tolubada1/Drive-Health-ETL/Drive-Health-Replay-Job/node_modules/google-gax/build/src/descriptor.d.ts: Using EditorConfig core...
tolubada1/Drive-Health-ETL/Drive-Health-Replay-Job/node_modules/google-auth-library/build/src/auth/googleauth.d.ts: Using EditorConfig core...
tolubada1/Drive-Health-ETL/Drive-Health-Replay-Job/node_modules/google-gax/build/src/clientInterface.d.ts: Using EditorConfig core...
tolubada1/Drive-Health-ETL/Drive-Health-Replay-Job/node_modules/google-gax/build/src/iamService.d.ts: Using EditorConfig core...
tolubada1/Drive-Health-ETL/Drive-Health-Replay-Job/node_modules/google-gax/build/src/locationService.d.ts: Using EditorConfig core...
tolubada1/Drive-Health-ETL/Drive-Health-Replay-Job/node_modules/google-gax/build/src/fallbackServiceStub.d.ts: Using EditorConfig core...
tolubada1/Drive-Health-ETL/Drive-Health-Replay-Job/node_modules/google-gax/build/src/fallback.d.ts: Using EditorConfig core...
tolubada1/Drive-Health-ETL/Drive-Health-Replay-Job/node_modules/google-gax/build/src/operationsClient.d.ts: Using EditorConfig core...
tolubada1/Drive-Health-ETL/Drive-Health-Replay-Job/node_modules/google-gax/build/src/longRunningCalls/longRunningApiCaller.d.ts: Using EditorConfig core...
tolubada1/Drive-Health-ETL/Drive-Health-Replay-Job/node_modules/google-gax/build/src/longRunningCalls/longRunningDescriptor.d.ts: Using EditorConfig core...
tolubada1/Drive-Health-ETL/Drive-Health-Replay-Job/node_modules/google-gax/build/src/longRunningCalls/longrunning.d.ts: Using EditorConfig core...
tolubada1/Drive-Health-ETL/Drive-Health-Replay-Job/node_modules/google-gax/build/src/apitypes.d.ts: Using EditorConfig core...
tolubada1/Drive-Health-ETL/Drive-Health-Replay-Job/node_modules/google-gax/build/src/bundlingCalls/task.d.ts: Using EditorConfig core...
tolubada1/Drive-Health-ETL/Drive-Health-Replay-Job/node_modules/google-gax/build/src/bundlingCalls/bundleExecutor.d.ts: Using EditorConfig core...
tolubada1/Drive-Health-ETL/Drive-Health-Replay-Job/node_modules/google-gax/build/src/gax.d.ts: Using EditorConfig core...
tolubada1/Drive-Health-ETL/Drive-Health-Replay-Job/node_modules/google-gax/build/src/grpc.d.ts: Using EditorConfig core...
tolubada1/Drive-Health-ETL/Drive-Health-Replay-Job/node_modules/google-gax/build/src/createApiCall.d.ts: Using EditorConfig core...
tolubada1/Drive-Health-ETL/Drive-Health-Replay-Job/node_modules/google-gax/build/src/index.d.ts: Using EditorConfig core...
tolubada1/Drive-Health-ETL/Drive-Health-Replay-Job/node_modules/@google-cloud/pubsub/build/src/v1/publisher_client.d.ts: Using EditorConfig core...
tolubada1/Drive-Health-ETL/Drive-Health-Replay-Job/node_modules/@google-cloud/pubsub/build/src/v1/schema_service_client.d.ts: Using EditorConfig core...
tolubada1/Drive-Health-ETL/Drive-Health-Replay-Job/node_modules/@google-cloud/pubsub/build/src/v1/subscriber_client.d.ts: Using EditorConfig core...
tolubada1/Drive-Health-ETL/Drive-Health-Replay-Job/node_modules/@google-cloud/pubsub/build/src/v1/index.d.ts: Using EditorConfig core...
tolubada1/Drive-Health-ETL/Drive-Health-Replay-Job/node_modules/@google-cloud/pubsub/build/src/publisher/message-batch.d.ts: Using EditorConfig core...
tolubada1/Drive-Health-ETL/Drive-Health-Replay-Job/node_modules/@google-cloud/pubsub/build/src/publisher/message-queues.d.ts: Using EditorConfig core...
tolubada1/Drive-Health-ETL/Drive-Health-Replay-Job/node_modules/@google-cloud/pubsub/build/src/telemetry-tracing.d.ts: Using EditorConfig core...
tolubada1/Drive-Health-ETL/Drive-Health-Replay-Job/node_modules/@google-cloud/pubsub/build/src/publisher/pubsub-message.d.ts: Using EditorConfig core...
tolubada1/Drive-Health-ETL/Drive-Health-Replay-Job/node_modules/@google-cloud/pubsub/build/src/publisher/flow-publisher.d.ts: Using EditorConfig core...
tolubada1/Drive-Health-ETL/Drive-Health-Replay-Job/node_modules/@google-cloud/pubsub/build/src/exponential-retry.d.ts: Using EditorConfig core...
tolubada1/Drive-Health-ETL/Drive-Health-Replay-Job/node_modules/@google-cloud/pubsub/build/src/message-queues.d.ts: Using EditorConfig core...
tolubada1/Drive-Health-ETL/Drive-Health-Replay-Job/node_modules/@google-cloud/pubsub/build/src/message-stream.d.ts: Using EditorConfig core...
tolubada1/Drive-Health-ETL/Drive-Health-Replay-Job/node_modules/@google-cloud/pubsub/build/src/subscriber.d.ts: Using EditorConfig core...
tolubada1/Drive-Health-ETL/Drive-Health-Replay-Job/node_modules/@google-cloud/pubsub/build/src/lease-manager.d.ts: Using EditorConfig core...
tolubada1/Drive-Health-ETL/Drive-Health-Replay-Job/node_modules/@google-cloud/pubsub/build/src/snapshot.d.ts: Using EditorConfig core...
tolubada1/Drive-Health-ETL/Drive-Health-Replay-Job/node_modules/@google-cloud/pubsub/build/src/subscription.d.ts: Using EditorConfig core...
tolubada1/Drive-Health-ETL/Drive-Health-Replay-Job/node_modules/@google-cloud/pubsub/build/src/topic.d.ts: Using EditorConfig core...
tolubada1/Drive-Health-ETL/Drive-Health-Replay-Job/node_modules/@google-cloud/pubsub/build/src/publisher/index.d.ts: Using EditorConfig core...
tolubada1/Drive-Health-ETL/Drive-Health-Replay-Job/node_modules/@google-cloud/pubsub/build/src/schema.d.ts: Using EditorConfig core...
tolubada1/Drive-Health-ETL/Drive-Health-Replay-Job/node_modules/@google-cloud/pubsub/build/src/pubsub.d.ts: Using EditorConfig core...
tolubada1/Drive-Health-ETL/Drive-Health-Replay-Job/node_modules/@google-cloud/pubsub/build/src/iam.d.ts: Using EditorConfig core...
tolubada1/Drive-Health-ETL/Drive-Health-Replay-Job/node_modules/@google-cloud/pubsub/build/src/index.d.ts: Using EditorConfig core...
tolubada1/src/handler.js: {}
tolubada1/src/handler.js: {}
tolubada1/src/handler.js: {}
tolubada1/Drive-Health-ETL/Drive-Health-Replay-Job/index.js: {}
tolubada1/Drive-Health-ETL/Drive-Health-Replay-Job/index.js: {}
tolubada1/Drive-Health-ETL/Drive-Health-Replay-Job/index.js: {}
tolubada1/Drive-Health-ETL/Drive-Health-Replay-Job/index.js: {}
tolubada1/Drive-Health-ETL/Drive-Health-Replay-Job/index.js: {}
tolubada1/Drive-Health-ETL/Drive-Health-Replay-Job/index.js: {}
tolubada1/Drive-Health-ETL/Drive-Health-Replay-Job/index.js: {}
tolubada1/Drive-Health-ETL/Drive-Health-Replay-Job/index.js: {}
tolubada1/Drive-Health-ETL/Drive-Health-Replay-Job/index.js: {}
tolubada1/Drive-Health-ETL/Drive-Health-Replay-Job/package-lock.json: {}
tolubada1/Drive-Health-ETL/Drive-Health-Replay-Job/package.json: {}
tolubada1/Drive-Health-ETL/Drive-Health-Replay-Job/index.js: {}
tolubada1/src/index.js: {}
tolubada1/Drive-Health-ETL/Drive-Health-Replay-Job/index.js: {}
tolubada1/src/index.js: {}
tolubada1/src/replay-job.js: {}
tolubada1/src/logger.js: {}
tolubada1/src/phone.js: {}
tolubada1/src/logger.js: {}
tolubada1/src/logger.js: {}
tolubada1/src/app.js: {}
tolubada1/src/app.js: {}
tolubada1/src/app.js: {}
tolubada1/src/app.js: {}
tolubada1/src/app.js: {}
tolubada1/Drive-Health-ETL/app.js: {}
tolubada1/Drive-Health-ETL/app.js: {}
tolubada1/Drive-Health-ETL/app.js: {}
tolubada1/Drive-Health-ETL/package.json: {}
tolubada1/Drive-Health-ETL/validation.js: {}
tolubada1/Drive-Health-ETL/package.json: {}
tolubada1/Drive-Health-ETL/index.js: {}
tolubada1/Drive-Health-ETL/index.js: Using EditorConfig core...
tolubada1/Drive-Health-ETL/index.js: Using EditorConfig core...
tolubada1/Drive-Health-ETL/index.js: Using EditorConfig core...
tolubada1/Drive-Health-ETL/index.js: Using EditorConfig core...
tolubada1/Drive-Health-ETL/index.js: {}
tolubada1/Drive-Health-ETL/index.js: {}
