2025-09-02 21:15:04.023 [info] [main] Log level: Info
2025-09-02 21:15:04.023 [info] [main] Validating found git in: "git"
2025-09-02 21:15:04.023 [info] [main] Using git "2.43.0" from "git"
2025-09-02 21:15:04.023 [info] [Model][doInitialScan] Initial repository scan started
2025-09-02 21:15:04.023 [info] > git rev-parse --show-toplevel [5ms]
2025-09-02 21:15:04.023 [info] fatal: not a git repository (or any parent up to mount point /)
Stopping at filesystem boundary (GIT_DISCOVERY_ACROSS_FILESYSTEM not set).
2025-09-02 21:15:04.023 [info] > git rev-parse --show-toplevel [8ms]
2025-09-02 21:15:04.023 [info] fatal: not a git repository (or any parent up to mount point /)
Stopping at filesystem boundary (GIT_DISCOVERY_ACROSS_FILESYSTEM not set).
2025-09-02 21:15:04.215 [info] > git rev-parse --show-toplevel [162ms]
2025-09-02 21:15:04.215 [info] fatal: not a git repository (or any parent up to mount point /)
Stopping at filesystem boundary (GIT_DISCOVERY_ACROSS_FILESYSTEM not set).
2025-09-02 21:15:06.848 [info] > git rev-parse --show-toplevel [2612ms]
2025-09-02 21:15:06.849 [info] fatal: not a git repository (or any parent up to mount point /)
Stopping at filesystem boundary (GIT_DISCOVERY_ACROSS_FILESYSTEM not set).
2025-09-02 21:15:06.967 [info] > git rev-parse --show-toplevel [107ms]
2025-09-02 21:15:06.967 [info] fatal: not a git repository (or any parent up to mount point /)
Stopping at filesystem boundary (GIT_DISCOVERY_ACROSS_FILESYSTEM not set).
2025-09-02 21:15:07.284 [info] > git rev-parse --show-toplevel [295ms]
2025-09-02 21:15:07.285 [info] fatal: not a git repository (or any parent up to mount point /)
Stopping at filesystem boundary (GIT_DISCOVERY_ACROSS_FILESYSTEM not set).
2025-09-02 21:15:07.306 [info] > git rev-parse --show-toplevel [8ms]
2025-09-02 21:15:07.306 [info] fatal: not a git repository (or any parent up to mount point /)
Stopping at filesystem boundary (GIT_DISCOVERY_ACROSS_FILESYSTEM not set).
2025-09-02 21:15:07.360 [info] > git rev-parse --show-toplevel [32ms]
2025-09-02 21:15:07.360 [info] fatal: not a git repository (or any parent up to mount point /)
Stopping at filesystem boundary (GIT_DISCOVERY_ACROSS_FILESYSTEM not set).
2025-09-02 21:15:07.401 [info] > git rev-parse --show-toplevel [5ms]
2025-09-02 21:15:07.401 [info] fatal: not a git repository (or any parent up to mount point /)
Stopping at filesystem boundary (GIT_DISCOVERY_ACROSS_FILESYSTEM not set).
2025-09-02 21:15:07.426 [info] > git rev-parse --show-toplevel [16ms]
2025-09-02 21:15:07.426 [info] fatal: not a git repository (or any parent up to mount point /)
Stopping at filesystem boundary (GIT_DISCOVERY_ACROSS_FILESYSTEM not set).
2025-09-02 21:15:07.443 [info] > git rev-parse --show-toplevel [1ms]
2025-09-02 21:15:07.471 [info] > git rev-parse --git-dir --git-common-dir [3ms]
2025-09-02 21:15:07.491 [info] [Model][openRepository] Opened repository (path): /home/tolubada1/Drive-Health-ETL
2025-09-02 21:15:07.491 [info] [Model][openRepository] Opened repository (real path): /home/tolubada1/Drive-Health-ETL
2025-09-02 21:15:07.521 [info] > git config --get commit.template [15ms]
2025-09-02 21:15:07.522 [info] > git rev-parse --show-toplevel [4ms]
2025-09-02 21:15:07.522 [info] fatal: not a git repository (or any parent up to mount point /)
Stopping at filesystem boundary (GIT_DISCOVERY_ACROSS_FILESYSTEM not set).
2025-09-02 21:15:07.523 [info] [Model][doInitialScan] Initial repository scan completed - repositories (1), closed repositories (0), parent repositories (0), unsafe repositories (0)
2025-09-02 21:15:07.563 [info] > git for-each-ref --format=%(refname)%00%(upstream:short)%00%(objectname)%00%(upstream:track)%00%(upstream:remotename)%00%(upstream:remoteref) refs/heads/main refs/remotes/main [29ms]
2025-09-02 21:15:07.601 [info] > git status -z -uall [16ms]
2025-09-02 21:15:07.603 [info] > git for-each-ref --sort -committerdate --format %(refname)%00%(objectname)%00%(*objectname) [7ms]
2025-09-02 21:15:07.635 [info] > git for-each-ref --format=%(refname)%00%(upstream:short)%00%(objectname)%00%(upstream:track)%00%(upstream:remotename)%00%(upstream:remoteref) refs/heads/main refs/remotes/main [15ms]
2025-09-02 21:15:07.646 [info] > git config --get commit.template [12ms]
2025-09-02 21:15:07.648 [info] > git config --get --local branch.main.vscode-merge-base [3ms]
2025-09-02 21:15:07.648 [warning] [Git][config] git config failed: Failed to execute git
2025-09-02 21:15:07.669 [info] > git reflog main --grep-reflog=branch: Created from *. [12ms]
2025-09-02 21:15:07.727 [info] > git for-each-ref --format=%(refname)%00%(upstream:short)%00%(objectname)%00%(upstream:track)%00%(upstream:remotename)%00%(upstream:remoteref) refs/heads/main refs/remotes/main [59ms]
2025-09-02 21:15:07.734 [info] > git symbolic-ref --short refs/remotes/origin/HEAD [56ms]
2025-09-02 21:15:07.734 [info] fatal: ref refs/remotes/origin/HEAD is not a symbolic ref
2025-09-02 21:15:07.734 [warning] [Repository][getDefaultBranch] Failed to get default branch details: Failed to execute git.
2025-09-02 21:15:07.771 [info] > git status -z -uall [15ms]
2025-09-02 21:15:07.772 [info] > git merge-base refs/heads/main refs/remotes/origin/main [27ms]
2025-09-02 21:15:07.784 [info] > git for-each-ref --sort -committerdate --format %(refname)%00%(objectname)%00%(*objectname) [19ms]
2025-09-02 21:15:07.798 [info] > git diff --name-status -z --diff-filter=ADMR 3ed51836bea0d2ea36b84fcad2790f5d0aa344b4...refs/remotes/origin/main [16ms]
2025-09-02 21:15:07.800 [info] > git merge-base refs/heads/main refs/remotes/origin/main [5ms]
2025-09-02 21:15:07.813 [info] > git diff --name-status -z --diff-filter=ADMR 3ed51836bea0d2ea36b84fcad2790f5d0aa344b4...refs/remotes/origin/main [4ms]
2025-09-02 21:15:08.902 [info] > git check-ignore -v -z --stdin [20ms]
