Initializing document watcher...
Document watcher initialized
tolubada1/src/app.js: {}
tolubada1/src/app.js: {}
tolubada1/src/app.js: {}
tolubada1/src/app.js: {}
tolubada1/src/app.js: {}
tolubada1/src/app.js: {}
tolubada1/src/app.js: {}
tolubada1/src/validation.js: {}
tolubada1/src/validation.js: {}
tolubada1/src/app.js: {}
tolubada1/src/app.js: {}
tolubada1/src/sampling.js: {}
tolubada1/src/app.js: {}
tolubada1/src/app.js: {}
tolubada1/src/app.js: {}
tolubada1/src/app.js: Using EditorConfig core...
tolubada1/src/app.js: Using EditorConfig core...
tolubada1/src/app.js: Using EditorConfig core...
tolubada1/src/app.js: Using EditorConfig core...
tolubada1/src/app.js: Using EditorConfig core...
tolubada1/src/app.js: Using EditorConfig core...
tolubada1/src/app.js: Using EditorConfig core...
tolubada1/src/phone.js: {}
tolubada1/src/app.js: {}
tolubada1/src/app.js: Using EditorConfig core...
tolubada1/src/app.js: Using EditorConfig core...
tolubada1/src/app.js: Using EditorConfig core...
tolubada1/src/app.js: Using EditorConfig core...
