Initializing document watcher...
Document watcher initialized
tolubada1/Drive-Health-ETL/app.js: {}
tolubada1/Drive-Health-ETL/app.js: {}
tolubada1/Drive-Health-ETL/app.js: {}
tolubada1/Drive-Health-ETL/validation.js: {}
tolubada1/Drive-Health-ETL/validation.js: {}
tolubada1/Drive-Health-ETL/validation.js: {}
tolubada1/Drive-Health-ETL/validation.js: {}
tolubada1/Drive-Health-ETL/validation.js: {}
tolubada1/Drive-Health-ETL/validation.js: {}
tolubada1/Drive-Health-ETL/validation.js: {}
tolubada1/Drive-Health-ETL/sampling.js: {}
tolubada1/Drive-Health-ETL/sampling.js: {}
tolubada1/Drive-Health-ETL/validation.js: {}
tolubada1/Drive-Health-ETL/validation.js: {}
tolubada1/Drive-Health-ETL/replay-job.js: {}
tolubada1/Drive-Health-ETL/package.json: {}
tolubada1/Drive-Health-ETL/phone.js: {}
tolubada1/Drive-Health-ETL/index.js: {}
tolubada1/Drive-Health-ETL/index.js: {}
tolubada1/Drive-Health-ETL/index.js: {}
tolubada1/Drive-Health-ETL/sampling.js: {}
tolubada1/Drive-Health-ETL/validation.js: {}
tolubada1/Drive-Health-ETL/sampling.js: {}
tolubada1/Drive-Health-ETL/sampling.js: {}
tolubada1/Drive-Health-ETL/sampling.js: {}
tolubada1/Drive-Health-ETL/sampling.js: {}
tolubada1/Drive-Health-ETL/sampling.js: {}
tolubada1/Drive-Health-ETL/sampling.js: {}
tolubada1/Drive-Health-ETL/logger.js: {}
tolubada1/Drive-Health-ETL/logger.js: {}
tolubada1/Drive-Health-ETL/logger.js: {}
tolubada1/Drive-Health-ETL/logger.js: {}
tolubada1/Drive-Health-ETL/logger.js: {}
tolubada1/Drive-Health-ETL/logger.js: {}
tolubada1/Drive-Health-ETL/logger.js: {}
tolubada1/Drive-Health-ETL/logger.js: {}
tolubada1/Drive-Health-ETL/logger.js: {}
tolubada1/Drive-Health-ETL/logger.js: {}
tolubada1/scripts/01_smoke_publish.js: {}
tolubada1/scripts/01_smoke_publish.js: {}
tolubada1/scripts/02_idempotency_test.js: {}
tolubada1/scripts/02_idempotency_test.js: {}
tolubada1/scripts/03_dlq_and_replay.js: {}
tolubada1/scripts/03_dlq_and_replay.js: {}
tolubada1/scripts/04_step_load_test.js: {}
tolubada1/scripts/01_smoke_publish.js: {}
tolubada1/scripts/01_smoke_publish.js: {}
tolubada1/scripts/01_smoke_publish.js: Using EditorConfig core...
tolubada1/scripts/01_smoke_publish.js: {}
tolubada1/scripts/02_idempotency_test.js: {}
tolubada1/scripts/02_idempotency_test.js: Using EditorConfig core...
tolubada1/scripts/02_idempotency_test.js: {}
tolubada1/scripts/03_dlq_and_replay.js: {}
tolubada1/scripts/03_dlq_and_replay.js: {}
tolubada1/scripts/04_step_load_test.js: {}
tolubada1/scripts/04_step_load_test.js: {}
tolubada1/scripts/04_step_load_test.js: Using EditorConfig core...
tolubada1/scripts/04_step_load_test.js: {}
tolubada1/scripts/04_step_load_test.js: {}
tolubada1/scripts/04_step_load_test.js: {}
tolubada1/scripts/04_step_load_test.js: {}
tolubada1/scripts/02_idempotency_test.js: {}
tolubada1/scripts/02_idempotency_test.js: Using EditorConfig core...
tolubada1/scripts/01_smoke_publish.js: {}
tolubada1/scripts/03_dlq_and_replay.js: {}
tolubada1/scripts/02_idempotency_test.js: {}
tolubada1/scripts/02_idempotency_test.js: Using EditorConfig core...
tolubada1/scripts/02_idempotency_test.js: Using EditorConfig core...
tolubada1/scripts/02_idempotency_test.js: Using EditorConfig core...
tolubada1/scripts/02_idempotency_test.js: Using EditorConfig core...
tolubada1/scripts/02_idempotency_test.js: Using EditorConfig core...
tolubada1/scripts/02_idempotency_test.js: Using EditorConfig core...
tolubada1/scripts/02_idempotency_test.js: {}
tolubada1/scripts/02_idempotency_test.js: {}
tolubada1/scripts/02_idempotency_test.js: {}
tolubada1/scripts/04_step_load_test.js: {}
tolubada1/scripts/03_dlq_and_replay.js: {}
tolubada1/scripts/03_dlq_and_replay.js: Using EditorConfig core...
tolubada1/scripts/03_dlq_and_replay.js: {}
tolubada1/scripts/02_idempotency_test.js: {}
tolubada1/scripts/02_idempotency_test.js: {}
tolubada1/scripts/02_idempotency_test.js: {}
tolubada1/scripts/02_idempotency_test.js: {}
tolubada1/scripts/02_idempotency_test.js: {}
/User/settings.json: Using EditorConfig core...
/User/settings.json: Using EditorConfig core...
tolubada1/scripts/03_dlq_and_replay.js: {}
tolubada1/scripts/04_step_load_test.js: {}
tolubada1/scripts/03_dlq_and_replay.js: {}
tolubada1/scripts/01_smoke_publish.js: {}
tolubada1/scripts/01_smoke_publish.js: {}
tolubada1/Drive-Health-ETL/replay-job.js: {}
tolubada1/Drive-Health-ETL/replay-job.js: {}
tolubada1/Drive-Health-ETL/replay-job.js: {}
tolubada1/scripts/03_dlq_and_replay.js: {}
tolubada1/scripts/03_dlq_and_replay.js: Using EditorConfig core...
tolubada1/scripts/03_dlq_and_replay.js: Using EditorConfig core...
tolubada1/Drive-Health-ETL/README.md: {}
tolubada1/Drive-Health-ETL/replay-job.js: {}
tolubada1/scripts/03_dlq_and_replay.js: {}
tolubada1/scripts/03_dlq_and_replay.js: {}
tolubada1/scripts/03_dlq_and_replay.js: {}
tolubada1/scripts/03_dlq_and_replay.js: {}
tolubada1/docs/monitoring.md: {}
tolubada1/docs/monitoring.md: {}
tolubada1/docs/dlq-replay.md: {}
tolubada1/docs/dlq-replay.md: {}
tolubada1/docs/dlq-replay.md: {}
tolubada1/docs/dlq-replay.md: {}
tolubada1/docs/monitoring.md: {}
tolubada1/docs/monitoring.md: Using EditorConfig core...
tolubada1/docs/monitoring.md: {}
tolubada1/docs/monitoring.md: {}
tolubada1/docs/monitoring.md: {}
tolubada1/docs/monitoring.md: Using EditorConfig core...
tolubada1/docs/monitoring.md: Using EditorConfig core...
tolubada1/docs/monitoring.md: Using EditorConfig core...
tolubada1/docs/monitoring.md: Using EditorConfig core...
tolubada1/docs/monitoring.md: {}
tolubada1/docs/dlq-replay.md: {}
tolubada1/docs/dlq-replay.md: Using EditorConfig core...
tolubada1/docs/dlq-replay.md: Using EditorConfig core...
tolubada1/docs/monitoring.md: {}
tolubada1/docs/dlq-replay.md: {}
tolubada1/docs/dlq-replay.md: {}
tolubada1/docs/dlq-replay.md: {}
tolubada1/docs/dlq-replay.md: {}
tolubada1/docs/dlq-replay.md: {}
tolubada1/docs/dlq-replay.md: {}
tolubada1/docs/dlq-replay.md: {}
tolubada1/docs/dlq-replay.md: {}
tolubada1/docs/dlq-replay.md: {}
tolubada1/docs/dlq-replay.md: {}
tolubada1/docs/dlq-replay.md: {}
tolubada1/docs/dlq-replay.md: {}
tolubada1/docs/dlq-replay.md: {}
tolubada1/docs/dlq-replay.md: {}
tolubada1/docs/dlq-replay.md: {}
tolubada1/docs/dlq-replay.md: {}
tolubada1/docs/dlq-replay.md: {}
tolubada1/docs/dlq-replay.md: {}
tolubada1/docs/dlq-replay.md: {}
tolubada1/docs/dlq-replay.md: {}
tolubada1/docs/dlq-replay.md: {}
tolubada1/Drive-Health-ETL/index.js: {}
tolubada1/Drive-Health-ETL/handler.js: {}
tolubada1/Drive-Health-ETL/logger.js: {}
tolubada1/Drive-Health-ETL/package-lock.json: {}
tolubada1/Drive-Health-ETL/app.js: {}
tolubada1/scripts/02_idempotency_test.js: {}
tolubada1/scripts/03_dlq_and_replay.js: {}
tolubada1/scripts/04_step_load_test.js: {}
tolubada1/scripts/04_step_load_test.js: {}
tolubada1/Drive-Health-ETL/Dockerfile: {}
tolubada1/Drive-Health-ETL/Dockerfile: {}
tolubada1/Drive-Health-ETL/Dockerfile: {}
tolubada1/src/Dockerfile: {}
tolubada1/scripts/04_step_load_test.js: {}
tolubada1/Drive-Health-ETL/index.js: {}
tolubada1/src/index.js: {}
tolubada1/Drive-Health-ETL/index.js: {}
tolubada1/src/index.js: {}
tolubada1/scripts/04_step_load_test.js: {}
tolubada1/scripts/03_dlq_and_replay.js: {}
tolubada1/scripts/04_step_load_test.js: {}
No more open editors.
tolubada1/README-cloudshell.txt: {}
No more open editors.
No more open editors.
tolubada1/scripts/01_smoke_publish.js: {}
tolubada1/scripts/01_smoke_publish.js: {}
tolubada1/scripts/01_smoke_publish.js: {}
tolubada1/scripts/01_smoke_publish.js: {}
tolubada1/scripts/01_smoke_publish.js: {}
tolubada1/scripts/01_smoke_publish.js: {}
tolubada1/package-lock.json: {}
tolubada1/package-lock.json: {}
tolubada1/package-lock.json: {}
tolubada1/package-lock.json: {}
tolubada1/package-lock.json: {}
tolubada1/package-lock.json: {}
tolubada1/src/package-lock.json: {}
tolubada1/package-lock.json: {}
tolubada1/src/package-lock.json: {}
tolubada1/package-lock.json: {}
tolubada1/package.json: {}
tolubada1/package-lock.json: {}
tolubada1/src/README.md: {}
tolubada1/README.md: {}
tolubada1/README.md: {}
tolubada1/README.md: {}
tolubada1/README.md: {}
tolubada1/README.md: {}
tolubada1/smoke-test-report-1756926550784.json: {}
tolubada1/smoke-test-report-1756926550784.json: {}
tolubada1/smoke-test-report-1756926550784.json: {}
tolubada1/idempotency-test-report-1756926638771.json: {}
tolubada1/idempotency-test-report-1756926638771.json: {}
tolubada1/idempotency-test-report-1756926638771.json: {}
tolubada1/smoke-test-report-1756926550784.json: {}
tolubada1/smoke-test-report-1756926550784.json: {}
tolubada1/smoke-test-report-1756926550784.json: {}
tolubada1/src/package-lock.json: {}
tolubada1/src/package.json: {}
tolubada1/src/package-lock.json: {}
tolubada1/src/package-lock.json: {}
tolubada1/src/package-lock.json: {}
tolubada1/src/package-lock.json: {}
tolubada1/src/package-lock.json: {}
tolubada1/src/package-lock.json: {}
tolubada1/src/package-lock.json: {}
tolubada1/src/package-lock.json: {}
tolubada1/src/package-lock.json: {}
tolubada1/load-test.js: {}
tolubada1/load-test.js: Using EditorConfig core...
tolubada1/load-test.js: Using EditorConfig core...
tolubada1/load-test.js: {}
