Initializing document watcher...
Document watcher initialized
tolubada1/index.js: {}
tolubada1/index.js: {}
tolubada1/index.js: {}
tolubada1/index.js: {}
tolubada1/index.js: {}
tolubada1/index.js: {}
tolubada1/index.js: {}
tolubada1/index.js: {}
tolubada1/index.js: {}
tolubada1/index.js: Using EditorConfig core...
tolubada1/index.js: {}
tolubada1/index.js: Using EditorConfig core...
tolubada1/index.js: {}
tolubada1/index.js: {}
tolubada1/index.js: {}
tolubada1/index.js: {}
tolubada1/Dockerfile: {}
tolubada1/package-lock.json: {}
tolubada1/Dockerfile: {}
tolubada1/Drive-Health-ETL/index.js: {}
tolubada1/Drive-Health-ETL/Dockerfile: {}
tolubada1/Dockerfile: {}
tolubada1/package-lock.json: {}
tolubada1/Drive-Health-ETL/package.json: {}
tolubada1/package-lock.json: {}
tolubada1/package-lock.json: {}
tolubada1/Drive-Health-ETL/Dockerfile: {}
tolubada1/Drive-Health-ETL/Dockerfile: {}
tolubada1/Drive-Health-ETL/Dockerfile: {}
tolubada1/Drive-Health-ETL/Dockerfile: {}
tolubada1/Drive-Health-ETL/Dockerfile: {}
tolubada1/Drive-Health-ETL/Dockerfile: {}
tolubada1/Drive-Health-ETL/Dockerfile: {}
tolubada1/Drive-Health-ETL/Dockerfile: {}
tolubada1/Drive-Health-ETL/Dockerfile: {}
tolubada1/Drive-Health-ETL/Dockerfile: {}
tolubada1/Drive-Health-ETL/Dockerfile: {}
tolubada1/Drive-Health-ETL/index.js: {}
tolubada1/Drive-Health-ETL/index.js: {}
tolubada1/Drive-Health-ETL/index.js: Using EditorConfig core...
tolubada1/Drive-Health-ETL/index.js: {}
tolubada1/Drive-Health-ETL/index.js: Using EditorConfig core...
tolubada1/Drive-Health-ETL/index.js: {}
tolubada1/Drive-Health-ETL/index.js: {}
tolubada1/Drive-Health-ETL/index.js: {}
tolubada1/Drive-Health-ETL/index.js: {}
tolubada1/Drive-Health-ETL/index.js: Using EditorConfig core...
tolubada1/Drive-Health-ETL/index.js: Using EditorConfig core...
tolubada1/Drive-Health-ETL/index.js: Using EditorConfig core...
tolubada1/Drive-Health-ETL/index.js: {}
tolubada1/Drive-Health-ETL/index.js: {}
tolubada1/Drive-Health-ETL/index.js: {}
tolubada1/Drive-Health-ETL/index.js: {}
tolubada1/Drive-Health-ETL/index.js: Using EditorConfig core...
tolubada1/Drive-Health-ETL/index.js: {}
tolubada1/Drive-Health-ETL/index.js: {}
tolubada1/Drive-Health-ETL/index.js: {}
tolubada1/Drive-Health-ETL/index.js: {}
tolubada1/Drive-Health-ETL/package-lock.json: {}
tolubada1/Drive-Health-ETL/package.json: {}
tolubada1/Drive-Health-ETL/package.json: {}
tolubada1/Drive-Health-ETL/package.json: Using EditorConfig core...
tolubada1/Drive-Health-ETL/package.json: Using EditorConfig core...
tolubada1/Drive-Health-ETL/package.json: {}
tolubada1/Drive-Health-ETL/package.json: Using EditorConfig core...
tolubada1/Drive-Health-ETL/package.json: Using EditorConfig core...
tolubada1/Drive-Health-ETL/package.json: Using EditorConfig core...
tolubada1/Drive-Health-ETL/package.json: {}
tolubada1/Drive-Health-ETL/index.js: {}
tolubada1/Drive-Health-ETL/index.js: Using EditorConfig core...
tolubada1/Drive-Health-ETL/index.js: Using EditorConfig core...
tolubada1/Drive-Health-ETL/index.js: Using EditorConfig core...
tolubada1/Drive-Health-ETL/index.js: {}
tolubada1/Drive-Health-ETL/index.js: {}
tolubada1/Drive-Health-ETL/index.js: Using EditorConfig core...
tolubada1/Drive-Health-ETL/index.js: Using EditorConfig core...
tolubada1/Drive-Health-ETL/index.js: {}
tolubada1/Drive-Health-ETL/index.js: {}
tolubada1/Drive-Health-ETL/index.js: {}
tolubada1/Drive-Health-ETL/index.js: {}
tolubada1/Drive-Health-ETL/index.js: {}
tolubada1/Drive-Health-ETL/index.js: Using EditorConfig core...
tolubada1/Drive-Health-ETL/index.js: {}
tolubada1/Drive-Health-ETL/index.js: {}
tolubada1/Drive-Health-ETL/index.js: {}
