2025-09-04 01:02:43.540 [info] [main] Log level: Info
2025-09-04 01:02:43.540 [info] [main] Validating found git in: "git"
2025-09-04 01:02:43.540 [info] [main] Using git "2.43.0" from "git"
2025-09-04 01:02:43.540 [info] [Model][doInitialScan] Initial repository scan started
2025-09-04 01:02:43.540 [info] > git rev-parse --show-toplevel [3107ms]
2025-09-04 01:02:43.540 [info] > git rev-parse --git-dir --git-common-dir [101ms]
2025-09-04 01:02:43.540 [info] [Model][openRepository] Opened repository (path): /home/tolubada1
2025-09-04 01:02:43.540 [info] [Model][openRepository] Opened repository (real path): /home/tolubada1
2025-09-04 01:02:45.847 [info] > git rev-parse --show-toplevel [2315ms]
2025-09-04 01:02:45.848 [info] > git config --get commit.template [2322ms]
2025-09-04 01:02:46.088 [info] > git for-each-ref --format=%(refname)%00%(upstream:short)%00%(objectname)%00%(upstream:track)%00%(upstream:remotename)%00%(upstream:remoteref) refs/heads/main refs/remotes/main [231ms]
2025-09-04 01:02:46.420 [info] > git check-ignore -v -z --stdin [31ms]
2025-09-04 01:02:46.421 [info] > git rev-parse --show-toplevel [310ms]
2025-09-04 01:02:46.492 [info] > git rev-parse --show-toplevel [19ms]
2025-09-04 01:02:46.492 [info] > git for-each-ref --sort -committerdate --format %(refname)%00%(objectname)%00%(*objectname) [40ms]
2025-09-04 01:02:46.519 [info] > git rev-parse --show-toplevel [14ms]
2025-09-04 01:02:46.549 [info] > git rev-parse --show-toplevel [16ms]
2025-09-04 01:02:46.579 [info] > git status -z -uall [145ms]
2025-09-04 01:02:46.579 [info] > git rev-parse --show-toplevel [6ms]
2025-09-04 01:02:46.739 [info] > git for-each-ref --format=%(refname)%00%(upstream:short)%00%(objectname)%00%(upstream:track)%00%(upstream:remotename)%00%(upstream:remoteref) refs/heads/main refs/remotes/main [44ms]
2025-09-04 01:02:47.385 [info] > git config --get --local branch.main.vscode-merge-base [638ms]
2025-09-04 01:02:47.385 [warning] [Git][config] git config failed: Failed to execute git
2025-09-04 01:02:47.393 [info] > git config --get commit.template [662ms]
2025-09-04 01:02:47.393 [info] > git rev-parse --show-toplevel [670ms]
2025-09-04 01:02:47.404 [info] > git reflog main --grep-reflog=branch: Created from *. [12ms]
2025-09-04 01:02:47.417 [info] > git rev-parse --show-toplevel [16ms]
2025-09-04 01:02:47.419 [info] > git symbolic-ref --short refs/remotes/origin/HEAD [9ms]
2025-09-04 01:02:47.419 [info] fatal: ref refs/remotes/origin/HEAD is not a symbolic ref
2025-09-04 01:02:47.419 [warning] [Repository][getDefaultBranch] Failed to get default branch details: Failed to execute git.
2025-09-04 01:02:47.439 [info] > git for-each-ref --format=%(refname)%00%(upstream:short)%00%(objectname)%00%(upstream:track)%00%(upstream:remotename)%00%(upstream:remoteref) refs/heads/main refs/remotes/main [23ms]
2025-09-04 01:02:47.440 [info] > git rev-parse --show-toplevel [3ms]
2025-09-04 01:02:47.440 [info] > git merge-base refs/heads/main refs/remotes/origin/main [13ms]
2025-09-04 01:02:47.462 [info] > git diff --name-status -z --diff-filter=ADMR 46e0ceb3087b7074ed04f730b6914b241f84735d...refs/remotes/origin/main [11ms]
2025-09-04 01:02:47.464 [info] > git rev-parse --show-toplevel [3ms]
2025-09-04 01:02:47.499 [info] > git for-each-ref --sort -committerdate --format %(refname)%00%(objectname)%00%(*objectname) [12ms]
2025-09-04 01:02:47.501 [info] > git rev-parse --show-toplevel [3ms]
2025-09-04 01:02:47.501 [info] [Model][doInitialScan] Initial repository scan completed - repositories (1), closed repositories (0), parent repositories (0), unsafe repositories (0)
2025-09-04 01:02:47.518 [info] > git show --textconv :src/app.js [8ms]
2025-09-04 01:02:47.519 [info] > git ls-files --stage -- src/app.js [2ms]
2025-09-04 01:02:47.528 [info] > git cat-file -s d0a08d79027fa76f7c5689faed7cd0e2368fe4c2 [3ms]
2025-09-04 01:02:47.564 [info] > git status -z -uall [89ms]
2025-09-04 01:02:50.204 [info] > git config --get commit.template [49ms]
2025-09-04 01:02:50.229 [info] > git for-each-ref --format=%(refname)%00%(upstream:short)%00%(objectname)%00%(upstream:track)%00%(upstream:remotename)%00%(upstream:remoteref) refs/heads/main refs/remotes/main [9ms]
2025-09-04 01:02:50.280 [info] > git blame --root --incremental 46e0ceb3087b7074ed04f730b6914b241f84735d -- src/app.js [33ms]
2025-09-04 01:02:50.284 [info] > git for-each-ref --sort -committerdate --format %(refname)%00%(objectname)%00%(*objectname) [9ms]
2025-09-04 01:02:50.358 [info] > git status -z -uall [98ms]
2025-09-04 01:03:48.597 [info] > git config --get commit.template [4ms]
2025-09-04 01:03:48.610 [info] > git for-each-ref --format=%(refname)%00%(upstream:short)%00%(objectname)%00%(upstream:track)%00%(upstream:remotename)%00%(upstream:remoteref) refs/heads/main refs/remotes/main [5ms]
2025-09-04 01:03:48.634 [info] > git for-each-ref --sort -committerdate --format %(refname)%00%(objectname)%00%(*objectname) [4ms]
2025-09-04 01:03:48.693 [info] > git status -z -uall [70ms]
2025-09-04 01:04:04.662 [info] > git config --get commit.template [8ms]
2025-09-04 01:04:04.663 [info] > git for-each-ref --format=%(refname)%00%(upstream:short)%00%(objectname)%00%(upstream:track)%00%(upstream:remotename)%00%(upstream:remoteref) refs/heads/main refs/remotes/main [2ms]
2025-09-04 01:04:04.679 [info] > git for-each-ref --sort -committerdate --format %(refname)%00%(objectname)%00%(*objectname) [2ms]
2025-09-04 01:04:04.737 [info] > git status -z -uall [67ms]
2025-09-04 01:07:44.697 [info] > git config --get commit.template [8ms]
2025-09-04 01:07:44.698 [info] > git for-each-ref --format=%(refname)%00%(upstream:short)%00%(objectname)%00%(upstream:track)%00%(upstream:remotename)%00%(upstream:remoteref) refs/heads/main refs/remotes/main [1ms]
2025-09-04 01:07:44.714 [info] > git for-each-ref --sort -committerdate --format %(refname)%00%(objectname)%00%(*objectname) [3ms]
2025-09-04 01:07:44.778 [info] > git status -z -uall [73ms]
2025-09-04 01:08:50.196 [info] > git check-ignore -v -z --stdin [1ms]
2025-09-04 01:08:51.837 [info] > git ls-files --stage -- src/validation.js [3ms]
2025-09-04 01:08:51.864 [info] > git show --textconv :src/validation.js [43ms]
2025-09-04 01:08:51.865 [info] > git cat-file -s f4f6ce90e01f949ea09d2c807e2e4dc7986ff59d [16ms]
2025-09-04 01:09:12.771 [info] > git config --get commit.template [9ms]
2025-09-04 01:09:12.772 [info] > git for-each-ref --format=%(refname)%00%(upstream:short)%00%(objectname)%00%(upstream:track)%00%(upstream:remotename)%00%(upstream:remoteref) refs/heads/main refs/remotes/main [1ms]
2025-09-04 01:09:12.791 [info] > git for-each-ref --sort -committerdate --format %(refname)%00%(objectname)%00%(*objectname) [2ms]
2025-09-04 01:09:12.853 [info] > git status -z -uall [74ms]
2025-09-04 01:09:22.780 [info] > git config --get commit.template [9ms]
2025-09-04 01:09:22.781 [info] > git for-each-ref --format=%(refname)%00%(upstream:short)%00%(objectname)%00%(upstream:track)%00%(upstream:remotename)%00%(upstream:remoteref) refs/heads/main refs/remotes/main [2ms]
2025-09-04 01:09:22.800 [info] > git for-each-ref --sort -committerdate --format %(refname)%00%(objectname)%00%(*objectname) [2ms]
2025-09-04 01:09:22.859 [info] > git status -z -uall [70ms]
2025-09-04 01:09:25.849 [info] > git show --textconv :src/app.js [8ms]
2025-09-04 01:09:25.850 [info] > git ls-files --stage -- src/app.js [2ms]
2025-09-04 01:09:25.858 [info] > git cat-file -s d0a08d79027fa76f7c5689faed7cd0e2368fe4c2 [2ms]
2025-09-04 01:10:14.001 [info] > git show --textconv :src/sampling.js [9ms]
2025-09-04 01:10:14.002 [info] > git ls-files --stage -- src/sampling.js [3ms]
2025-09-04 01:10:14.017 [info] > git cat-file -s 9722011e5947ee3bd4e00a861b837aa40cfc7776 [6ms]
2025-09-04 01:10:14.106 [info] > git blame --root --incremental 46e0ceb3087b7074ed04f730b6914b241f84735d -- src/sampling.js [2ms]
2025-09-04 01:10:29.393 [info] > git show --textconv :src/app.js [10ms]
2025-09-04 01:10:29.394 [info] > git ls-files --stage -- src/app.js [3ms]
2025-09-04 01:10:29.405 [info] > git cat-file -s d0a08d79027fa76f7c5689faed7cd0e2368fe4c2 [3ms]
2025-09-04 01:12:58.661 [info] > git show --textconv :src/phone.js [11ms]
2025-09-04 01:12:58.662 [info] > git ls-files --stage -- src/phone.js [4ms]
2025-09-04 01:12:58.672 [info] > git cat-file -s ca60fdb70a8b9aa98eedf421791078f1eab0c999 [2ms]
2025-09-04 01:12:58.741 [info] > git blame --root --incremental 46e0ceb3087b7074ed04f730b6914b241f84735d -- src/phone.js [4ms]
2025-09-04 01:13:02.309 [info] > git config --get commit.template [8ms]
2025-09-04 01:13:02.310 [info] > git for-each-ref --format=%(refname)%00%(upstream:short)%00%(objectname)%00%(upstream:track)%00%(upstream:remotename)%00%(upstream:remoteref) refs/heads/main refs/remotes/main [2ms]
2025-09-04 01:13:02.327 [info] > git for-each-ref --sort -committerdate --format %(refname)%00%(objectname)%00%(*objectname) [3ms]
2025-09-04 01:13:02.388 [info] > git status -z -uall [71ms]
2025-09-04 01:13:06.002 [info] > git show --textconv :src/app.js [9ms]
2025-09-04 01:13:06.003 [info] > git ls-files --stage -- src/app.js [3ms]
2025-09-04 01:13:06.012 [info] > git cat-file -s d0a08d79027fa76f7c5689faed7cd0e2368fe4c2 [2ms]
