2025-08-27 21:06:42.309 [info] [main] Log level: Info
2025-08-27 21:06:42.309 [info] [main] Validating found git in: "git"
2025-08-27 21:06:42.309 [info] [main] Using git "2.43.0" from "git"
2025-08-27 21:06:42.309 [info] [Model][doInitialScan] Initial repository scan started
2025-08-27 21:06:42.309 [info] > git rev-parse --show-toplevel [47ms]
2025-08-27 21:06:42.309 [info] > git rev-parse --git-dir --git-common-dir [7ms]
2025-08-27 21:06:42.309 [info] [Model][openRepository] Opened repository (path): /home/tolubada1
2025-08-27 21:06:42.309 [info] [Model][openRepository] Opened repository (real path): /home/tolubada1
2025-08-27 21:06:42.309 [info] > git config --get commit.template [19ms]
2025-08-27 21:06:42.318 [info] > git for-each-ref --format=%(refname)%00%(upstream:short)%00%(objectname)%00%(upstream:track)%00%(upstream:remotename)%00%(upstream:remoteref) refs/heads/main refs/remotes/main [10ms]
2025-08-27 21:06:42.320 [info] > git rev-parse --show-toplevel [22ms]
2025-08-27 21:06:42.336 [info] > git rev-parse --show-toplevel [8ms]
2025-08-27 21:06:45.350 [info] > git status -z -uall [99ms]
2025-08-27 21:06:45.350 [info] > git check-ignore -v -z --stdin [8ms]
2025-08-27 21:06:45.373 [info] > git for-each-ref --sort -committerdate --format %(refname)%00%(objectname)%00%(*objectname) [117ms]
2025-08-27 21:06:45.411 [info] > git rev-parse --show-toplevel [3043ms]
2025-08-27 21:06:47.903 [info] > git for-each-ref --format=%(refname)%00%(upstream:short)%00%(objectname)%00%(upstream:track)%00%(upstream:remotename)%00%(upstream:remoteref) refs/heads/main refs/remotes/main [2498ms]
2025-08-27 21:06:48.007 [info] > git config --get --local branch.main.vscode-merge-base [97ms]
2025-08-27 21:06:48.008 [warning] [Git][config] git config failed: Failed to execute git
2025-08-27 21:06:48.025 [info] > git rev-parse --show-toplevel [2587ms]
2025-08-27 21:06:48.026 [info] > git config --get commit.template [2596ms]
2025-08-27 21:06:48.170 [info] > git reflog main --grep-reflog=branch: Created from *. [146ms]
2025-08-27 21:06:48.249 [info] > git rev-parse --show-toplevel [155ms]
2025-08-27 21:06:48.493 [info] > git for-each-ref --format=%(refname)%00%(upstream:short)%00%(objectname)%00%(upstream:track)%00%(upstream:remotename)%00%(upstream:remoteref) refs/heads/main refs/remotes/main [301ms]
2025-08-27 21:06:48.494 [info] > git symbolic-ref --short refs/remotes/origin/HEAD [314ms]
2025-08-27 21:06:48.494 [info] fatal: ref refs/remotes/origin/HEAD is not a symbolic ref
2025-08-27 21:06:48.494 [warning] [Repository][getDefaultBranch] Failed to get default branch details: Failed to execute git.
2025-08-27 21:06:48.505 [info] > git rev-parse --show-toplevel [18ms]
2025-08-27 21:06:48.521 [info] > git merge-base refs/heads/main refs/remotes/origin/main [20ms]
2025-08-27 21:06:48.546 [info] > git rev-parse --show-toplevel [31ms]
2025-08-27 21:06:48.566 [info] > git diff --name-status -z --diff-filter=ADMR 9b96c38749095e30a632976cf64150cc0eafec5a...refs/remotes/origin/main [34ms]
2025-08-27 21:06:48.576 [info] > git for-each-ref --sort -committerdate --format %(refname)%00%(objectname)%00%(*objectname) [16ms]
2025-08-27 21:06:48.580 [info] > git status -z -uall [26ms]
2025-08-27 21:06:48.580 [info] > git rev-parse --show-toplevel [7ms]
2025-08-27 21:06:48.580 [info] [Model][doInitialScan] Initial repository scan completed - repositories (1), closed repositories (0), parent repositories (0), unsafe repositories (0)
2025-08-27 21:06:48.601 [info] > git show --textconv :index.js [14ms]
2025-08-27 21:06:48.602 [info] > git ls-files --stage -- index.js [8ms]
2025-08-27 21:06:48.610 [info] > git cat-file -s 030aa2265b2e74b06a1a7de65dbc7be061b3301c [2ms]
2025-08-27 21:06:49.704 [info] > git blame --root --incremental 9b96c38749095e30a632976cf64150cc0eafec5a -- index.js [18ms]
2025-08-27 21:07:04.690 [info] > git config --get commit.template [5ms]
2025-08-27 21:07:04.701 [info] > git for-each-ref --format=%(refname)%00%(upstream:short)%00%(objectname)%00%(upstream:track)%00%(upstream:remotename)%00%(upstream:remoteref) refs/heads/main refs/remotes/main [2ms]
2025-08-27 21:07:04.719 [info] > git for-each-ref --sort -committerdate --format %(refname)%00%(objectname)%00%(*objectname) [2ms]
2025-08-27 21:07:04.728 [info] > git status -z -uall [19ms]
2025-08-27 21:07:22.052 [info] > git check-ignore -v -z --stdin [2ms]
2025-08-27 21:07:25.958 [info] > git check-ignore -v -z --stdin [2ms]
2025-08-27 21:09:44.587 [info] > git config --get commit.template [3ms]
2025-08-27 21:09:44.622 [info] > git for-each-ref --format=%(refname)%00%(upstream:short)%00%(objectname)%00%(upstream:track)%00%(upstream:remotename)%00%(upstream:remoteref) refs/heads/main refs/remotes/main [27ms]
2025-08-27 21:09:44.640 [info] > git for-each-ref --sort -committerdate --format %(refname)%00%(objectname)%00%(*objectname) [2ms]
2025-08-27 21:09:44.720 [info] > git status -z -uall [89ms]
2025-08-27 21:09:49.893 [info] > git config --get commit.template [8ms]
2025-08-27 21:09:49.894 [info] > git for-each-ref --format=%(refname)%00%(upstream:short)%00%(objectname)%00%(upstream:track)%00%(upstream:remotename)%00%(upstream:remoteref) refs/heads/main refs/remotes/main [1ms]
2025-08-27 21:09:49.911 [info] > git for-each-ref --sort -committerdate --format %(refname)%00%(objectname)%00%(*objectname) [2ms]
2025-08-27 21:09:49.974 [info] > git status -z -uall [73ms]
2025-08-27 21:10:07.313 [info] > git config --get commit.template [8ms]
2025-08-27 21:10:07.313 [info] > git for-each-ref --format=%(refname)%00%(upstream:short)%00%(objectname)%00%(upstream:track)%00%(upstream:remotename)%00%(upstream:remoteref) refs/heads/main refs/remotes/main [2ms]
2025-08-27 21:10:07.331 [info] > git for-each-ref --sort -committerdate --format %(refname)%00%(objectname)%00%(*objectname) [2ms]
2025-08-27 21:10:07.400 [info] > git status -z -uall [79ms]
2025-08-27 21:10:12.511 [info] > git for-each-ref --format=%(refname)%00%(upstream:short)%00%(objectname)%00%(upstream:track)%00%(upstream:remotename)%00%(upstream:remoteref) refs/heads/main refs/remotes/main [4ms]
2025-08-27 21:10:12.512 [info] > git config --get commit.template [12ms]
2025-08-27 21:10:12.529 [info] > git for-each-ref --sort -committerdate --format %(refname)%00%(objectname)%00%(*objectname) [3ms]
2025-08-27 21:10:12.587 [info] > git status -z -uall [68ms]
2025-08-27 21:11:15.221 [info] > git config --get commit.template [11ms]
2025-08-27 21:11:15.221 [info] > git for-each-ref --format=%(refname)%00%(upstream:short)%00%(objectname)%00%(upstream:track)%00%(upstream:remotename)%00%(upstream:remoteref) refs/heads/main refs/remotes/main [3ms]
2025-08-27 21:11:15.241 [info] > git for-each-ref --sort -committerdate --format %(refname)%00%(objectname)%00%(*objectname) [2ms]
2025-08-27 21:11:15.306 [info] > git status -z -uall [75ms]
2025-08-27 21:12:12.542 [info] > git config --get commit.template [9ms]
2025-08-27 21:12:12.543 [info] > git for-each-ref --format=%(refname)%00%(upstream:short)%00%(objectname)%00%(upstream:track)%00%(upstream:remotename)%00%(upstream:remoteref) refs/heads/main refs/remotes/main [2ms]
2025-08-27 21:12:12.563 [info] > git for-each-ref --sort -committerdate --format %(refname)%00%(objectname)%00%(*objectname) [2ms]
2025-08-27 21:12:12.627 [info] > git status -z -uall [75ms]
