2025-08-25 20:20:04.354 [info] [main] Log level: Info
2025-08-25 20:20:04.354 [info] [main] Validating found git in: "git"
2025-08-25 20:20:04.354 [info] [main] Using git "2.43.0" from "git"
2025-08-25 20:20:04.354 [info] [Model][doInitialScan] Initial repository scan started
2025-08-25 20:20:04.354 [info] > git rev-parse --show-toplevel [2052ms]
2025-08-25 20:20:04.354 [info] fatal: not a git repository (or any parent up to mount point /)
Stopping at filesystem boundary (GIT_DISCOVERY_ACROSS_FILESYSTEM not set).
2025-08-25 20:20:04.493 [info] > git rev-parse --show-toplevel [128ms]
2025-08-25 20:20:04.493 [info] fatal: not a git repository (or any parent up to mount point /)
Stopping at filesystem boundary (GIT_DISCOVERY_ACROSS_FILESYSTEM not set).
2025-08-25 20:20:04.502 [info] > git rev-parse --show-toplevel [3ms]
2025-08-25 20:20:04.502 [info] fatal: not a git repository (or any parent up to mount point /)
Stopping at filesystem boundary (GIT_DISCOVERY_ACROSS_FILESYSTEM not set).
2025-08-25 20:20:04.522 [info] > git rev-parse --show-toplevel [13ms]
2025-08-25 20:20:04.522 [info] fatal: not a git repository (or any parent up to mount point /)
Stopping at filesystem boundary (GIT_DISCOVERY_ACROSS_FILESYSTEM not set).
2025-08-25 20:20:04.540 [info] > git rev-parse --show-toplevel [7ms]
2025-08-25 20:20:04.540 [info] fatal: not a git repository (or any parent up to mount point /)
Stopping at filesystem boundary (GIT_DISCOVERY_ACROSS_FILESYSTEM not set).
2025-08-25 20:20:07.088 [info] > git rev-parse --show-toplevel [2354ms]
2025-08-25 20:20:07.088 [info] fatal: not a git repository (or any parent up to mount point /)
Stopping at filesystem boundary (GIT_DISCOVERY_ACROSS_FILESYSTEM not set).
2025-08-25 20:20:07.116 [info] > git rev-parse --show-toplevel [17ms]
2025-08-25 20:20:07.116 [info] fatal: not a git repository (or any parent up to mount point /)
Stopping at filesystem boundary (GIT_DISCOVERY_ACROSS_FILESYSTEM not set).
2025-08-25 20:20:07.133 [info] > git rev-parse --show-toplevel [8ms]
2025-08-25 20:20:07.134 [info] fatal: not a git repository (or any parent up to mount point /)
Stopping at filesystem boundary (GIT_DISCOVERY_ACROSS_FILESYSTEM not set).
2025-08-25 20:20:07.168 [info] > git rev-parse --show-toplevel [29ms]
2025-08-25 20:20:07.168 [info] fatal: not a git repository (or any parent up to mount point /)
Stopping at filesystem boundary (GIT_DISCOVERY_ACROSS_FILESYSTEM not set).
2025-08-25 20:20:07.169 [info] [Model][doInitialScan] Initial repository scan completed - repositories (0), closed repositories (0), parent repositories (0), unsafe repositories (0)
2025-08-25 20:20:07.180 [info] > git rev-parse --show-toplevel [4ms]
2025-08-25 20:20:07.180 [info] fatal: not a git repository (or any parent up to mount point /)
Stopping at filesystem boundary (GIT_DISCOVERY_ACROSS_FILESYSTEM not set).
2025-08-25 20:20:07.189 [info] > git rev-parse --show-toplevel [2ms]
2025-08-25 20:20:07.190 [info] fatal: not a git repository (or any parent up to mount point /)
Stopping at filesystem boundary (GIT_DISCOVERY_ACROSS_FILESYSTEM not set).
2025-08-25 20:20:52.891 [info] > git rev-parse --show-toplevel [3ms]
2025-08-25 20:20:52.891 [info] fatal: not a git repository (or any parent up to mount point /)
Stopping at filesystem boundary (GIT_DISCOVERY_ACROSS_FILESYSTEM not set).
