Initializing document watcher...
Document watcher initialized
tolubada1/index.js: {}
tolubada1/index.js: {}
tolubada1/index.js: {}
tolubada1/index.js: {}
tolubada1/index.js: Using EditorConfig core...
tolubada1/index.js: {}
tolubada1/index.js: {}
tolubada1/index.js: {}
tolubada1/index.js: {}
No more open editors.
tolubada1/package.json: {}
tolubada1/package.json: Using EditorConfig core...
tolubada1/package.json: {}
tolubada1/package.json: Using EditorConfig core...
tolubada1/package.json: Using EditorConfig core...
tolubada1/package.json: Using EditorConfig core...
tolubada1/package.json: Using EditorConfig core...
tolubada1/package.json: {}
tolubada1/index.js: {}
tolubada1/index.js: {}
tolubada1/index.js: {}
tolubada1/index.js: {}
tolubada1/index.js: Using EditorConfig core...
tolubada1/index.js: Using EditorConfig core...
tolubada1/index.js: Using EditorConfig core...
tolubada1/index.js: Using EditorConfig core...
tolubada1/index.js: Using EditorConfig core...
tolubada1/index.js: Using EditorConfig core...
tolubada1/index.js: Using EditorConfig core...
tolubada1/index.js: Using EditorConfig core...
tolubada1/index.js: {}
tolubada1/index.js: {}
tolubada1/index.js: {}
tolubada1/index.js: {}
tolubada1/index.js: {}
tolubada1/index.js: {}
tolubada1/index.js: {}
tolubada1/index.js: {}
tolubada1/index.js: Using EditorConfig core...
tolubada1/index.js: Using EditorConfig core...
tolubada1/index.js: {}
tolubada1/index.js: Using EditorConfig core...
tolubada1/index.js: {}
tolubada1/index.js: Using EditorConfig core...
tolubada1/index.js: {}
tolubada1/index.js: {}
tolubada1/index.js: Using EditorConfig core...
tolubada1/index.js: {}
tolubada1/index.js: {}
tolubada1/index.js: {}
tolubada1/index.js: {}
tolubada1/index.js: {}
tolubada1/index.js: {}
tolubada1/index.js: {}
tolubada1/index.js: {}
tolubada1/index.js: {}
tolubada1/index.js: {}
tolubada1/index.js: {}
tolubada1/index.js: {}
tolubada1/index.js: Using EditorConfig core...
tolubada1/index.js: Using EditorConfig core...
tolubada1/index.js: {}
tolubada1/index.js: {}
tolubada1/index.js: Using EditorConfig core...
tolubada1/index.js: {}
tolubada1/index.js: {}
tolubada1/index.js: {}
tolubada1/index.js: {}
tolubada1/index.js: {}
tolubada1/index.js: {}
tolubada1/index.js: Using EditorConfig core...
tolubada1/index.js: Using EditorConfig core...
tolubada1/index.js: Using EditorConfig core...
tolubada1/index.js: {}
tolubada1/index.js: {}
tolubada1/index.js: {}
tolubada1/index.js: {}
tolubada1/index.js: {}
tolubada1/index.js: {}
tolubada1/index.js: {}
tolubada1/index.js: {}
tolubada1/index.js: {}
tolubada1/index.js: {}
tolubada1/index.js: {}
tolubada1/index.js: {}
tolubada1/index.js: Using EditorConfig core...
tolubada1/index.js: Using EditorConfig core...
tolubada1/index.js: Using EditorConfig core...
tolubada1/index.js: Using EditorConfig core...
tolubada1/index.js: Using EditorConfig core...
tolubada1/index.js: {}
tolubada1/index.js: {}
tolubada1/index.js: {}
tolubada1/index.js: {}
tolubada1/index.js: {}
tolubada1/index.js: {}
tolubada1/index.js: Using EditorConfig core...
tolubada1/index.js: Using EditorConfig core...
tolubada1/index.js: Using EditorConfig core...
tolubada1/index.js: Using EditorConfig core...
tolubada1/index.js: Using EditorConfig core...
tolubada1/index.js: Using EditorConfig core...
tolubada1/index.js: Using EditorConfig core...
tolubada1/index.js: Using EditorConfig core...
tolubada1/index.js: Using EditorConfig core...
tolubada1/index.js: Using EditorConfig core...
tolubada1/index.js: {}
tolubada1/index.js: {}
