Initializing document watcher...
Document watcher initialized
tolubada1/Drive-Health-ETL/index.js: {}
tolubada1/Drive-Health-ETL/index.js: {}
tolubada1/Drive-Health-ETL/index.test.js: {}
tolubada1/Drive-Health-ETL/index.test.js: {}
tolubada1/Drive-Health-ETL/index.js: {}
tolubada1/Drive-Health-ETL/index.test.js: {}
tolubada1/Drive-Health-ETL/index.test.js: {}
tolubada1/Drive-Health-ETL/index.test.js: Using EditorConfig core...
tolubada1/Drive-Health-ETL/index.test.js: Using EditorConfig core...
tolubada1/Drive-Health-ETL/index.test.js: {}
tolubada1/Drive-Health-ETL/index.test.js: {}
tolubada1/Drive-Health-ETL/README.md: {}
tolubada1/Drive-Health-ETL/README.txt: {}
tolubada1/Drive-Health-ETL/index.test.js: {}
tolubada1/Drive-Health-ETL/README.md: {}
tolubada1/Drive-Health-ETL/README.md: {}
tolubada1/Drive-Health-ETL/README.md: {}
tolubada1/Drive-Health-ETL/README.md: {}
tolubada1/Drive-Health-ETL/README.md: {}
tolubada1/Drive-Health-ETL/README.md: {}
tolubada1/Drive-Health-ETL/README.md: {}
tolubada1/Drive-Health-ETL/index.js: {}
tolubada1/Drive-Health-ETL/index.js: {}
tolubada1/Drive-Health-ETL/index.js: {}
tolubada1/Drive-Health-ETL/index.js: {}
tolubada1/Drive-Health-ETL/index.js: {}
tolubada1/Drive-Health-ETL/index.js: {}
tolubada1/Drive-Health-ETL/index.js: {}
tolubada1/Drive-Health-ETL/index.js: Using EditorConfig core...
tolubada1/Drive-Health-ETL/index.js: {}
tolubada1/Drive-Health-ETL/index.js: Using EditorConfig core...
tolubada1/Drive-Health-ETL/index.js: {}
tolubada1/Drive-Health-ETL/index.js: Using EditorConfig core...
tolubada1/Drive-Health-ETL/index.js: Using EditorConfig core...
tolubada1/Drive-Health-ETL/index.js: {}
tolubada1/Drive-Health-ETL/index.js: Using EditorConfig core...
tolubada1/Drive-Health-ETL/index.js: Using EditorConfig core...
tolubada1/Drive-Health-ETL/index.js: {}
tolubada1/Drive-Health-ETL/index.js: {}
tolubada1/Drive-Health-ETL/index.js: {}
tolubada1/Drive-Health-ETL/index.js: Using EditorConfig core...
tolubada1/Drive-Health-ETL/index.js: Using EditorConfig core...
tolubada1/Drive-Health-ETL/index.js: Using EditorConfig core...
tolubada1/Drive-Health-ETL/index.js: Using EditorConfig core...
tolubada1/Drive-Health-ETL/index.js: Using EditorConfig core...
tolubada1/Drive-Health-ETL/index.js: {}
tolubada1/Drive-Health-ETL/index.js: Using EditorConfig core...
tolubada1/Drive-Health-ETL/index.js: Using EditorConfig core...
tolubada1/Drive-Health-ETL/index.js: {}
tolubada1/Drive-Health-ETL/index.js: Using EditorConfig core...
tolubada1/Drive-Health-ETL/index.js: {}
tolubada1/Drive-Health-ETL/index.js: Using EditorConfig core...
tolubada1/Drive-Health-ETL/index.js: {}
tolubada1/Drive-Health-ETL/index.js: Using EditorConfig core...
tolubada1/Drive-Health-ETL/index.js: Using EditorConfig core...
tolubada1/Drive-Health-ETL/index.js: Using EditorConfig core...
tolubada1/Drive-Health-ETL/index.js: Using EditorConfig core...
tolubada1/Drive-Health-ETL/index.js: {}
tolubada1/Drive-Health-ETL/index.js: {}
tolubada1/Drive-Health-ETL/index.js: {}
tolubada1/Drive-Health-ETL/index.js: {}
tolubada1/Drive-Health-ETL/index.js: Using EditorConfig core...
tolubada1/Drive-Health-ETL/index.js: {}
tolubada1/Drive-Health-ETL/index.js: {}
tolubada1/Drive-Health-ETL/index.js: {}
tolubada1/Drive-Health-ETL/index.js: {}
tolubada1/Drive-Health-ETL/index.js: Using EditorConfig core...
tolubada1/Drive-Health-ETL/index.js: Using EditorConfig core...
tolubada1/Drive-Health-ETL/index.js: Using EditorConfig core...
tolubada1/Drive-Health-ETL/index.js: Using EditorConfig core...
tolubada1/Drive-Health-ETL/index.js: Using EditorConfig core...
tolubada1/Drive-Health-ETL/index.js: Using EditorConfig core...
tolubada1/Drive-Health-ETL/index.js: {}
tolubada1/Drive-Health-ETL/index.js: {}
tolubada1/Drive-Health-ETL/index.js: {}
tolubada1/Drive-Health-ETL/index.js: {}
tolubada1/Drive-Health-ETL/index.js: {}
tolubada1/Drive-Health-ETL/index.js: {}
tolubada1/Drive-Health-ETL/index.js: {}
