2025-09-04 01:13:41.243 [info] [main] Log level: Info
2025-09-04 01:13:41.243 [info] [main] Validating found git in: "git"
2025-09-04 01:13:41.243 [info] [main] Using git "2.43.0" from "git"
2025-09-04 01:13:41.244 [info] [Model][doInitialScan] Initial repository scan started
2025-09-04 01:13:41.244 [info] > git rev-parse --show-toplevel [47ms]
2025-09-04 01:13:41.244 [info] > git rev-parse --git-dir --git-common-dir [7ms]
2025-09-04 01:13:41.244 [info] [Model][openRepository] Opened repository (path): /home/tolubada1
2025-09-04 01:13:41.244 [info] [Model][openRepository] Opened repository (real path): /home/tolubada1
2025-09-04 01:13:41.244 [info] > git rev-parse --show-toplevel [17ms]
2025-09-04 01:13:41.244 [info] > git config --get commit.template [23ms]
2025-09-04 01:13:41.255 [info] > git for-each-ref --format=%(refname)%00%(upstream:short)%00%(objectname)%00%(upstream:track)%00%(upstream:remotename)%00%(upstream:remoteref) refs/heads/main refs/remotes/main [5ms]
2025-09-04 01:13:41.261 [info] > git rev-parse --show-toplevel [2ms]
2025-09-04 01:13:41.279 [info] > git for-each-ref --sort -committerdate --format %(refname)%00%(objectname)%00%(*objectname) [6ms]
2025-09-04 01:13:41.282 [info] > git rev-parse --show-toplevel [4ms]
2025-09-04 01:13:41.290 [info] > git rev-parse --show-toplevel [2ms]
2025-09-04 01:13:41.297 [info] > git rev-parse --show-toplevel [3ms]
2025-09-04 01:13:41.304 [info] > git rev-parse --show-toplevel [2ms]
2025-09-04 01:13:41.311 [info] > git rev-parse --show-toplevel [2ms]
2025-09-04 01:13:41.318 [info] > git rev-parse --show-toplevel [2ms]
2025-09-04 01:13:41.324 [info] > git rev-parse --show-toplevel [2ms]
2025-09-04 01:13:41.331 [info] > git rev-parse --show-toplevel [2ms]
2025-09-04 01:13:41.339 [info] > git rev-parse --show-toplevel [2ms]
2025-09-04 01:13:41.340 [info] [Model][doInitialScan] Initial repository scan completed - repositories (1), closed repositories (0), parent repositories (0), unsafe repositories (0)
2025-09-04 01:13:41.500 [info] > git status -z -uall [234ms]
2025-09-04 01:13:41.624 [info] > git for-each-ref --format=%(refname)%00%(upstream:short)%00%(objectname)%00%(upstream:track)%00%(upstream:remotename)%00%(upstream:remoteref) refs/heads/main refs/remotes/main [21ms]
2025-09-04 01:13:45.118 [info] > git config --get --local branch.main.vscode-merge-base [3487ms]
2025-09-04 01:13:45.119 [warning] [Git][config] git config failed: Failed to execute git
2025-09-04 01:13:45.127 [info] > git config --get commit.template [3510ms]
2025-09-04 01:13:45.142 [info] > git check-ignore -v -z --stdin [7ms]
2025-09-04 01:13:45.143 [info] > git reflog main --grep-reflog=branch: Created from *. [17ms]
2025-09-04 01:13:45.185 [info] > git for-each-ref --format=%(refname)%00%(upstream:short)%00%(objectname)%00%(upstream:track)%00%(upstream:remotename)%00%(upstream:remoteref) refs/heads/main refs/remotes/main [29ms]
2025-09-04 01:13:45.186 [info] > git symbolic-ref --short refs/remotes/origin/HEAD [37ms]
2025-09-04 01:13:45.186 [info] fatal: ref refs/remotes/origin/HEAD is not a symbolic ref
2025-09-04 01:13:45.186 [warning] [Repository][getDefaultBranch] Failed to get default branch details: Failed to execute git.
2025-09-04 01:13:45.451 [info] > git merge-base refs/heads/main refs/remotes/origin/main [251ms]
2025-09-04 01:13:45.629 [info] > git show --textconv :src/app.js [130ms]
2025-09-04 01:13:45.629 [info] > git ls-files --stage -- src/app.js [114ms]
2025-09-04 01:13:45.638 [info] > git diff --name-status -z --diff-filter=ADMR 46e0ceb3087b7074ed04f730b6914b241f84735d...refs/remotes/origin/main [170ms]
2025-09-04 01:13:45.660 [info] > git cat-file -s d0a08d79027fa76f7c5689faed7cd0e2368fe4c2 [23ms]
2025-09-04 01:13:45.669 [info] > git for-each-ref --sort -committerdate --format %(refname)%00%(objectname)%00%(*objectname) [17ms]
2025-09-04 01:13:45.788 [info] > git status -z -uall [143ms]
2025-09-04 01:13:46.642 [info] > git blame --root --incremental 46e0ceb3087b7074ed04f730b6914b241f84735d -- src/app.js [3ms]
2025-09-04 01:13:47.744 [info] > git config --get commit.template [47ms]
2025-09-04 01:13:47.772 [info] > git for-each-ref --format=%(refname)%00%(upstream:short)%00%(objectname)%00%(upstream:track)%00%(upstream:remotename)%00%(upstream:remoteref) refs/heads/main refs/remotes/main [10ms]
2025-09-04 01:13:47.818 [info] > git for-each-ref --sort -committerdate --format %(refname)%00%(objectname)%00%(*objectname) [9ms]
2025-09-04 01:13:47.916 [info] > git status -z -uall [119ms]
2025-09-04 01:14:40.603 [info] > git show --textconv :src/handler.js [10ms]
2025-09-04 01:14:40.604 [info] > git ls-files --stage -- src/handler.js [3ms]
2025-09-04 01:14:40.613 [info] > git cat-file -s 6e76f93d80d26329c63322301d24af67ca97bafd [2ms]
2025-09-04 01:14:46.735 [info] > git config --get commit.template [16ms]
2025-09-04 01:14:46.756 [info] > git for-each-ref --format=%(refname)%00%(upstream:short)%00%(objectname)%00%(upstream:track)%00%(upstream:remotename)%00%(upstream:remoteref) refs/heads/main refs/remotes/main [9ms]
2025-09-04 01:14:46.775 [info] > git for-each-ref --sort -committerdate --format %(refname)%00%(objectname)%00%(*objectname) [2ms]
2025-09-04 01:14:46.837 [info] > git status -z -uall [73ms]
2025-09-04 01:14:53.334 [info] > git show --textconv :src/phone.js [8ms]
2025-09-04 01:14:53.335 [info] > git ls-files --stage -- src/phone.js [2ms]
2025-09-04 01:14:53.344 [info] > git cat-file -s ca60fdb70a8b9aa98eedf421791078f1eab0c999 [2ms]
2025-09-04 01:14:53.409 [info] > git blame --root --incremental 46e0ceb3087b7074ed04f730b6914b241f84735d -- src/phone.js [3ms]
2025-09-04 01:15:00.632 [info] > git show --textconv :src/handler.js [8ms]
2025-09-04 01:15:00.634 [info] > git ls-files --stage -- src/handler.js [2ms]
2025-09-04 01:15:00.642 [info] > git cat-file -s 6e76f93d80d26329c63322301d24af67ca97bafd [2ms]
2025-09-04 01:15:02.753 [info] > git blame --root --incremental 46e0ceb3087b7074ed04f730b6914b241f84735d -- src/handler.js [3ms]
2025-09-04 01:15:07.432 [info] > git show --textconv :src/app.js [11ms]
2025-09-04 01:15:07.433 [info] > git ls-files --stage -- src/app.js [2ms]
2025-09-04 01:15:07.448 [info] > git cat-file -s d0a08d79027fa76f7c5689faed7cd0e2368fe4c2 [3ms]
2025-09-04 01:19:11.689 [info] > git config --get commit.template [8ms]
2025-09-04 01:19:11.689 [info] > git for-each-ref --format=%(refname)%00%(upstream:short)%00%(objectname)%00%(upstream:track)%00%(upstream:remotename)%00%(upstream:remoteref) refs/heads/main refs/remotes/main [2ms]
2025-09-04 01:19:11.706 [info] > git for-each-ref --sort -committerdate --format %(refname)%00%(objectname)%00%(*objectname) [3ms]
2025-09-04 01:19:11.775 [info] > git status -z -uall [79ms]
2025-09-04 01:21:23.398 [info] > git show --textconv :src/handler.js [13ms]
2025-09-04 01:21:23.400 [info] > git ls-files --stage -- src/handler.js [7ms]
2025-09-04 01:21:23.410 [info] > git cat-file -s 6e76f93d80d26329c63322301d24af67ca97bafd [2ms]
2025-09-04 01:21:50.802 [info] > git show --textconv :src/app.js [7ms]
2025-09-04 01:21:50.803 [info] > git ls-files --stage -- src/app.js [2ms]
2025-09-04 01:21:50.812 [info] > git cat-file -s d0a08d79027fa76f7c5689faed7cd0e2368fe4c2 [3ms]
2025-09-04 01:22:04.394 [info] > git show --textconv :src/handler.js [9ms]
2025-09-04 01:22:04.395 [info] > git ls-files --stage -- src/handler.js [3ms]
2025-09-04 01:22:04.404 [info] > git cat-file -s 6e76f93d80d26329c63322301d24af67ca97bafd [2ms]
2025-09-04 01:22:18.913 [info] > git show --textconv :src/app.js [8ms]
2025-09-04 01:22:18.913 [info] > git ls-files --stage -- src/app.js [1ms]
2025-09-04 01:22:18.923 [info] > git cat-file -s d0a08d79027fa76f7c5689faed7cd0e2368fe4c2 [3ms]
2025-09-04 01:22:22.813 [info] > git show --textconv :src/validation.js [7ms]
2025-09-04 01:22:22.815 [info] > git ls-files --stage -- src/validation.js [1ms]
2025-09-04 01:22:22.823 [info] > git cat-file -s f4f6ce90e01f949ea09d2c807e2e4dc7986ff59d [2ms]
2025-09-04 01:22:34.451 [info] > git show --textconv :src/app.js [10ms]
2025-09-04 01:22:34.452 [info] > git ls-files --stage -- src/app.js [5ms]
2025-09-04 01:22:34.461 [info] > git cat-file -s d0a08d79027fa76f7c5689faed7cd0e2368fe4c2 [2ms]
2025-09-04 01:22:47.032 [info] > git show --textconv :src/handler.js [9ms]
2025-09-04 01:22:47.034 [info] > git ls-files --stage -- src/handler.js [5ms]
2025-09-04 01:22:47.044 [info] > git cat-file -s 6e76f93d80d26329c63322301d24af67ca97bafd [3ms]
2025-09-04 01:23:01.700 [info] > git show --textconv :src/app.js [7ms]
2025-09-04 01:23:01.703 [info] > git ls-files --stage -- src/app.js [4ms]
2025-09-04 01:23:01.711 [info] > git cat-file -s d0a08d79027fa76f7c5689faed7cd0e2368fe4c2 [2ms]
2025-09-04 01:25:06.626 [info] > git show --textconv :src/handler.js [10ms]
2025-09-04 01:25:06.627 [info] > git ls-files --stage -- src/handler.js [4ms]
2025-09-04 01:25:06.637 [info] > git cat-file -s 6e76f93d80d26329c63322301d24af67ca97bafd [3ms]
2025-09-04 01:25:50.027 [info] > git config --get commit.template [8ms]
2025-09-04 01:25:50.028 [info] > git for-each-ref --format=%(refname)%00%(upstream:short)%00%(objectname)%00%(upstream:track)%00%(upstream:remotename)%00%(upstream:remoteref) refs/heads/main refs/remotes/main [2ms]
2025-09-04 01:25:50.044 [info] > git for-each-ref --sort -committerdate --format %(refname)%00%(objectname)%00%(*objectname) [3ms]
2025-09-04 01:25:50.111 [info] > git status -z -uall [76ms]
2025-09-04 01:27:41.255 [info] > git show --textconv :src/app.js [7ms]
2025-09-04 01:27:41.256 [info] > git ls-files --stage -- src/app.js [1ms]
2025-09-04 01:27:41.264 [info] > git cat-file -s d0a08d79027fa76f7c5689faed7cd0e2368fe4c2 [2ms]
2025-09-04 01:31:29.500 [info] > git check-ignore -v -z --stdin [2ms]
2025-09-04 01:31:30.590 [info] > git ls-files --stage -- scripts/04_step_load_test.js [1ms]
2025-09-04 01:31:30.637 [info] > git cat-file -s d7c6e806df24f9a795c1c00630c628f8862bf59e [38ms]
2025-09-04 01:31:30.641 [info] > git show --textconv :scripts/04_step_load_test.js [61ms]
2025-09-04 01:31:30.818 [info] > git blame --root --incremental 46e0ceb3087b7074ed04f730b6914b241f84735d -- scripts/04_step_load_test.js [27ms]
2025-09-04 01:34:09.937 [info] > git check-ignore -v -z --stdin [2ms]
2025-09-04 01:34:14.058 [info] > git show --textconv :src/README.md [38ms]
2025-09-04 01:34:14.058 [info] > git ls-files --stage -- src/README.md [28ms]
2025-09-04 01:34:14.072 [info] > git cat-file -s 43e42adfdfad8340f2e98eed69fcec7e2e8779cc [3ms]
2025-09-04 01:34:14.135 [info] > git blame --root --incremental 46e0ceb3087b7074ed04f730b6914b241f84735d -- src/README.md [3ms]
2025-09-04 01:39:57.974 [info] > git config --get commit.template [2ms]
2025-09-04 01:39:57.982 [info] > git for-each-ref --format=%(refname)%00%(upstream:short)%00%(objectname)%00%(upstream:track)%00%(upstream:remotename)%00%(upstream:remoteref) refs/heads/main refs/remotes/main [2ms]
2025-09-04 01:39:57.998 [info] > git for-each-ref --sort -committerdate --format %(refname)%00%(objectname)%00%(*objectname) [2ms]
2025-09-04 01:39:58.062 [info] > git status -z -uall [72ms]
2025-09-04 01:40:42.054 [info] > git config --get commit.template [7ms]
2025-09-04 01:40:42.055 [info] > git for-each-ref --format=%(refname)%00%(upstream:short)%00%(objectname)%00%(upstream:track)%00%(upstream:remotename)%00%(upstream:remoteref) refs/heads/main refs/remotes/main [1ms]
2025-09-04 01:40:42.069 [info] > git for-each-ref --sort -committerdate --format %(refname)%00%(objectname)%00%(*objectname) [2ms]
2025-09-04 01:40:42.134 [info] > git status -z -uall [73ms]
2025-09-04 01:42:29.918 [info] > git config --get commit.template [7ms]
2025-09-04 01:42:29.919 [info] > git for-each-ref --format=%(refname)%00%(upstream:short)%00%(objectname)%00%(upstream:track)%00%(upstream:remotename)%00%(upstream:remoteref) refs/heads/main refs/remotes/main [2ms]
2025-09-04 01:42:29.933 [info] > git for-each-ref --sort -committerdate --format %(refname)%00%(objectname)%00%(*objectname) [2ms]
2025-09-04 01:42:29.993 [info] > git status -z -uall [68ms]
2025-09-04 01:43:51.110 [info] > git config --get commit.template [7ms]
2025-09-04 01:43:51.111 [info] > git for-each-ref --format=%(refname)%00%(upstream:short)%00%(objectname)%00%(upstream:track)%00%(upstream:remotename)%00%(upstream:remoteref) refs/heads/main refs/remotes/main [2ms]
2025-09-04 01:43:51.125 [info] > git for-each-ref --sort -committerdate --format %(refname)%00%(objectname)%00%(*objectname) [2ms]
2025-09-04 01:43:51.187 [info] > git status -z -uall [70ms]
2025-09-04 01:45:38.500 [info] > git config --get commit.template [2ms]
2025-09-04 01:45:38.509 [info] > git for-each-ref --format=%(refname)%00%(upstream:short)%00%(objectname)%00%(upstream:track)%00%(upstream:remotename)%00%(upstream:remoteref) refs/heads/main refs/remotes/main [2ms]
2025-09-04 01:45:38.526 [info] > git for-each-ref --sort -committerdate --format %(refname)%00%(objectname)%00%(*objectname) [2ms]
2025-09-04 01:45:38.590 [info] > git status -z -uall [74ms]
2025-09-04 01:46:12.847 [info] > git config --get commit.template [6ms]
2025-09-04 01:46:12.848 [info] > git for-each-ref --format=%(refname)%00%(upstream:short)%00%(objectname)%00%(upstream:track)%00%(upstream:remotename)%00%(upstream:remoteref) refs/heads/main refs/remotes/main [1ms]
2025-09-04 01:46:12.861 [info] > git for-each-ref --sort -committerdate --format %(refname)%00%(objectname)%00%(*objectname) [2ms]
2025-09-04 01:46:12.924 [info] > git status -z -uall [71ms]
2025-09-04 02:00:44.850 [info] > git config --get commit.template [9ms]
2025-09-04 02:00:44.850 [info] > git for-each-ref --format=%(refname)%00%(upstream:short)%00%(objectname)%00%(upstream:track)%00%(upstream:remotename)%00%(upstream:remoteref) refs/heads/main refs/remotes/main [3ms]
2025-09-04 02:00:44.870 [info] > git for-each-ref --sort -committerdate --format %(refname)%00%(objectname)%00%(*objectname) [3ms]
2025-09-04 02:00:44.887 [info] > git ls-files --stage -- src/README.md [4ms]
2025-09-04 02:00:44.898 [info] > git cat-file -s cffcf7a16bf3bda0964e15dc001fc4c2396ff56e [2ms]
2025-09-04 02:00:44.918 [info] > git status -z -uall [61ms]
2025-09-04 02:00:44.967 [info] > git blame --root --incremental 99941b967215177d5ad403b947d5dda93068af3d -- src/README.md [20ms]
2025-09-04 02:00:44.968 [info] > git merge-base refs/heads/main refs/remotes/origin/main [13ms]
2025-09-04 02:00:44.977 [info] > git show --textconv :src/README.md [11ms]
2025-09-04 02:00:44.978 [info] > git diff --name-status -z --diff-filter=ADMR 99941b967215177d5ad403b947d5dda93068af3d...refs/remotes/origin/main [3ms]
2025-09-04 02:00:49.972 [info] > git config --get commit.template [7ms]
2025-09-04 02:00:49.973 [info] > git for-each-ref --format=%(refname)%00%(upstream:short)%00%(objectname)%00%(upstream:track)%00%(upstream:remotename)%00%(upstream:remoteref) refs/heads/main refs/remotes/main [2ms]
2025-09-04 02:00:49.992 [info] > git for-each-ref --sort -committerdate --format %(refname)%00%(objectname)%00%(*objectname) [3ms]
2025-09-04 02:00:50.037 [info] > git status -z -uall [57ms]
2025-09-04 02:00:51.647 [info] > git check-ignore -v -z --stdin [6ms]
2025-09-04 02:01:28.910 [info] > git show --textconv :README-cloudshell.txt [11ms]
2025-09-04 02:01:28.911 [info] > git ls-files --stage -- README-cloudshell.txt [5ms]
2025-09-04 02:01:28.919 [info] > git cat-file -s 9fa5a74e750d98eb725eca4ca09ba01af2f5cd24 [2ms]
2025-09-04 02:01:32.799 [info] > git show --textconv :src/README.md [8ms]
2025-09-04 02:01:32.802 [info] > git ls-files --stage -- src/README.md [4ms]
2025-09-04 02:01:32.810 [info] > git cat-file -s cffcf7a16bf3bda0964e15dc001fc4c2396ff56e [2ms]
2025-09-04 02:02:28.506 [info] > git config --get commit.template [6ms]
2025-09-04 02:02:28.508 [info] > git for-each-ref --format=%(refname)%00%(upstream:short)%00%(objectname)%00%(upstream:track)%00%(upstream:remotename)%00%(upstream:remoteref) refs/heads/main refs/remotes/main [2ms]
2025-09-04 02:02:28.523 [info] > git for-each-ref --sort -committerdate --format %(refname)%00%(objectname)%00%(*objectname) [2ms]
2025-09-04 02:02:28.569 [info] > git status -z -uall [55ms]
