Initializing document watcher...
Document watcher initialized
tolubada1/src/app.js: {}
tolubada1/src/app.js: Using EditorConfig core...
tolubada1/src/app.js: Using EditorConfig core...
tolubada1/src/app.js: Using EditorConfig core...
tolubada1/src/app.js: Using EditorConfig core...
tolubada1/src/app.js: Using EditorConfig core...
tolubada1/src/app.js: Using EditorConfig core...
tolubada1/src/app.js: Using EditorConfig core...
tolubada1/src/app.js: Using EditorConfig core...
tolubada1/src/handler.js: {}
tolubada1/src/phone.js: {}
tolubada1/src/handler.js: {}
tolubada1/src/app.js: {}
tolubada1/src/app.js: Using EditorConfig core...
tolubada1/src/app.js: Using EditorConfig core...
tolubada1/src/app.js: Using EditorConfig core...
tolubada1/src/app.js: Using EditorConfig core...
tolubada1/src/app.js: Using EditorConfig core...
tolubada1/src/app.js: Using EditorConfig core...
tolubada1/src/app.js: Using EditorConfig core...
tolubada1/src/app.js: Using EditorConfig core...
tolubada1/src/app.js: Using EditorConfig core...
tolubada1/src/app.js: Using EditorConfig core...
tolubada1/src/app.js: Using EditorConfig core...
tolubada1/src/app.js: Using EditorConfig core...
tolubada1/src/app.js: Using EditorConfig core...
tolubada1/src/app.js: Using EditorConfig core...
tolubada1/src/app.js: Using EditorConfig core...
tolubada1/src/app.js: Using EditorConfig core...
tolubada1/src/app.js: Using EditorConfig core...
tolubada1/src/app.js: Using EditorConfig core...
tolubada1/src/app.js: Using EditorConfig core...
tolubada1/src/app.js: {}
tolubada1/src/app.js: {}
tolubada1/src/app.js: Using EditorConfig core...
tolubada1/src/app.js: {}
tolubada1/src/app.js: {}
tolubada1/src/app.js: {}
tolubada1/src/app.js: {}
tolubada1/src/handler.js: {}
tolubada1/src/app.js: {}
tolubada1/src/handler.js: {}
tolubada1/src/app.js: {}
tolubada1/src/validation.js: {}
tolubada1/src/app.js: {}
tolubada1/src/handler.js: {}
tolubada1/src/app.js: {}
tolubada1/src/app.js: {}
tolubada1/src/app.js: {}
tolubada1/src/app.js: {}
tolubada1/src/handler.js: {}
tolubada1/src/handler.js: {}
tolubada1/src/handler.js: {}
tolubada1/src/app.js: {}
tolubada1/src/app.js: {}
tolubada1/src/app.js: {}
tolubada1/src/app.js: Using EditorConfig core...
tolubada1/src/app.js: Using EditorConfig core...
tolubada1/src/app.js: {}
No more open editors.
tolubada1/load-test.js: {}
tolubada1/load-test.js: {}
tolubada1/load-test.js: {}
tolubada1/scripts/04_step_load_test.js: {}
tolubada1/scripts/04_step_load_test.js: {}
tolubada1/scripts/04_step_load_test.js: {}
tolubada1/scripts/04_step_load_test.js: {}
tolubada1/scripts/04_step_load_test.js: {}
tolubada1/README-cloudshell.txt: {}
tolubada1/src/README.md: {}
tolubada1/src/README.md: {}
tolubada1/src/README.md: {}
tolubada1/src/README.md: {}
tolubada1/src/README.md: {}
tolubada1/src/README.md: Using EditorConfig core...
tolubada1/src/README.md: Using EditorConfig core...
tolubada1/src/README.md: Using EditorConfig core...
tolubada1/src/README.md: Using EditorConfig core...
tolubada1/src/README.md: Using EditorConfig core...
tolubada1/src/README.md: Using EditorConfig core...
tolubada1/src/README.md: Using EditorConfig core...
tolubada1/src/README.md: Using EditorConfig core...
tolubada1/src/README.md: Using EditorConfig core...
tolubada1/src/README.md: Using EditorConfig core...
tolubada1/src/README.md: Using EditorConfig core...
tolubada1/src/README.md: Using EditorConfig core...
tolubada1/src/README.md: Using EditorConfig core...
tolubada1/src/README.md: Using EditorConfig core...
tolubada1/src/README.md: Using EditorConfig core...
tolubada1/src/README.md: Using EditorConfig core...
tolubada1/src/README.md: Using EditorConfig core...
tolubada1/src/README.md: Using EditorConfig core...
tolubada1/src/README.md: Using EditorConfig core...
tolubada1/src/README.md: Using EditorConfig core...
tolubada1/src/README.md: Using EditorConfig core...
tolubada1/src/README.md: Using EditorConfig core...
tolubada1/src/README.md: Using EditorConfig core...
tolubada1/src/README.md: Using EditorConfig core...
tolubada1/src/README.md: Using EditorConfig core...
tolubada1/src/README.md: Using EditorConfig core...
tolubada1/src/README.md: Using EditorConfig core...
tolubada1/src/README.md: Using EditorConfig core...
tolubada1/src/README.md: Using EditorConfig core...
tolubada1/src/README.md: Using EditorConfig core...
tolubada1/src/README.md: Using EditorConfig core...
tolubada1/src/README.md: Using EditorConfig core...
tolubada1/src/README.md: Using EditorConfig core...
tolubada1/src/README.md: {}
tolubada1/src/README.md: Using EditorConfig core...
tolubada1/src/README.md: Using EditorConfig core...
tolubada1/src/README.md: Using EditorConfig core...
tolubada1/src/README.md: Using EditorConfig core...
tolubada1/src/README.md: {}
tolubada1/src/README.md: {}
tolubada1/src/README.md: {}
tolubada1/src/README.md: {}
tolubada1/src/README.md: {}
tolubada1/README-cloudshell.txt: {}
tolubada1/src/README.md: {}
tolubada1/src/README.md: {}
