2025-08-29 16:54:00.667 [info] [main] Log level: Info
2025-08-29 16:54:00.667 [info] [main] Validating found git in: "git"
2025-08-29 16:54:00.667 [info] [main] Using git "2.43.0" from "git"
2025-08-29 16:54:00.667 [info] [Model][doInitialScan] Initial repository scan started
2025-08-29 16:54:00.667 [info] > git rev-parse --show-toplevel [11ms]
2025-08-29 16:54:00.667 [info] fatal: not a git repository (or any parent up to mount point /)
Stopping at filesystem boundary (GIT_DISCOVERY_ACROSS_FILESYSTEM not set).
2025-08-29 16:54:00.667 [info] > git rev-parse --show-toplevel [3968ms]
2025-08-29 16:54:00.675 [info] > git rev-parse --git-dir --git-common-dir [101ms]
2025-08-29 16:54:00.693 [info] [Model][openRepository] Opened repository (path): /home/tolubada1/Drive-Health-ETL
2025-08-29 16:54:00.693 [info] [Model][openRepository] Opened repository (real path): /home/tolubada1/Drive-Health-ETL
2025-08-29 16:54:00.951 [info] > git rev-parse --show-toplevel [239ms]
2025-08-29 16:54:00.952 [info] fatal: not a git repository (or any parent up to mount point /)
Stopping at filesystem boundary (GIT_DISCOVERY_ACROSS_FILESYSTEM not set).
2025-08-29 16:54:00.958 [info] > git config --get commit.template [251ms]
2025-08-29 16:54:03.734 [info] > git rev-parse --show-toplevel [2756ms]
2025-08-29 16:54:03.734 [info] fatal: not a git repository (or any parent up to mount point /)
Stopping at filesystem boundary (GIT_DISCOVERY_ACROSS_FILESYSTEM not set).
2025-08-29 16:54:03.824 [info] > git for-each-ref --format=%(refname)%00%(upstream:short)%00%(objectname)%00%(upstream:track)%00%(upstream:remotename)%00%(upstream:remoteref) refs/heads/main refs/remotes/main [2822ms]
2025-08-29 16:54:04.007 [info] > git check-ignore -v -z --stdin [260ms]
2025-08-29 16:54:04.010 [info] > git rev-parse --show-toplevel [252ms]
2025-08-29 16:54:04.010 [info] fatal: not a git repository (or any parent up to mount point /)
Stopping at filesystem boundary (GIT_DISCOVERY_ACROSS_FILESYSTEM not set).
2025-08-29 16:54:04.342 [info] > git rev-parse --show-toplevel [294ms]
2025-08-29 16:54:04.342 [info] fatal: not a git repository (or any parent up to mount point /)
Stopping at filesystem boundary (GIT_DISCOVERY_ACROSS_FILESYSTEM not set).
2025-08-29 16:54:04.378 [info] > git status -z -uall [26ms]
2025-08-29 16:54:04.380 [info] > git rev-parse --show-toplevel [11ms]
2025-08-29 16:54:04.380 [info] fatal: not a git repository (or any parent up to mount point /)
Stopping at filesystem boundary (GIT_DISCOVERY_ACROSS_FILESYSTEM not set).
2025-08-29 16:54:04.380 [info] > git for-each-ref --sort -committerdate --format %(refname)%00%(objectname)%00%(*objectname) [19ms]
2025-08-29 16:54:04.528 [info] > git for-each-ref --format=%(refname)%00%(upstream:short)%00%(objectname)%00%(upstream:track)%00%(upstream:remotename)%00%(upstream:remoteref) refs/heads/main refs/remotes/main [121ms]
2025-08-29 16:54:04.589 [info] > git config --get --local branch.main.vscode-merge-base [53ms]
2025-08-29 16:54:04.590 [warning] [Git][config] git config failed: Failed to execute git
2025-08-29 16:54:04.599 [info] > git config --get commit.template [142ms]
2025-08-29 16:54:04.599 [info] > git rev-parse --show-toplevel [152ms]
2025-08-29 16:54:04.599 [info] fatal: not a git repository (or any parent up to mount point /)
Stopping at filesystem boundary (GIT_DISCOVERY_ACROSS_FILESYSTEM not set).
2025-08-29 16:54:04.622 [info] > git rev-parse --show-toplevel [12ms]
2025-08-29 16:54:04.622 [info] fatal: not a git repository (or any parent up to mount point /)
Stopping at filesystem boundary (GIT_DISCOVERY_ACROSS_FILESYSTEM not set).
2025-08-29 16:54:04.633 [info] > git for-each-ref --format=%(refname)%00%(upstream:short)%00%(objectname)%00%(upstream:track)%00%(upstream:remotename)%00%(upstream:remoteref) refs/heads/main refs/remotes/main [14ms]
2025-08-29 16:54:04.639 [info] > git rev-parse --show-toplevel [7ms]
2025-08-29 16:54:04.639 [info] fatal: not a git repository (or any parent up to mount point /)
Stopping at filesystem boundary (GIT_DISCOVERY_ACROSS_FILESYSTEM not set).
2025-08-29 16:54:04.640 [info] [Model][doInitialScan] Initial repository scan completed - repositories (1), closed repositories (0), parent repositories (0), unsafe repositories (0)
2025-08-29 16:54:04.661 [info] > git ls-files --stage -- index.js [3ms]
2025-08-29 16:54:04.673 [info] > git cat-file -s c09ead6273f930fa8cd9755657a7d7d4575b9342 [4ms]
2025-08-29 16:54:04.692 [info] > git show --textconv :index.js [43ms]
2025-08-29 16:54:04.692 [info] > git status -z -uall [10ms]
2025-08-29 16:54:04.699 [info] > git for-each-ref --sort -committerdate --format %(refname)%00%(objectname)%00%(*objectname) [9ms]
2025-08-29 16:54:04.719 [info] > git for-each-ref --format=%(refname)%00%(upstream:short)%00%(objectname)%00%(upstream:track)%00%(upstream:remotename)%00%(upstream:remoteref) refs/heads/main refs/remotes/main [4ms]
2025-08-29 16:54:04.760 [info] > git reflog main --grep-reflog=branch: Created from *. [162ms]
2025-08-29 16:54:04.768 [info] > git config --get --local branch.main.vscode-merge-base [41ms]
2025-08-29 16:54:04.768 [warning] [Git][config] git config failed: Failed to execute git
2025-08-29 16:54:04.781 [info] > git symbolic-ref --short refs/remotes/origin/HEAD [13ms]
2025-08-29 16:54:04.782 [info] fatal: ref refs/remotes/origin/HEAD is not a symbolic ref
2025-08-29 16:54:04.782 [warning] [Repository][getDefaultBranch] Failed to get default branch details: Failed to execute git.
2025-08-29 16:54:04.803 [info] > git reflog main --grep-reflog=branch: Created from *. [27ms]
2025-08-29 16:54:04.820 [info] > git symbolic-ref --short refs/remotes/origin/HEAD [6ms]
2025-08-29 16:54:04.820 [info] fatal: ref refs/remotes/origin/HEAD is not a symbolic ref
2025-08-29 16:54:04.820 [warning] [Repository][getDefaultBranch] Failed to get default branch details: Failed to execute git.
2025-08-29 16:54:04.830 [info] > git merge-base refs/heads/main refs/remotes/origin/main [37ms]
2025-08-29 16:54:04.842 [info] > git merge-base refs/heads/main refs/remotes/origin/main [12ms]
2025-08-29 16:54:04.854 [info] > git diff --name-status -z --diff-filter=ADMR 83b6606a8301c5020ac2d213d8a88617738ecbc9...refs/remotes/origin/main [15ms]
2025-08-29 16:54:04.856 [info] > git diff --name-status -z --diff-filter=ADMR 83b6606a8301c5020ac2d213d8a88617738ecbc9...refs/remotes/origin/main [4ms]
2025-08-29 16:54:04.927 [info] > git blame --root --incremental 83b6606a8301c5020ac2d213d8a88617738ecbc9 -- index.js [58ms]
2025-08-29 17:35:23.303 [info] > git config --get commit.template [9ms]
2025-08-29 17:35:23.304 [info] > git for-each-ref --format=%(refname)%00%(upstream:short)%00%(objectname)%00%(upstream:track)%00%(upstream:remotename)%00%(upstream:remoteref) refs/heads/main refs/remotes/main [2ms]
2025-08-29 17:35:23.324 [info] > git status -z -uall [12ms]
2025-08-29 17:35:23.329 [info] > git for-each-ref --sort -committerdate --format %(refname)%00%(objectname)%00%(*objectname) [9ms]
2025-08-29 17:35:54.428 [info] > git ls-files --stage -- package-lock.json [25ms]
2025-08-29 17:35:54.487 [info] > git show --textconv :package-lock.json [94ms]
2025-08-29 17:35:54.488 [info] > git cat-file -s 8daf84c3b7166c3ad7604f255b180353cb5e617d [51ms]
2025-08-29 17:35:54.822 [info] > git show --textconv :package.json [10ms]
2025-08-29 17:35:54.823 [info] > git ls-files --stage -- package.json [3ms]
2025-08-29 17:35:54.833 [info] > git cat-file -s 170f2cd5328bfcfe8ff4e1d174ae4cd76c3da7ba [3ms]
2025-08-29 17:35:55.231 [info] > git blame --root --incremental 83b6606a8301c5020ac2d213d8a88617738ecbc9 -- package.json [173ms]
2025-08-29 17:35:59.993 [info] > git config --get commit.template [7ms]
2025-08-29 17:35:59.994 [info] > git for-each-ref --format=%(refname)%00%(upstream:short)%00%(objectname)%00%(upstream:track)%00%(upstream:remotename)%00%(upstream:remoteref) refs/heads/main refs/remotes/main [2ms]
2025-08-29 17:36:00.009 [info] > git status -z -uall [7ms]
2025-08-29 17:36:00.010 [info] > git for-each-ref --sort -committerdate --format %(refname)%00%(objectname)%00%(*objectname) [2ms]
2025-08-29 17:36:05.027 [info] > git config --get commit.template [6ms]
2025-08-29 17:36:05.029 [info] > git for-each-ref --format=%(refname)%00%(upstream:short)%00%(objectname)%00%(upstream:track)%00%(upstream:remotename)%00%(upstream:remoteref) refs/heads/main refs/remotes/main [2ms]
2025-08-29 17:36:05.042 [info] > git status -z -uall [7ms]
2025-08-29 17:36:05.043 [info] > git for-each-ref --sort -committerdate --format %(refname)%00%(objectname)%00%(*objectname) [2ms]
2025-08-29 17:36:14.374 [info] > git config --get commit.template [8ms]
2025-08-29 17:36:14.375 [info] > git for-each-ref --format=%(refname)%00%(upstream:short)%00%(objectname)%00%(upstream:track)%00%(upstream:remotename)%00%(upstream:remoteref) refs/heads/main refs/remotes/main [3ms]
2025-08-29 17:36:14.391 [info] > git status -z -uall [9ms]
2025-08-29 17:36:14.393 [info] > git for-each-ref --sort -committerdate --format %(refname)%00%(objectname)%00%(*objectname) [4ms]
2025-08-29 17:38:33.501 [info] > git config --get commit.template [3ms]
2025-08-29 17:38:33.511 [info] > git for-each-ref --format=%(refname)%00%(upstream:short)%00%(objectname)%00%(upstream:track)%00%(upstream:remotename)%00%(upstream:remoteref) refs/heads/main refs/remotes/main [3ms]
2025-08-29 17:38:33.530 [info] > git status -z -uall [11ms]
2025-08-29 17:38:33.532 [info] > git for-each-ref --sort -committerdate --format %(refname)%00%(objectname)%00%(*objectname) [4ms]
2025-08-29 17:38:40.994 [info] > git show --textconv :index.js [11ms]
2025-08-29 17:38:40.996 [info] > git ls-files --stage -- index.js [6ms]
2025-08-29 17:38:41.007 [info] > git cat-file -s c09ead6273f930fa8cd9755657a7d7d4575b9342 [4ms]
2025-08-29 17:52:37.195 [info] > git config --get commit.template [9ms]
2025-08-29 17:52:37.197 [info] > git for-each-ref --format=%(refname)%00%(upstream:short)%00%(objectname)%00%(upstream:track)%00%(upstream:remotename)%00%(upstream:remoteref) refs/heads/main refs/remotes/main [3ms]
2025-08-29 17:52:37.213 [info] > git status -z -uall [9ms]
2025-08-29 17:52:37.215 [info] > git for-each-ref --sort -committerdate --format %(refname)%00%(objectname)%00%(*objectname) [3ms]
2025-08-29 17:52:42.232 [info] > git config --get commit.template [7ms]
2025-08-29 17:52:42.234 [info] > git for-each-ref --format=%(refname)%00%(upstream:short)%00%(objectname)%00%(upstream:track)%00%(upstream:remotename)%00%(upstream:remoteref) refs/heads/main refs/remotes/main [3ms]
2025-08-29 17:52:42.248 [info] > git status -z -uall [8ms]
2025-08-29 17:52:42.250 [info] > git for-each-ref --sort -committerdate --format %(refname)%00%(objectname)%00%(*objectname) [3ms]
2025-08-29 17:53:08.049 [info] > git show --textconv :index.test.js [10ms]
2025-08-29 17:53:08.061 [info] > git ls-files --stage -- index.test.js [14ms]
2025-08-29 17:53:08.072 [info] > git hash-object -t tree /dev/null [15ms]
2025-08-29 17:53:08.073 [warning] [GitFileSystemProvider][readFile] File not found - git:/home/tolubada1/Drive-Health-ETL/index.test.js.git?%7B%22path%22%3A%22%2Fhome%2Ftolubada1%2FDrive-Health-ETL%2Findex.test.js%22%2C%22ref%22%3A%22%22%7D
2025-08-29 17:53:08.084 [info] > git hash-object -t tree /dev/null [13ms]
2025-08-29 17:53:08.084 [warning] [GitFileSystemProvider][stat] File not found - git:/home/tolubada1/Drive-Health-ETL/index.test.js.git?%7B%22path%22%3A%22%2Fhome%2Ftolubada1%2FDrive-Health-ETL%2Findex.test.js%22%2C%22ref%22%3A%22%22%7D
2025-08-29 17:53:08.242 [info] > git check-ignore -v -z --stdin [3ms]
2025-08-29 17:53:08.747 [info] > git config --get commit.template [7ms]
2025-08-29 17:53:08.748 [info] > git for-each-ref --format=%(refname)%00%(upstream:short)%00%(objectname)%00%(upstream:track)%00%(upstream:remotename)%00%(upstream:remoteref) refs/heads/main refs/remotes/main [2ms]
2025-08-29 17:53:08.763 [info] > git status -z -uall [9ms]
2025-08-29 17:53:08.764 [info] > git for-each-ref --sort -committerdate --format %(refname)%00%(objectname)%00%(*objectname) [2ms]
2025-08-29 17:53:19.455 [info] > git config --get commit.template [3ms]
2025-08-29 17:53:19.463 [info] > git for-each-ref --format=%(refname)%00%(upstream:short)%00%(objectname)%00%(upstream:track)%00%(upstream:remotename)%00%(upstream:remoteref) refs/heads/main refs/remotes/main [2ms]
2025-08-29 17:53:19.477 [info] > git status -z -uall [8ms]
2025-08-29 17:53:19.478 [info] > git for-each-ref --sort -committerdate --format %(refname)%00%(objectname)%00%(*objectname) [3ms]
2025-08-29 17:57:15.487 [info] > git show --textconv :index.js [8ms]
2025-08-29 17:57:15.488 [info] > git ls-files --stage -- index.js [2ms]
2025-08-29 17:57:15.499 [info] > git cat-file -s c09ead6273f930fa8cd9755657a7d7d4575b9342 [5ms]
2025-08-29 17:58:16.656 [info] > git config --get commit.template [9ms]
2025-08-29 17:58:16.658 [info] > git for-each-ref --format=%(refname)%00%(upstream:short)%00%(objectname)%00%(upstream:track)%00%(upstream:remotename)%00%(upstream:remoteref) refs/heads/main refs/remotes/main [3ms]
2025-08-29 17:58:16.674 [info] > git status -z -uall [7ms]
2025-08-29 17:58:16.678 [info] > git for-each-ref --sort -committerdate --format %(refname)%00%(objectname)%00%(*objectname) [5ms]
2025-08-29 17:59:56.112 [info] > git config --get commit.template [9ms]
2025-08-29 17:59:56.114 [info] > git for-each-ref --format=%(refname)%00%(upstream:short)%00%(objectname)%00%(upstream:track)%00%(upstream:remotename)%00%(upstream:remoteref) refs/heads/main refs/remotes/main [3ms]
2025-08-29 17:59:56.131 [info] > git status -z -uall [9ms]
2025-08-29 17:59:56.133 [info] > git for-each-ref --sort -committerdate --format %(refname)%00%(objectname)%00%(*objectname) [3ms]
2025-08-29 18:01:00.600 [info] > git config --get commit.template [8ms]
2025-08-29 18:01:00.602 [info] > git for-each-ref --format=%(refname)%00%(upstream:short)%00%(objectname)%00%(upstream:track)%00%(upstream:remotename)%00%(upstream:remoteref) refs/heads/main refs/remotes/main [3ms]
2025-08-29 18:01:00.620 [info] > git status -z -uall [10ms]
2025-08-29 18:01:00.621 [info] > git for-each-ref --sort -committerdate --format %(refname)%00%(objectname)%00%(*objectname) [4ms]
2025-08-29 18:01:01.089 [info] > git show --textconv :index.js [12ms]
2025-08-29 18:01:01.093 [info] > git ls-files --stage -- index.js [9ms]
2025-08-29 18:01:01.103 [info] > git cat-file -s c09ead6273f930fa8cd9755657a7d7d4575b9342 [3ms]
2025-08-29 18:01:05.641 [info] > git config --get commit.template [8ms]
2025-08-29 18:01:05.643 [info] > git for-each-ref --format=%(refname)%00%(upstream:short)%00%(objectname)%00%(upstream:track)%00%(upstream:remotename)%00%(upstream:remoteref) refs/heads/main refs/remotes/main [3ms]
2025-08-29 18:01:05.658 [info] > git status -z -uall [8ms]
2025-08-29 18:01:05.660 [info] > git for-each-ref --sort -committerdate --format %(refname)%00%(objectname)%00%(*objectname) [3ms]
2025-08-29 18:06:28.356 [info] > git config --get commit.template [10ms]
2025-08-29 18:06:28.359 [info] > git for-each-ref --format=%(refname)%00%(upstream:short)%00%(objectname)%00%(upstream:track)%00%(upstream:remotename)%00%(upstream:remoteref) refs/heads/main refs/remotes/main [4ms]
2025-08-29 18:06:28.378 [info] > git status -z -uall [9ms]
2025-08-29 18:06:28.380 [info] > git for-each-ref --sort -committerdate --format %(refname)%00%(objectname)%00%(*objectname) [3ms]
2025-08-29 18:06:33.401 [info] > git config --get commit.template [11ms]
2025-08-29 18:06:33.404 [info] > git for-each-ref --format=%(refname)%00%(upstream:short)%00%(objectname)%00%(upstream:track)%00%(upstream:remotename)%00%(upstream:remoteref) refs/heads/main refs/remotes/main [4ms]
2025-08-29 18:06:33.427 [info] > git status -z -uall [13ms]
2025-08-29 18:06:33.428 [info] > git for-each-ref --sort -committerdate --format %(refname)%00%(objectname)%00%(*objectname) [6ms]
2025-08-29 18:06:38.454 [info] > git config --get commit.template [10ms]
2025-08-29 18:06:38.456 [info] > git for-each-ref --format=%(refname)%00%(upstream:short)%00%(objectname)%00%(upstream:track)%00%(upstream:remotename)%00%(upstream:remoteref) refs/heads/main refs/remotes/main [3ms]
2025-08-29 18:06:38.476 [info] > git status -z -uall [10ms]
2025-08-29 18:06:38.479 [info] > git for-each-ref --sort -committerdate --format %(refname)%00%(objectname)%00%(*objectname) [5ms]
2025-08-29 18:06:43.501 [info] > git config --get commit.template [8ms]
2025-08-29 18:06:43.502 [info] > git for-each-ref --format=%(refname)%00%(upstream:short)%00%(objectname)%00%(upstream:track)%00%(upstream:remotename)%00%(upstream:remoteref) refs/heads/main refs/remotes/main [2ms]
2025-08-29 18:06:43.520 [info] > git status -z -uall [9ms]
2025-08-29 18:06:43.521 [info] > git for-each-ref --sort -committerdate --format %(refname)%00%(objectname)%00%(*objectname) [3ms]
2025-08-29 18:13:45.314 [info] > git config --get commit.template [3ms]
2025-08-29 18:13:45.323 [info] > git for-each-ref --format=%(refname)%00%(upstream:short)%00%(objectname)%00%(upstream:track)%00%(upstream:remotename)%00%(upstream:remoteref) refs/heads/main refs/remotes/main [2ms]
2025-08-29 18:13:45.340 [info] > git status -z -uall [9ms]
2025-08-29 18:13:45.341 [info] > git for-each-ref --sort -committerdate --format %(refname)%00%(objectname)%00%(*objectname) [2ms]
