2025-08-27 21:00:49.725 [info] [main] Log level: Info
2025-08-27 21:00:49.725 [info] [main] Validating found git in: "git"
2025-08-27 21:00:49.725 [info] [main] Using git "2.43.0" from "git"
2025-08-27 21:00:49.725 [info] [Model][doInitialScan] Initial repository scan started
2025-08-27 21:00:49.725 [info] > git rev-parse --show-toplevel [148ms]
2025-08-27 21:00:50.307 [info] > git rev-parse --git-dir --git-common-dir [130ms]
2025-08-27 21:00:50.330 [info] [Model][openRepository] Opened repository (path): /home/tolubada1
2025-08-27 21:00:50.330 [info] [Model][openRepository] Opened repository (real path): /home/tolubada1
2025-08-27 21:00:50.377 [info] > git config --get commit.template [34ms]
2025-08-27 21:00:50.381 [info] > git rev-parse --show-toplevel [19ms]
2025-08-27 21:00:50.412 [info] > git rev-parse --show-toplevel [6ms]
2025-08-27 21:00:50.428 [info] > git rev-parse --show-toplevel [5ms]
2025-08-27 21:00:50.429 [info] > git for-each-ref --format=%(refname)%00%(upstream:short)%00%(objectname)%00%(upstream:track)%00%(upstream:remotename)%00%(upstream:remoteref) refs/heads/main refs/remotes/main [36ms]
2025-08-27 21:00:53.739 [info] > git rev-parse --show-toplevel [3294ms]
2025-08-27 21:00:53.872 [info] > git check-ignore -v -z --stdin [155ms]
2025-08-27 21:00:53.874 [info] > git rev-parse --show-toplevel [126ms]
2025-08-27 21:00:53.889 [info] > git for-each-ref --sort -committerdate --format %(refname)%00%(objectname)%00%(*objectname) [26ms]
2025-08-27 21:00:53.903 [info] > git rev-parse --show-toplevel [21ms]
2025-08-27 21:00:53.925 [info] > git rev-parse --show-toplevel [8ms]
2025-08-27 21:00:53.940 [info] > git status -z -uall [86ms]
2025-08-27 21:00:53.941 [info] > git rev-parse --show-toplevel [6ms]
2025-08-27 21:00:53.942 [info] [Model][doInitialScan] Initial repository scan completed - repositories (1), closed repositories (0), parent repositories (0), unsafe repositories (0)
2025-08-27 21:00:54.036 [info] > git show --textconv :index.js [83ms]
2025-08-27 21:00:54.037 [info] > git for-each-ref --format=%(refname)%00%(upstream:short)%00%(objectname)%00%(upstream:track)%00%(upstream:remotename)%00%(upstream:remoteref) refs/heads/main refs/remotes/main [23ms]
2025-08-27 21:00:54.049 [info] > git ls-files --stage -- index.js [85ms]
2025-08-27 21:00:54.066 [info] > git config --get --local branch.main.vscode-merge-base [18ms]
2025-08-27 21:00:54.066 [warning] [Git][config] git config failed: Failed to execute git
2025-08-27 21:00:54.080 [info] > git config --get commit.template [49ms]
2025-08-27 21:00:54.224 [info] > git reflog main --grep-reflog=branch: Created from *. [145ms]
2025-08-27 21:00:54.231 [info] > git cat-file -s 030aa2265b2e74b06a1a7de65dbc7be061b3301c [172ms]
2025-08-27 21:00:54.247 [info] > git for-each-ref --format=%(refname)%00%(upstream:short)%00%(objectname)%00%(upstream:track)%00%(upstream:remotename)%00%(upstream:remoteref) refs/heads/main refs/remotes/main [9ms]
2025-08-27 21:00:54.247 [info] > git symbolic-ref --short refs/remotes/origin/HEAD [17ms]
2025-08-27 21:00:54.247 [info] fatal: ref refs/remotes/origin/HEAD is not a symbolic ref
2025-08-27 21:00:54.247 [warning] [Repository][getDefaultBranch] Failed to get default branch details: Failed to execute git.
2025-08-27 21:00:54.285 [info] > git merge-base refs/heads/main refs/remotes/origin/main [28ms]
2025-08-27 21:00:54.311 [info] > git for-each-ref --sort -committerdate --format %(refname)%00%(objectname)%00%(*objectname) [4ms]
2025-08-27 21:00:54.312 [info] > git diff --name-status -z --diff-filter=ADMR 9b96c38749095e30a632976cf64150cc0eafec5a...refs/remotes/origin/main [20ms]
2025-08-27 21:00:54.321 [info] > git status -z -uall [21ms]
2025-08-27 21:00:54.491 [info] > git blame --root --incremental 9b96c38749095e30a632976cf64150cc0eafec5a -- index.js [3ms]
2025-08-27 21:01:00.443 [info] > git config --get commit.template [11ms]
2025-08-27 21:01:00.484 [info] > git for-each-ref --format=%(refname)%00%(upstream:short)%00%(objectname)%00%(upstream:track)%00%(upstream:remotename)%00%(upstream:remoteref) refs/heads/main refs/remotes/main [11ms]
2025-08-27 21:01:00.547 [info] > git for-each-ref --sort -committerdate --format %(refname)%00%(objectname)%00%(*objectname) [11ms]
2025-08-27 21:01:00.571 [info] > git status -z -uall [56ms]
2025-08-27 21:01:01.684 [info] > git check-ignore -v -z --stdin [4ms]
2025-08-27 21:01:05.609 [info] > git config --get commit.template [13ms]
2025-08-27 21:01:05.609 [info] > git for-each-ref --format=%(refname)%00%(upstream:short)%00%(objectname)%00%(upstream:track)%00%(upstream:remotename)%00%(upstream:remoteref) refs/heads/main refs/remotes/main [2ms]
2025-08-27 21:01:05.637 [info] > git for-each-ref --sort -committerdate --format %(refname)%00%(objectname)%00%(*objectname) [3ms]
2025-08-27 21:01:05.644 [info] > git status -z -uall [24ms]
2025-08-27 21:01:13.019 [info] > git config --get commit.template [5ms]
2025-08-27 21:01:13.029 [info] > git for-each-ref --format=%(refname)%00%(upstream:short)%00%(objectname)%00%(upstream:track)%00%(upstream:remotename)%00%(upstream:remoteref) refs/heads/main refs/remotes/main [2ms]
2025-08-27 21:01:13.044 [info] > git for-each-ref --sort -committerdate --format %(refname)%00%(objectname)%00%(*objectname) [2ms]
2025-08-27 21:01:13.054 [info] > git status -z -uall [18ms]
2025-08-27 21:01:37.772 [info] > git ls-files --stage -- package.json [2ms]
2025-08-27 21:01:37.798 [info] > git show --textconv :package.json [34ms]
2025-08-27 21:01:37.798 [info] > git cat-file -s fff115d40e680c3e6c0792b1ce28d8847ed616bb [19ms]
2025-08-27 21:01:37.842 [info] > git blame --root --incremental 9b96c38749095e30a632976cf64150cc0eafec5a -- package.json [3ms]
2025-08-27 21:02:04.539 [info] > git show --textconv :index.js [7ms]
2025-08-27 21:02:04.541 [info] > git ls-files --stage -- index.js [2ms]
2025-08-27 21:02:04.549 [info] > git cat-file -s 030aa2265b2e74b06a1a7de65dbc7be061b3301c [2ms]
2025-08-27 21:06:21.372 [info] > git config --get commit.template [7ms]
2025-08-27 21:06:21.373 [info] > git for-each-ref --format=%(refname)%00%(upstream:short)%00%(objectname)%00%(upstream:track)%00%(upstream:remotename)%00%(upstream:remoteref) refs/heads/main refs/remotes/main [2ms]
2025-08-27 21:06:21.387 [info] > git for-each-ref --sort -committerdate --format %(refname)%00%(objectname)%00%(*objectname) [2ms]
2025-08-27 21:06:21.398 [info] > git status -z -uall [19ms]
2025-08-27 21:06:28.787 [info] > git config --get commit.template [7ms]
2025-08-27 21:06:28.788 [info] > git for-each-ref --format=%(refname)%00%(upstream:short)%00%(objectname)%00%(upstream:track)%00%(upstream:remotename)%00%(upstream:remoteref) refs/heads/main refs/remotes/main [3ms]
2025-08-27 21:06:28.804 [info] > git for-each-ref --sort -committerdate --format %(refname)%00%(objectname)%00%(*objectname) [1ms]
2025-08-27 21:06:28.819 [info] > git status -z -uall [25ms]
