2025-08-28 19:32:23.595 [info] [main] Log level: Info
2025-08-28 19:32:23.595 [info] [main] Validating found git in: "git"
2025-08-28 19:32:23.595 [info] [main] Using git "2.43.0" from "git"
2025-08-28 19:32:23.595 [info] [Model][doInitialScan] Initial repository scan started
2025-08-28 19:32:23.595 [info] > git rev-parse --show-toplevel [120ms]
2025-08-28 19:32:23.595 [info] fatal: not a git repository (or any parent up to mount point /)
Stopping at filesystem boundary (GIT_DISCOVERY_ACROSS_FILESYSTEM not set).
2025-08-28 19:32:23.595 [info] > git rev-parse --show-toplevel [45ms]
2025-08-28 19:32:23.595 [info] > git rev-parse --git-dir --git-common-dir [13ms]
2025-08-28 19:32:23.595 [info] [Model][openRepository] Opened repository (path): /home/tolubada1/Drive-Health-ETL
2025-08-28 19:32:23.595 [info] [Model][openRepository] Opened repository (real path): /home/tolubada1/Drive-Health-ETL
2025-08-28 19:32:23.635 [info] > git config --get commit.template [30ms]
2025-08-28 19:32:23.660 [info] > git rev-parse --show-toplevel [17ms]
2025-08-28 19:32:23.660 [info] fatal: not a git repository (or any parent up to mount point /)
Stopping at filesystem boundary (GIT_DISCOVERY_ACROSS_FILESYSTEM not set).
2025-08-28 19:32:23.669 [info] > git rev-parse --show-toplevel [2ms]
2025-08-28 19:32:23.670 [info] fatal: not a git repository (or any parent up to mount point /)
Stopping at filesystem boundary (GIT_DISCOVERY_ACROSS_FILESYSTEM not set).
2025-08-28 19:32:23.678 [info] > git rev-parse --show-toplevel [2ms]
2025-08-28 19:32:23.678 [info] fatal: not a git repository (or any parent up to mount point /)
Stopping at filesystem boundary (GIT_DISCOVERY_ACROSS_FILESYSTEM not set).
2025-08-28 19:32:23.687 [info] > git rev-parse --show-toplevel [1ms]
2025-08-28 19:32:23.687 [info] fatal: not a git repository (or any parent up to mount point /)
Stopping at filesystem boundary (GIT_DISCOVERY_ACROSS_FILESYSTEM not set).
2025-08-28 19:32:23.702 [info] > git rev-parse --show-toplevel [1ms]
2025-08-28 19:32:23.702 [info] fatal: not a git repository (or any parent up to mount point /)
Stopping at filesystem boundary (GIT_DISCOVERY_ACROSS_FILESYSTEM not set).
2025-08-28 19:32:23.719 [info] > git for-each-ref --format=%(refname)%00%(upstream:short)%00%(objectname)%00%(upstream:track)%00%(upstream:remotename)%00%(upstream:remoteref) refs/heads/main refs/remotes/main [62ms]
2025-08-28 19:32:23.721 [info] > git rev-parse --show-toplevel [4ms]
2025-08-28 19:32:23.721 [info] fatal: not a git repository (or any parent up to mount point /)
Stopping at filesystem boundary (GIT_DISCOVERY_ACROSS_FILESYSTEM not set).
2025-08-28 19:32:23.731 [info] > git rev-parse --show-toplevel [4ms]
2025-08-28 19:32:23.731 [info] fatal: not a git repository (or any parent up to mount point /)
Stopping at filesystem boundary (GIT_DISCOVERY_ACROSS_FILESYSTEM not set).
2025-08-28 19:32:23.732 [info] [Model][doInitialScan] Initial repository scan completed - repositories (1), closed repositories (0), parent repositories (0), unsafe repositories (0)
2025-08-28 19:32:23.763 [info] > git status -z -uall [16ms]
2025-08-28 19:32:23.771 [info] > git for-each-ref --sort -committerdate --format %(refname)%00%(objectname)%00%(*objectname) [10ms]
2025-08-28 19:32:23.848 [info] > git for-each-ref --format=%(refname)%00%(upstream:short)%00%(objectname)%00%(upstream:track)%00%(upstream:remotename)%00%(upstream:remoteref) refs/heads/main refs/remotes/main [14ms]
2025-08-28 19:32:23.878 [info] > git config --get --local branch.main.vscode-merge-base [14ms]
2025-08-28 19:32:23.879 [warning] [Git][config] git config failed: Failed to execute git
2025-08-28 19:32:23.949 [info] > git config --get commit.template [73ms]
2025-08-28 19:32:23.961 [info] > git reflog main --grep-reflog=branch: Created from *. [73ms]
2025-08-28 19:32:23.975 [info] > git symbolic-ref --short refs/remotes/origin/HEAD [7ms]
2025-08-28 19:32:23.975 [info] fatal: ref refs/remotes/origin/HEAD is not a symbolic ref
2025-08-28 19:32:23.976 [warning] [Repository][getDefaultBranch] Failed to get default branch details: Failed to execute git.
2025-08-28 19:32:23.989 [info] > git for-each-ref --format=%(refname)%00%(upstream:short)%00%(objectname)%00%(upstream:track)%00%(upstream:remotename)%00%(upstream:remoteref) refs/heads/main refs/remotes/main [15ms]
2025-08-28 19:32:23.990 [info] > git merge-base refs/heads/main refs/remotes/origin/main [6ms]
2025-08-28 19:32:24.021 [info] > git status -z -uall [12ms]
2025-08-28 19:32:24.022 [info] > git diff --name-status -z --diff-filter=ADMR f080eab4971560976b27dfdd4f1aa00e526ba853...refs/remotes/origin/main [22ms]
2025-08-28 19:32:24.023 [info] > git for-each-ref --sort -committerdate --format %(refname)%00%(objectname)%00%(*objectname) [7ms]
2025-08-28 19:32:24.158 [info] > git check-ignore -v -z --stdin [2ms]
2025-08-28 19:32:24.911 [info] > git show --textconv :index.js [7ms]
2025-08-28 19:32:24.912 [info] > git ls-files --stage -- index.js [3ms]
2025-08-28 19:32:24.919 [info] > git cat-file -s a60b875d4cb7e0e143147c232797bd625a0dc721 [2ms]
2025-08-28 19:32:25.023 [info] > git blame --root --incremental f080eab4971560976b27dfdd4f1aa00e526ba853 -- index.js [8ms]
2025-08-28 19:34:01.786 [info] > git check-ignore -v -z --stdin [2ms]
2025-08-28 19:36:57.160 [info] > git ls-files --stage -- package-lock.json [2ms]
2025-08-28 19:36:57.171 [info] > git cat-file -s c4c2d8f161aa87c9ceff3db49fe1d4d8d5ed1693 [4ms]
2025-08-28 19:36:57.175 [info] > git show --textconv :package-lock.json [26ms]
2025-08-28 19:36:58.017 [info] > git ls-files --stage -- package.json [3ms]
2025-08-28 19:36:58.065 [info] > git show --textconv :package.json [55ms]
2025-08-28 19:36:58.065 [info] > git cat-file -s fff115d40e680c3e6c0792b1ce28d8847ed616bb [44ms]
2025-08-28 19:36:58.559 [info] > git blame --root --incremental f080eab4971560976b27dfdd4f1aa00e526ba853 -- package.json [52ms]
2025-08-28 19:37:02.851 [info] > git config --get commit.template [6ms]
2025-08-28 19:37:02.851 [info] > git for-each-ref --format=%(refname)%00%(upstream:short)%00%(objectname)%00%(upstream:track)%00%(upstream:remotename)%00%(upstream:remoteref) refs/heads/main refs/remotes/main [2ms]
2025-08-28 19:37:02.865 [info] > git status -z -uall [8ms]
2025-08-28 19:37:02.867 [info] > git for-each-ref --sort -committerdate --format %(refname)%00%(objectname)%00%(*objectname) [4ms]
2025-08-28 19:37:07.888 [info] > git config --get commit.template [6ms]
2025-08-28 19:37:07.889 [info] > git for-each-ref --format=%(refname)%00%(upstream:short)%00%(objectname)%00%(upstream:track)%00%(upstream:remotename)%00%(upstream:remoteref) refs/heads/main refs/remotes/main [3ms]
2025-08-28 19:37:07.900 [info] > git status -z -uall [6ms]
2025-08-28 19:37:07.901 [info] > git for-each-ref --sort -committerdate --format %(refname)%00%(objectname)%00%(*objectname) [2ms]
2025-08-28 19:37:29.997 [info] > git config --get commit.template [6ms]
2025-08-28 19:37:29.998 [info] > git for-each-ref --format=%(refname)%00%(upstream:short)%00%(objectname)%00%(upstream:track)%00%(upstream:remotename)%00%(upstream:remoteref) refs/heads/main refs/remotes/main [2ms]
2025-08-28 19:37:30.010 [info] > git status -z -uall [6ms]
2025-08-28 19:37:30.011 [info] > git for-each-ref --sort -committerdate --format %(refname)%00%(objectname)%00%(*objectname) [2ms]
2025-08-28 19:37:31.032 [info] > git show --textconv :index.js [7ms]
2025-08-28 19:37:31.033 [info] > git ls-files --stage -- index.js [2ms]
2025-08-28 19:37:31.040 [info] > git cat-file -s a60b875d4cb7e0e143147c232797bd625a0dc721 [2ms]
2025-08-28 19:37:35.833 [info] > git config --get commit.template [7ms]
2025-08-28 19:37:35.834 [info] > git for-each-ref --format=%(refname)%00%(upstream:short)%00%(objectname)%00%(upstream:track)%00%(upstream:remotename)%00%(upstream:remoteref) refs/heads/main refs/remotes/main [2ms]
2025-08-28 19:37:35.847 [info] > git status -z -uall [6ms]
2025-08-28 19:37:35.848 [info] > git for-each-ref --sort -committerdate --format %(refname)%00%(objectname)%00%(*objectname) [2ms]
2025-08-28 19:38:03.091 [info] > git config --get commit.template [6ms]
2025-08-28 19:38:03.092 [info] > git for-each-ref --format=%(refname)%00%(upstream:short)%00%(objectname)%00%(upstream:track)%00%(upstream:remotename)%00%(upstream:remoteref) refs/heads/main refs/remotes/main [2ms]
2025-08-28 19:38:03.105 [info] > git status -z -uall [7ms]
2025-08-28 19:38:03.107 [info] > git for-each-ref --sort -committerdate --format %(refname)%00%(objectname)%00%(*objectname) [3ms]
2025-08-28 19:38:08.122 [info] > git config --get commit.template [6ms]
2025-08-28 19:38:08.123 [info] > git for-each-ref --format=%(refname)%00%(upstream:short)%00%(objectname)%00%(upstream:track)%00%(upstream:remotename)%00%(upstream:remoteref) refs/heads/main refs/remotes/main [2ms]
2025-08-28 19:38:08.137 [info] > git status -z -uall [6ms]
2025-08-28 19:38:08.138 [info] > git for-each-ref --sort -committerdate --format %(refname)%00%(objectname)%00%(*objectname) [3ms]
2025-08-28 19:38:17.667 [info] > git config --get commit.template [5ms]
2025-08-28 19:38:17.668 [info] > git for-each-ref --format=%(refname)%00%(upstream:short)%00%(objectname)%00%(upstream:track)%00%(upstream:remotename)%00%(upstream:remoteref) refs/heads/main refs/remotes/main [2ms]
2025-08-28 19:38:17.679 [info] > git status -z -uall [6ms]
2025-08-28 19:38:17.680 [info] > git for-each-ref --sort -committerdate --format %(refname)%00%(objectname)%00%(*objectname) [2ms]
2025-08-28 20:25:05.544 [info] > git show --textconv :package.json [6ms]
2025-08-28 20:25:05.545 [info] > git ls-files --stage -- package.json [2ms]
2025-08-28 20:25:05.552 [info] > git cat-file -s fff115d40e680c3e6c0792b1ce28d8847ed616bb [2ms]
2025-08-28 20:25:11.413 [info] > git config --get commit.template [3ms]
2025-08-28 20:25:11.420 [info] > git for-each-ref --format=%(refname)%00%(upstream:short)%00%(objectname)%00%(upstream:track)%00%(upstream:remotename)%00%(upstream:remoteref) refs/heads/main refs/remotes/main [2ms]
2025-08-28 20:25:11.433 [info] > git status -z -uall [7ms]
2025-08-28 20:25:11.434 [info] > git for-each-ref --sort -committerdate --format %(refname)%00%(objectname)%00%(*objectname) [2ms]
2025-08-28 20:25:14.463 [info] > git show --textconv :index.js [9ms]
2025-08-28 20:25:14.465 [info] > git ls-files --stage -- index.js [5ms]
2025-08-28 20:25:14.472 [info] > git cat-file -s a60b875d4cb7e0e143147c232797bd625a0dc721 [2ms]
2025-08-28 20:25:16.450 [info] > git config --get commit.template [5ms]
2025-08-28 20:25:16.452 [info] > git for-each-ref --format=%(refname)%00%(upstream:short)%00%(objectname)%00%(upstream:track)%00%(upstream:remotename)%00%(upstream:remoteref) refs/heads/main refs/remotes/main [2ms]
2025-08-28 20:25:16.466 [info] > git status -z -uall [6ms]
2025-08-28 20:25:16.467 [info] > git for-each-ref --sort -committerdate --format %(refname)%00%(objectname)%00%(*objectname) [2ms]
2025-08-28 20:27:16.398 [info] > git for-each-ref --format=%(refname)%00%(upstream:short)%00%(objectname)%00%(upstream:track)%00%(upstream:remotename)%00%(upstream:remoteref) refs/heads/main refs/remotes/main [3ms]
2025-08-28 20:27:16.399 [info] > git config --get commit.template [8ms]
2025-08-28 20:27:16.411 [info] > git status -z -uall [6ms]
2025-08-28 20:27:16.412 [info] > git for-each-ref --sort -committerdate --format %(refname)%00%(objectname)%00%(*objectname) [3ms]
2025-08-28 20:27:47.143 [info] > git config --get commit.template [6ms]
2025-08-28 20:27:47.144 [info] > git for-each-ref --format=%(refname)%00%(upstream:short)%00%(objectname)%00%(upstream:track)%00%(upstream:remotename)%00%(upstream:remoteref) refs/heads/main refs/remotes/main [2ms]
2025-08-28 20:27:47.156 [info] > git status -z -uall [7ms]
2025-08-28 20:27:47.157 [info] > git for-each-ref --sort -committerdate --format %(refname)%00%(objectname)%00%(*objectname) [2ms]
2025-08-28 20:29:37.799 [info] > git config --get commit.template [6ms]
2025-08-28 20:29:37.800 [info] > git for-each-ref --format=%(refname)%00%(upstream:short)%00%(objectname)%00%(upstream:track)%00%(upstream:remotename)%00%(upstream:remoteref) refs/heads/main refs/remotes/main [2ms]
2025-08-28 20:29:37.815 [info] > git status -z -uall [9ms]
2025-08-28 20:29:37.816 [info] > git for-each-ref --sort -committerdate --format %(refname)%00%(objectname)%00%(*objectname) [4ms]
2025-08-28 20:35:23.907 [info] > git config --get commit.template [2ms]
2025-08-28 20:35:23.914 [info] > git for-each-ref --format=%(refname)%00%(upstream:short)%00%(objectname)%00%(upstream:track)%00%(upstream:remotename)%00%(upstream:remoteref) refs/heads/main refs/remotes/main [2ms]
2025-08-28 20:35:23.926 [info] > git status -z -uall [6ms]
2025-08-28 20:35:23.933 [info] > git for-each-ref --sort -committerdate --format %(refname)%00%(objectname)%00%(*objectname) [8ms]
2025-08-28 20:35:23.951 [info] > git blame --root --incremental 83b6606a8301c5020ac2d213d8a88617738ecbc9 -- index.js [7ms]
2025-08-28 20:35:23.953 [info] > git ls-files --stage -- index.js [21ms]
2025-08-28 20:35:23.959 [info] > git merge-base refs/heads/main refs/remotes/origin/main [9ms]
2025-08-28 20:35:23.965 [info] > git cat-file -s c09ead6273f930fa8cd9755657a7d7d4575b9342 [8ms]
2025-08-28 20:35:23.966 [info] > git diff --name-status -z --diff-filter=ADMR 83b6606a8301c5020ac2d213d8a88617738ecbc9...refs/remotes/origin/main [2ms]
2025-08-28 20:35:23.999 [info] > git show --textconv :index.js [3ms]
2025-08-28 20:37:39.255 [info] > git config --get commit.template [6ms]
2025-08-28 20:37:39.256 [info] > git for-each-ref --format=%(refname)%00%(upstream:short)%00%(objectname)%00%(upstream:track)%00%(upstream:remotename)%00%(upstream:remoteref) refs/heads/main refs/remotes/main [2ms]
2025-08-28 20:37:39.269 [info] > git status -z -uall [6ms]
2025-08-28 20:37:39.270 [info] > git for-each-ref --sort -committerdate --format %(refname)%00%(objectname)%00%(*objectname) [2ms]
2025-08-28 20:38:04.394 [info] > git config --get commit.template [3ms]
2025-08-28 20:38:04.401 [info] > git for-each-ref --format=%(refname)%00%(upstream:short)%00%(objectname)%00%(upstream:track)%00%(upstream:remotename)%00%(upstream:remoteref) refs/heads/main refs/remotes/main [2ms]
2025-08-28 20:38:04.413 [info] > git status -z -uall [6ms]
2025-08-28 20:38:04.414 [info] > git for-each-ref --sort -committerdate --format %(refname)%00%(objectname)%00%(*objectname) [2ms]
